<?xml version="1.0" encoding="UTF-8"?>
<coverage generated="1767122324">
  <project timestamp="1767122324" name="Clover Coverage">
    <file name="C:\Users\Nadali\Documents\GitHub\negarify-backend\app\Contracts\OtpSender.php">
      <metrics loc="24" ncloc="10" classes="0" methods="0" coveredmethods="0" conditionals="0" coveredconditionals="0" statements="0" coveredstatements="0" elements="0" coveredelements="0"/>
    </file>
    <package name="App\Http\Controllers\Api">
      <file name="C:\Users\Nadali\Documents\GitHub\negarify-backend\app\Http\Controllers\Api\AuthController.php">
        <class name="App\Http\Controllers\Api\AuthController" namespace="App\Http\Controllers\Api">
          <metrics complexity="26" methods="8" coveredmethods="0" conditionals="0" coveredconditionals="0" statements="191" coveredstatements="0" elements="199" coveredelements="0"/>
        </class>
        <line num="20" type="method" name="__construct" visibility="public" complexity="1" crap="2" count="0"/>
        <line num="22" type="stmt" count="0"/>
        <line num="28" type="method" name="requestOtp" visibility="public" complexity="5" crap="30" count="0"/>
        <line num="30" type="stmt" count="0"/>
        <line num="31" type="stmt" count="0"/>
        <line num="32" type="stmt" count="0"/>
        <line num="34" type="stmt" count="0"/>
        <line num="35" type="stmt" count="0"/>
        <line num="36" type="stmt" count="0"/>
        <line num="37" type="stmt" count="0"/>
        <line num="38" type="stmt" count="0"/>
        <line num="39" type="stmt" count="0"/>
        <line num="42" type="stmt" count="0"/>
        <line num="43" type="stmt" count="0"/>
        <line num="46" type="stmt" count="0"/>
        <line num="47" type="stmt" count="0"/>
        <line num="48" type="stmt" count="0"/>
        <line num="49" type="stmt" count="0"/>
        <line num="50" type="stmt" count="0"/>
        <line num="51" type="stmt" count="0"/>
        <line num="55" type="stmt" count="0"/>
        <line num="56" type="stmt" count="0"/>
        <line num="57" type="stmt" count="0"/>
        <line num="58" type="stmt" count="0"/>
        <line num="59" type="stmt" count="0"/>
        <line num="61" type="stmt" count="0"/>
        <line num="62" type="stmt" count="0"/>
        <line num="63" type="stmt" count="0"/>
        <line num="64" type="stmt" count="0"/>
        <line num="65" type="stmt" count="0"/>
        <line num="66" type="stmt" count="0"/>
        <line num="70" type="stmt" count="0"/>
        <line num="73" type="stmt" count="0"/>
        <line num="75" type="stmt" count="0"/>
        <line num="76" type="stmt" count="0"/>
        <line num="77" type="stmt" count="0"/>
        <line num="78" type="stmt" count="0"/>
        <line num="79" type="stmt" count="0"/>
        <line num="80" type="stmt" count="0"/>
        <line num="84" type="stmt" count="0"/>
        <line num="86" type="stmt" count="0"/>
        <line num="87" type="stmt" count="0"/>
        <line num="88" type="stmt" count="0"/>
        <line num="89" type="stmt" count="0"/>
        <line num="90" type="stmt" count="0"/>
        <line num="91" type="stmt" count="0"/>
        <line num="92" type="stmt" count="0"/>
        <line num="93" type="stmt" count="0"/>
        <line num="99" type="method" name="verifyOtp" visibility="public" complexity="8" crap="72" count="0"/>
        <line num="101" type="stmt" count="0"/>
        <line num="102" type="stmt" count="0"/>
        <line num="103" type="stmt" count="0"/>
        <line num="104" type="stmt" count="0"/>
        <line num="106" type="stmt" count="0"/>
        <line num="107" type="stmt" count="0"/>
        <line num="108" type="stmt" count="0"/>
        <line num="109" type="stmt" count="0"/>
        <line num="110" type="stmt" count="0"/>
        <line num="111" type="stmt" count="0"/>
        <line num="114" type="stmt" count="0"/>
        <line num="116" type="stmt" count="0"/>
        <line num="117" type="stmt" count="0"/>
        <line num="118" type="stmt" count="0"/>
        <line num="119" type="stmt" count="0"/>
        <line num="120" type="stmt" count="0"/>
        <line num="123" type="stmt" count="0"/>
        <line num="124" type="stmt" count="0"/>
        <line num="125" type="stmt" count="0"/>
        <line num="126" type="stmt" count="0"/>
        <line num="127" type="stmt" count="0"/>
        <line num="130" type="stmt" count="0"/>
        <line num="131" type="stmt" count="0"/>
        <line num="132" type="stmt" count="0"/>
        <line num="133" type="stmt" count="0"/>
        <line num="134" type="stmt" count="0"/>
        <line num="137" type="stmt" count="0"/>
        <line num="138" type="stmt" count="0"/>
        <line num="139" type="stmt" count="0"/>
        <line num="140" type="stmt" count="0"/>
        <line num="141" type="stmt" count="0"/>
        <line num="145" type="stmt" count="0"/>
        <line num="146" type="stmt" count="0"/>
        <line num="147" type="stmt" count="0"/>
        <line num="148" type="stmt" count="0"/>
        <line num="149" type="stmt" count="0"/>
        <line num="150" type="stmt" count="0"/>
        <line num="154" type="stmt" count="0"/>
        <line num="155" type="stmt" count="0"/>
        <line num="156" type="stmt" count="0"/>
        <line num="157" type="stmt" count="0"/>
        <line num="158" type="stmt" count="0"/>
        <line num="159" type="stmt" count="0"/>
        <line num="160" type="stmt" count="0"/>
        <line num="161" type="stmt" count="0"/>
        <line num="162" type="stmt" count="0"/>
        <line num="165" type="stmt" count="0"/>
        <line num="166" type="stmt" count="0"/>
        <line num="167" type="stmt" count="0"/>
        <line num="168" type="stmt" count="0"/>
        <line num="169" type="stmt" count="0"/>
        <line num="173" type="stmt" count="0"/>
        <line num="175" type="stmt" count="0"/>
        <line num="176" type="stmt" count="0"/>
        <line num="177" type="stmt" count="0"/>
        <line num="178" type="stmt" count="0"/>
        <line num="179" type="stmt" count="0"/>
        <line num="180" type="stmt" count="0"/>
        <line num="181" type="stmt" count="0"/>
        <line num="182" type="stmt" count="0"/>
        <line num="183" type="stmt" count="0"/>
        <line num="184" type="stmt" count="0"/>
        <line num="185" type="stmt" count="0"/>
        <line num="186" type="stmt" count="0"/>
        <line num="187" type="stmt" count="0"/>
        <line num="188" type="stmt" count="0"/>
        <line num="189" type="stmt" count="0"/>
        <line num="190" type="stmt" count="0"/>
        <line num="191" type="stmt" count="0"/>
        <line num="192" type="stmt" count="0"/>
        <line num="198" type="method" name="resendOtp" visibility="public" complexity="6" crap="42" count="0"/>
        <line num="200" type="stmt" count="0"/>
        <line num="201" type="stmt" count="0"/>
        <line num="202" type="stmt" count="0"/>
        <line num="204" type="stmt" count="0"/>
        <line num="205" type="stmt" count="0"/>
        <line num="206" type="stmt" count="0"/>
        <line num="207" type="stmt" count="0"/>
        <line num="208" type="stmt" count="0"/>
        <line num="209" type="stmt" count="0"/>
        <line num="212" type="stmt" count="0"/>
        <line num="214" type="stmt" count="0"/>
        <line num="215" type="stmt" count="0"/>
        <line num="216" type="stmt" count="0"/>
        <line num="217" type="stmt" count="0"/>
        <line num="218" type="stmt" count="0"/>
        <line num="221" type="stmt" count="0"/>
        <line num="222" type="stmt" count="0"/>
        <line num="223" type="stmt" count="0"/>
        <line num="224" type="stmt" count="0"/>
        <line num="225" type="stmt" count="0"/>
        <line num="228" type="stmt" count="0"/>
        <line num="229" type="stmt" count="0"/>
        <line num="232" type="stmt" count="0"/>
        <line num="233" type="stmt" count="0"/>
        <line num="234" type="stmt" count="0"/>
        <line num="235" type="stmt" count="0"/>
        <line num="236" type="stmt" count="0"/>
        <line num="237" type="stmt" count="0"/>
        <line num="241" type="stmt" count="0"/>
        <line num="244" type="stmt" count="0"/>
        <line num="246" type="stmt" count="0"/>
        <line num="247" type="stmt" count="0"/>
        <line num="248" type="stmt" count="0"/>
        <line num="249" type="stmt" count="0"/>
        <line num="250" type="stmt" count="0"/>
        <line num="251" type="stmt" count="0"/>
        <line num="255" type="stmt" count="0"/>
        <line num="258" type="stmt" count="0"/>
        <line num="260" type="stmt" count="0"/>
        <line num="261" type="stmt" count="0"/>
        <line num="262" type="stmt" count="0"/>
        <line num="263" type="stmt" count="0"/>
        <line num="264" type="stmt" count="0"/>
        <line num="265" type="stmt" count="0"/>
        <line num="266" type="stmt" count="0"/>
        <line num="267" type="stmt" count="0"/>
        <line num="273" type="method" name="logout" visibility="public" complexity="1" crap="2" count="0"/>
        <line num="275" type="stmt" count="0"/>
        <line num="277" type="stmt" count="0"/>
        <line num="278" type="stmt" count="0"/>
        <line num="279" type="stmt" count="0"/>
        <line num="280" type="stmt" count="0"/>
        <line num="286" type="method" name="profile" visibility="public" complexity="1" crap="2" count="0"/>
        <line num="288" type="stmt" count="0"/>
        <line num="290" type="stmt" count="0"/>
        <line num="291" type="stmt" count="0"/>
        <line num="292" type="stmt" count="0"/>
        <line num="293" type="stmt" count="0"/>
        <line num="294" type="stmt" count="0"/>
        <line num="295" type="stmt" count="0"/>
        <line num="296" type="stmt" count="0"/>
        <line num="297" type="stmt" count="0"/>
        <line num="298" type="stmt" count="0"/>
        <line num="299" type="stmt" count="0"/>
        <line num="300" type="stmt" count="0"/>
        <line num="301" type="stmt" count="0"/>
        <line num="302" type="stmt" count="0"/>
        <line num="303" type="stmt" count="0"/>
        <line num="304" type="stmt" count="0"/>
        <line num="305" type="stmt" count="0"/>
        <line num="311" type="method" name="normalizePhone" visibility="private" complexity="3" crap="12" count="0"/>
        <line num="314" type="stmt" count="0"/>
        <line num="317" type="stmt" count="0"/>
        <line num="318" type="stmt" count="0"/>
        <line num="319" type="stmt" count="0"/>
        <line num="321" type="stmt" count="0"/>
        <line num="325" type="stmt" count="0"/>
        <line num="332" type="method" name="getOtpCode" visibility="private" complexity="1" crap="2" count="0"/>
        <line num="337" type="stmt" count="0"/>
        <metrics loc="340" ncloc="295" classes="1" methods="8" coveredmethods="0" conditionals="0" coveredconditionals="0" statements="191" coveredstatements="0" elements="199" coveredelements="0"/>
      </file>
      <file name="C:\Users\Nadali\Documents\GitHub\negarify-backend\app\Http\Controllers\Api\TokenController.php">
        <class name="App\Http\Controllers\Api\TokenController" namespace="App\Http\Controllers\Api">
          <metrics complexity="13" methods="6" coveredmethods="0" conditionals="0" coveredconditionals="0" statements="179" coveredstatements="0" elements="185" coveredelements="0"/>
        </class>
        <line num="18" type="method" name="getBundles" visibility="public" complexity="1" crap="2" count="0"/>
        <line num="20" type="stmt" count="0"/>
        <line num="21" type="stmt" count="0"/>
        <line num="22" type="stmt" count="0"/>
        <line num="23" type="stmt" count="0"/>
        <line num="24" type="stmt" count="0"/>
        <line num="25" type="stmt" count="0"/>
        <line num="26" type="stmt" count="0"/>
        <line num="27" type="stmt" count="0"/>
        <line num="28" type="stmt" count="0"/>
        <line num="29" type="stmt" count="0"/>
        <line num="30" type="stmt" count="0"/>
        <line num="31" type="stmt" count="0"/>
        <line num="32" type="stmt" count="0"/>
        <line num="33" type="stmt" count="0"/>
        <line num="34" type="stmt" count="0"/>
        <line num="35" type="stmt" count="0"/>
        <line num="37" type="stmt" count="0"/>
        <line num="38" type="stmt" count="0"/>
        <line num="39" type="stmt" count="0"/>
        <line num="40" type="stmt" count="0"/>
        <line num="46" type="method" name="purchase" visibility="public" complexity="3" crap="12" count="0"/>
        <line num="48" type="stmt" count="0"/>
        <line num="49" type="stmt" count="0"/>
        <line num="50" type="stmt" count="0"/>
        <line num="51" type="stmt" count="0"/>
        <line num="53" type="stmt" count="0"/>
        <line num="54" type="stmt" count="0"/>
        <line num="55" type="stmt" count="0"/>
        <line num="56" type="stmt" count="0"/>
        <line num="57" type="stmt" count="0"/>
        <line num="58" type="stmt" count="0"/>
        <line num="61" type="stmt" count="0"/>
        <line num="62" type="stmt" count="0"/>
        <line num="64" type="stmt" count="0"/>
        <line num="65" type="stmt" count="0"/>
        <line num="66" type="stmt" count="0"/>
        <line num="67" type="stmt" count="0"/>
        <line num="68" type="stmt" count="0"/>
        <line num="72" type="stmt" count="0"/>
        <line num="76" type="stmt" count="0"/>
        <line num="77" type="stmt" count="0"/>
        <line num="78" type="stmt" count="0"/>
        <line num="79" type="stmt" count="0"/>
        <line num="81" type="stmt" count="0"/>
        <line num="82" type="stmt" count="0"/>
        <line num="83" type="stmt" count="0"/>
        <line num="84" type="stmt" count="0"/>
        <line num="85" type="stmt" count="0"/>
        <line num="86" type="stmt" count="0"/>
        <line num="87" type="stmt" count="0"/>
        <line num="88" type="stmt" count="0"/>
        <line num="89" type="stmt" count="0"/>
        <line num="90" type="stmt" count="0"/>
        <line num="91" type="stmt" count="0"/>
        <line num="92" type="stmt" count="0"/>
        <line num="93" type="stmt" count="0"/>
        <line num="94" type="stmt" count="0"/>
        <line num="95" type="stmt" count="0"/>
        <line num="96" type="stmt" count="0"/>
        <line num="97" type="stmt" count="0"/>
        <line num="103" type="method" name="getHistory" visibility="public" complexity="1" crap="2" count="0"/>
        <line num="105" type="stmt" count="0"/>
        <line num="107" type="stmt" count="0"/>
        <line num="108" type="stmt" count="0"/>
        <line num="109" type="stmt" count="0"/>
        <line num="110" type="stmt" count="0"/>
        <line num="111" type="stmt" count="0"/>
        <line num="112" type="stmt" count="0"/>
        <line num="113" type="stmt" count="0"/>
        <line num="114" type="stmt" count="0"/>
        <line num="115" type="stmt" count="0"/>
        <line num="116" type="stmt" count="0"/>
        <line num="117" type="stmt" count="0"/>
        <line num="118" type="stmt" count="0"/>
        <line num="119" type="stmt" count="0"/>
        <line num="120" type="stmt" count="0"/>
        <line num="122" type="stmt" count="0"/>
        <line num="123" type="stmt" count="0"/>
        <line num="124" type="stmt" count="0"/>
        <line num="125" type="stmt" count="0"/>
        <line num="131" type="method" name="getBalance" visibility="public" complexity="1" crap="2" count="0"/>
        <line num="133" type="stmt" count="0"/>
        <line num="135" type="stmt" count="0"/>
        <line num="136" type="stmt" count="0"/>
        <line num="137" type="stmt" count="0"/>
        <line num="138" type="stmt" count="0"/>
        <line num="139" type="stmt" count="0"/>
        <line num="140" type="stmt" count="0"/>
        <line num="141" type="stmt" count="0"/>
        <line num="147" type="method" name="consume" visibility="public" complexity="4" crap="20" count="0"/>
        <line num="149" type="stmt" count="0"/>
        <line num="150" type="stmt" count="0"/>
        <line num="151" type="stmt" count="0"/>
        <line num="152" type="stmt" count="0"/>
        <line num="153" type="stmt" count="0"/>
        <line num="154" type="stmt" count="0"/>
        <line num="156" type="stmt" count="0"/>
        <line num="157" type="stmt" count="0"/>
        <line num="158" type="stmt" count="0"/>
        <line num="159" type="stmt" count="0"/>
        <line num="160" type="stmt" count="0"/>
        <line num="161" type="stmt" count="0"/>
        <line num="164" type="stmt" count="0"/>
        <line num="166" type="stmt" count="0"/>
        <line num="167" type="stmt" count="0"/>
        <line num="168" type="stmt" count="0"/>
        <line num="169" type="stmt" count="0"/>
        <line num="170" type="stmt" count="0"/>
        <line num="171" type="stmt" count="0"/>
        <line num="172" type="stmt" count="0"/>
        <line num="173" type="stmt" count="0"/>
        <line num="174" type="stmt" count="0"/>
        <line num="178" type="stmt" count="0"/>
        <line num="180" type="stmt" count="0"/>
        <line num="181" type="stmt" count="0"/>
        <line num="182" type="stmt" count="0"/>
        <line num="183" type="stmt" count="0"/>
        <line num="184" type="stmt" count="0"/>
        <line num="188" type="stmt" count="0"/>
        <line num="189" type="stmt" count="0"/>
        <line num="190" type="stmt" count="0"/>
        <line num="191" type="stmt" count="0"/>
        <line num="192" type="stmt" count="0"/>
        <line num="193" type="stmt" count="0"/>
        <line num="194" type="stmt" count="0"/>
        <line num="195" type="stmt" count="0"/>
        <line num="197" type="stmt" count="0"/>
        <line num="198" type="stmt" count="0"/>
        <line num="199" type="stmt" count="0"/>
        <line num="200" type="stmt" count="0"/>
        <line num="201" type="stmt" count="0"/>
        <line num="202" type="stmt" count="0"/>
        <line num="203" type="stmt" count="0"/>
        <line num="204" type="stmt" count="0"/>
        <line num="205" type="stmt" count="0"/>
        <line num="206" type="stmt" count="0"/>
        <line num="207" type="stmt" count="0"/>
        <line num="208" type="stmt" count="0"/>
        <line num="209" type="stmt" count="0"/>
        <line num="210" type="stmt" count="0"/>
        <line num="211" type="stmt" count="0"/>
        <line num="217" type="method" name="add" visibility="public" complexity="3" crap="12" count="0"/>
        <line num="219" type="stmt" count="0"/>
        <line num="220" type="stmt" count="0"/>
        <line num="221" type="stmt" count="0"/>
        <line num="222" type="stmt" count="0"/>
        <line num="223" type="stmt" count="0"/>
        <line num="224" type="stmt" count="0"/>
        <line num="226" type="stmt" count="0"/>
        <line num="227" type="stmt" count="0"/>
        <line num="228" type="stmt" count="0"/>
        <line num="229" type="stmt" count="0"/>
        <line num="230" type="stmt" count="0"/>
        <line num="231" type="stmt" count="0"/>
        <line num="234" type="stmt" count="0"/>
        <line num="237" type="stmt" count="0"/>
        <line num="239" type="stmt" count="0"/>
        <line num="240" type="stmt" count="0"/>
        <line num="241" type="stmt" count="0"/>
        <line num="242" type="stmt" count="0"/>
        <line num="243" type="stmt" count="0"/>
        <line num="247" type="stmt" count="0"/>
        <line num="248" type="stmt" count="0"/>
        <line num="249" type="stmt" count="0"/>
        <line num="250" type="stmt" count="0"/>
        <line num="251" type="stmt" count="0"/>
        <line num="252" type="stmt" count="0"/>
        <line num="253" type="stmt" count="0"/>
        <line num="254" type="stmt" count="0"/>
        <line num="256" type="stmt" count="0"/>
        <line num="257" type="stmt" count="0"/>
        <line num="258" type="stmt" count="0"/>
        <line num="259" type="stmt" count="0"/>
        <line num="260" type="stmt" count="0"/>
        <line num="261" type="stmt" count="0"/>
        <line num="262" type="stmt" count="0"/>
        <line num="263" type="stmt" count="0"/>
        <line num="264" type="stmt" count="0"/>
        <line num="265" type="stmt" count="0"/>
        <line num="266" type="stmt" count="0"/>
        <line num="267" type="stmt" count="0"/>
        <line num="268" type="stmt" count="0"/>
        <line num="269" type="stmt" count="0"/>
        <line num="270" type="stmt" count="0"/>
        <metrics loc="273" ncloc="248" classes="1" methods="6" coveredmethods="0" conditionals="0" coveredconditionals="0" statements="179" coveredstatements="0" elements="185" coveredelements="0"/>
      </file>
    </package>
    <package name="App\Http\Controllers\Api\V1">
      <file name="C:\Users\Nadali\Documents\GitHub\negarify-backend\app\Http\Controllers\Api\V1\AdminCostProfitController.php">
        <class name="App\Http\Controllers\Api\V1\AdminCostProfitController" namespace="App\Http\Controllers\Api\V1">
          <metrics complexity="16" methods="2" coveredmethods="0" conditionals="0" coveredconditionals="0" statements="175" coveredstatements="168" elements="177" coveredelements="168"/>
        </class>
        <line num="21" type="method" name="summary" visibility="public" complexity="8" crap="8" count="11"/>
        <line num="23" type="stmt" count="11"/>
        <line num="26" type="stmt" count="11"/>
        <line num="27" type="stmt" count="11"/>
        <line num="28" type="stmt" count="11"/>
        <line num="31" type="stmt" count="11"/>
        <line num="32" type="stmt" count="11"/>
        <line num="35" type="stmt" count="11"/>
        <line num="36" type="stmt" count="11"/>
        <line num="37" type="stmt" count="1"/>
        <line num="38" type="stmt" count="1"/>
        <line num="39" type="stmt" count="1"/>
        <line num="40" type="stmt" count="1"/>
        <line num="44" type="stmt" count="11"/>
        <line num="45" type="stmt" count="11"/>
        <line num="46" type="stmt" count="11"/>
        <line num="49" type="stmt" count="11"/>
        <line num="50" type="stmt" count="11"/>
        <line num="53" type="stmt" count="11"/>
        <line num="54" type="stmt" count="11"/>
        <line num="55" type="stmt" count="11"/>
        <line num="57" type="stmt" count="11"/>
        <line num="58" type="stmt" count="11"/>
        <line num="60" type="stmt" count="11"/>
        <line num="61" type="stmt" count="11"/>
        <line num="62" type="stmt" count="11"/>
        <line num="63" type="stmt" count="11"/>
        <line num="64" type="stmt" count="8"/>
        <line num="65" type="stmt" count="3"/>
        <line num="68" type="stmt" count="11"/>
        <line num="69" type="stmt" count="11"/>
        <line num="70" type="stmt" count="11"/>
        <line num="71" type="stmt" count="11"/>
        <line num="77" type="stmt" count="11"/>
        <line num="78" type="stmt" count="11"/>
        <line num="79" type="stmt" count="11"/>
        <line num="80" type="stmt" count="11"/>
        <line num="83" type="stmt" count="7"/>
        <line num="84" type="stmt" count="7"/>
        <line num="85" type="stmt" count="7"/>
        <line num="86" type="stmt" count="7"/>
        <line num="87" type="stmt" count="7"/>
        <line num="88" type="stmt" count="7"/>
        <line num="89" type="stmt" count="7"/>
        <line num="90" type="stmt" count="7"/>
        <line num="91" type="stmt" count="7"/>
        <line num="92" type="stmt" count="11"/>
        <line num="95" type="stmt" count="11"/>
        <line num="96" type="stmt" count="11"/>
        <line num="97" type="stmt" count="11"/>
        <line num="98" type="stmt" count="11"/>
        <line num="104" type="stmt" count="11"/>
        <line num="105" type="stmt" count="11"/>
        <line num="106" type="stmt" count="11"/>
        <line num="107" type="stmt" count="11"/>
        <line num="108" type="stmt" count="7"/>
        <line num="109" type="stmt" count="7"/>
        <line num="110" type="stmt" count="7"/>
        <line num="111" type="stmt" count="7"/>
        <line num="112" type="stmt" count="7"/>
        <line num="113" type="stmt" count="7"/>
        <line num="114" type="stmt" count="7"/>
        <line num="115" type="stmt" count="7"/>
        <line num="116" type="stmt" count="7"/>
        <line num="117" type="stmt" count="11"/>
        <line num="121" type="stmt" count="11"/>
        <line num="122" type="stmt" count="11"/>
        <line num="123" type="stmt" count="0"/>
        <line num="125" type="stmt" count="11"/>
        <line num="126" type="stmt" count="11"/>
        <line num="127" type="stmt" count="11"/>
        <line num="128" type="stmt" count="11"/>
        <line num="129" type="stmt" count="11"/>
        <line num="131" type="stmt" count="11"/>
        <line num="132" type="stmt" count="11"/>
        <line num="133" type="stmt" count="11"/>
        <line num="134" type="stmt" count="11"/>
        <line num="135" type="stmt" count="8"/>
        <line num="136" type="stmt" count="8"/>
        <line num="137" type="stmt" count="8"/>
        <line num="140" type="stmt" count="8"/>
        <line num="141" type="stmt" count="8"/>
        <line num="142" type="stmt" count="8"/>
        <line num="144" type="stmt" count="8"/>
        <line num="145" type="stmt" count="8"/>
        <line num="146" type="stmt" count="8"/>
        <line num="147" type="stmt" count="8"/>
        <line num="149" type="stmt" count="8"/>
        <line num="150" type="stmt" count="8"/>
        <line num="151" type="stmt" count="8"/>
        <line num="152" type="stmt" count="8"/>
        <line num="153" type="stmt" count="8"/>
        <line num="154" type="stmt" count="8"/>
        <line num="155" type="stmt" count="8"/>
        <line num="156" type="stmt" count="11"/>
        <line num="157" type="stmt" count="11"/>
        <line num="158" type="stmt" count="11"/>
        <line num="161" type="stmt" count="11"/>
        <line num="162" type="stmt" count="11"/>
        <line num="164" type="stmt" count="11"/>
        <line num="165" type="stmt" count="11"/>
        <line num="166" type="stmt" count="11"/>
        <line num="168" type="stmt" count="11"/>
        <line num="169" type="stmt" count="11"/>
        <line num="170" type="stmt" count="11"/>
        <line num="172" type="stmt" count="11"/>
        <line num="173" type="stmt" count="11"/>
        <line num="174" type="stmt" count="0"/>
        <line num="175" type="stmt" count="11"/>
        <line num="177" type="stmt" count="11"/>
        <line num="178" type="stmt" count="0"/>
        <line num="179" type="stmt" count="11"/>
        <line num="180" type="stmt" count="11"/>
        <line num="181" type="stmt" count="0"/>
        <line num="182" type="stmt" count="11"/>
        <line num="185" type="stmt" count="11"/>
        <line num="186" type="stmt" count="11"/>
        <line num="187" type="stmt" count="11"/>
        <line num="188" type="stmt" count="11"/>
        <line num="189" type="stmt" count="11"/>
        <line num="190" type="stmt" count="11"/>
        <line num="191" type="stmt" count="11"/>
        <line num="192" type="stmt" count="11"/>
        <line num="193" type="stmt" count="11"/>
        <line num="194" type="stmt" count="11"/>
        <line num="195" type="stmt" count="11"/>
        <line num="196" type="stmt" count="11"/>
        <line num="197" type="stmt" count="11"/>
        <line num="198" type="stmt" count="11"/>
        <line num="199" type="stmt" count="11"/>
        <line num="200" type="stmt" count="11"/>
        <line num="201" type="stmt" count="11"/>
        <line num="202" type="stmt" count="11"/>
        <line num="203" type="stmt" count="11"/>
        <line num="204" type="stmt" count="11"/>
        <line num="205" type="stmt" count="11"/>
        <line num="206" type="stmt" count="11"/>
        <line num="207" type="stmt" count="11"/>
        <line num="208" type="stmt" count="11"/>
        <line num="209" type="stmt" count="11"/>
        <line num="210" type="stmt" count="11"/>
        <line num="211" type="stmt" count="11"/>
        <line num="212" type="stmt" count="11"/>
        <line num="213" type="stmt" count="11"/>
        <line num="214" type="stmt" count="11"/>
        <line num="215" type="stmt" count="11"/>
        <line num="216" type="stmt" count="11"/>
        <line num="217" type="stmt" count="11"/>
        <line num="218" type="stmt" count="11"/>
        <line num="219" type="stmt" count="11"/>
        <line num="220" type="stmt" count="11"/>
        <line num="221" type="stmt" count="11"/>
        <line num="222" type="stmt" count="11"/>
        <line num="225" type="stmt" count="11"/>
        <line num="227" type="stmt" count="11"/>
        <line num="228" type="stmt" count="11"/>
        <line num="229" type="stmt" count="11"/>
        <line num="230" type="stmt" count="11"/>
        <line num="236" type="method" name="buildDateRange" visibility="protected" complexity="8" crap="8.30" count="11"/>
        <line num="239" type="stmt" count="11"/>
        <line num="240" type="stmt" count="1"/>
        <line num="241" type="stmt" count="1"/>
        <line num="242" type="stmt" count="1"/>
        <line num="243" type="stmt" count="1"/>
        <line num="247" type="stmt" count="10"/>
        <line num="248" type="stmt" count="10"/>
        <line num="250" type="stmt" count="10"/>
        <line num="251" type="stmt" count="0"/>
        <line num="252" type="stmt" count="1"/>
        <line num="253" type="stmt" count="9"/>
        <line num="254" type="stmt" count="0"/>
        <line num="255" type="stmt" count="0"/>
        <line num="256" type="stmt" count="10"/>
        <line num="258" type="stmt" count="10"/>
        <line num="259" type="stmt" count="10"/>
        <line num="260" type="stmt" count="10"/>
        <line num="261" type="stmt" count="10"/>
        <metrics loc="265" ncloc="238" classes="1" methods="2" coveredmethods="0" conditionals="0" coveredconditionals="0" statements="175" coveredstatements="168" elements="177" coveredelements="168"/>
      </file>
      <file name="C:\Users\Nadali\Documents\GitHub\negarify-backend\app\Http\Controllers\Api\V1\AdminGalleryController.php">
        <class name="App\Http\Controllers\Api\V1\AdminGalleryController" namespace="App\Http\Controllers\Api\V1">
          <metrics complexity="20" methods="7" coveredmethods="1" conditionals="0" coveredconditionals="0" statements="248" coveredstatements="154" elements="255" coveredelements="155"/>
        </class>
        <line num="21" type="method" name="curate" visibility="public" complexity="4" crap="5.06" count="3"/>
        <line num="23" type="stmt" count="3"/>
        <line num="24" type="stmt" count="3"/>
        <line num="27" type="stmt" count="3"/>
        <line num="28" type="stmt" count="1"/>
        <line num="29" type="stmt" count="1"/>
        <line num="30" type="stmt" count="1"/>
        <line num="31" type="stmt" count="1"/>
        <line num="34" type="stmt" count="2"/>
        <line num="35" type="stmt" count="0"/>
        <line num="36" type="stmt" count="0"/>
        <line num="37" type="stmt" count="0"/>
        <line num="38" type="stmt" count="0"/>
        <line num="39" type="stmt" count="0"/>
        <line num="40" type="stmt" count="0"/>
        <line num="41" type="stmt" count="0"/>
        <line num="42" type="stmt" count="0"/>
        <line num="46" type="stmt" count="2"/>
        <line num="48" type="stmt" count="2"/>
        <line num="49" type="stmt" count="2"/>
        <line num="50" type="stmt" count="2"/>
        <line num="52" type="stmt" count="2"/>
        <line num="55" type="stmt" count="2"/>
        <line num="57" type="stmt" count="2"/>
        <line num="58" type="stmt" count="2"/>
        <line num="59" type="stmt" count="2"/>
        <line num="60" type="stmt" count="2"/>
        <line num="63" type="stmt" count="2"/>
        <line num="65" type="stmt" count="2"/>
        <line num="66" type="stmt" count="2"/>
        <line num="67" type="stmt" count="2"/>
        <line num="68" type="stmt" count="2"/>
        <line num="69" type="stmt" count="2"/>
        <line num="70" type="stmt" count="2"/>
        <line num="71" type="stmt" count="2"/>
        <line num="72" type="stmt" count="2"/>
        <line num="73" type="stmt" count="2"/>
        <line num="74" type="stmt" count="0"/>
        <line num="75" type="stmt" count="0"/>
        <line num="77" type="stmt" count="0"/>
        <line num="78" type="stmt" count="0"/>
        <line num="79" type="stmt" count="0"/>
        <line num="80" type="stmt" count="0"/>
        <line num="81" type="stmt" count="0"/>
        <line num="83" type="stmt" count="0"/>
        <line num="84" type="stmt" count="0"/>
        <line num="85" type="stmt" count="0"/>
        <line num="86" type="stmt" count="0"/>
        <line num="95" type="method" name="uncurate" visibility="public" complexity="3" crap="3.96" count="1"/>
        <line num="97" type="stmt" count="1"/>
        <line num="98" type="stmt" count="1"/>
        <line num="100" type="stmt" count="1"/>
        <line num="101" type="stmt" count="0"/>
        <line num="102" type="stmt" count="0"/>
        <line num="103" type="stmt" count="0"/>
        <line num="104" type="stmt" count="0"/>
        <line num="105" type="stmt" count="0"/>
        <line num="106" type="stmt" count="0"/>
        <line num="107" type="stmt" count="0"/>
        <line num="108" type="stmt" count="0"/>
        <line num="112" type="stmt" count="1"/>
        <line num="114" type="stmt" count="1"/>
        <line num="115" type="stmt" count="1"/>
        <line num="116" type="stmt" count="1"/>
        <line num="118" type="stmt" count="1"/>
        <line num="121" type="stmt" count="1"/>
        <line num="123" type="stmt" count="1"/>
        <line num="124" type="stmt" count="1"/>
        <line num="125" type="stmt" count="1"/>
        <line num="126" type="stmt" count="1"/>
        <line num="128" type="stmt" count="1"/>
        <line num="129" type="stmt" count="1"/>
        <line num="130" type="stmt" count="1"/>
        <line num="131" type="stmt" count="1"/>
        <line num="132" type="stmt" count="1"/>
        <line num="133" type="stmt" count="1"/>
        <line num="134" type="stmt" count="1"/>
        <line num="135" type="stmt" count="1"/>
        <line num="136" type="stmt" count="0"/>
        <line num="137" type="stmt" count="0"/>
        <line num="139" type="stmt" count="0"/>
        <line num="140" type="stmt" count="0"/>
        <line num="141" type="stmt" count="0"/>
        <line num="142" type="stmt" count="0"/>
        <line num="143" type="stmt" count="0"/>
        <line num="145" type="stmt" count="0"/>
        <line num="146" type="stmt" count="0"/>
        <line num="147" type="stmt" count="0"/>
        <line num="148" type="stmt" count="0"/>
        <line num="157" type="method" name="feature" visibility="public" complexity="3" crap="4.12" count="1"/>
        <line num="159" type="stmt" count="1"/>
        <line num="160" type="stmt" count="1"/>
        <line num="162" type="stmt" count="1"/>
        <line num="163" type="stmt" count="0"/>
        <line num="164" type="stmt" count="0"/>
        <line num="165" type="stmt" count="0"/>
        <line num="166" type="stmt" count="0"/>
        <line num="167" type="stmt" count="0"/>
        <line num="168" type="stmt" count="0"/>
        <line num="169" type="stmt" count="0"/>
        <line num="170" type="stmt" count="0"/>
        <line num="174" type="stmt" count="1"/>
        <line num="175" type="stmt" count="1"/>
        <line num="178" type="stmt" count="1"/>
        <line num="180" type="stmt" count="1"/>
        <line num="181" type="stmt" count="1"/>
        <line num="182" type="stmt" count="1"/>
        <line num="183" type="stmt" count="1"/>
        <line num="185" type="stmt" count="1"/>
        <line num="186" type="stmt" count="1"/>
        <line num="187" type="stmt" count="1"/>
        <line num="188" type="stmt" count="1"/>
        <line num="189" type="stmt" count="1"/>
        <line num="190" type="stmt" count="1"/>
        <line num="191" type="stmt" count="1"/>
        <line num="192" type="stmt" count="1"/>
        <line num="193" type="stmt" count="0"/>
        <line num="194" type="stmt" count="0"/>
        <line num="195" type="stmt" count="0"/>
        <line num="196" type="stmt" count="0"/>
        <line num="197" type="stmt" count="0"/>
        <line num="198" type="stmt" count="0"/>
        <line num="200" type="stmt" count="0"/>
        <line num="201" type="stmt" count="0"/>
        <line num="202" type="stmt" count="0"/>
        <line num="203" type="stmt" count="0"/>
        <line num="212" type="method" name="unfeature" visibility="public" complexity="3" crap="4.60" count="1"/>
        <line num="214" type="stmt" count="1"/>
        <line num="215" type="stmt" count="1"/>
        <line num="217" type="stmt" count="1"/>
        <line num="218" type="stmt" count="0"/>
        <line num="219" type="stmt" count="0"/>
        <line num="220" type="stmt" count="0"/>
        <line num="221" type="stmt" count="0"/>
        <line num="222" type="stmt" count="0"/>
        <line num="223" type="stmt" count="0"/>
        <line num="224" type="stmt" count="0"/>
        <line num="225" type="stmt" count="0"/>
        <line num="229" type="stmt" count="1"/>
        <line num="230" type="stmt" count="1"/>
        <line num="233" type="stmt" count="1"/>
        <line num="235" type="stmt" count="1"/>
        <line num="236" type="stmt" count="1"/>
        <line num="237" type="stmt" count="1"/>
        <line num="238" type="stmt" count="1"/>
        <line num="239" type="stmt" count="1"/>
        <line num="240" type="stmt" count="1"/>
        <line num="241" type="stmt" count="1"/>
        <line num="242" type="stmt" count="1"/>
        <line num="243" type="stmt" count="0"/>
        <line num="244" type="stmt" count="0"/>
        <line num="245" type="stmt" count="0"/>
        <line num="246" type="stmt" count="0"/>
        <line num="247" type="stmt" count="0"/>
        <line num="248" type="stmt" count="0"/>
        <line num="250" type="stmt" count="0"/>
        <line num="251" type="stmt" count="0"/>
        <line num="252" type="stmt" count="0"/>
        <line num="253" type="stmt" count="0"/>
        <line num="262" type="method" name="bulkCurate" visibility="public" complexity="3" crap="3.14" count="1"/>
        <line num="264" type="stmt" count="1"/>
        <line num="265" type="stmt" count="1"/>
        <line num="266" type="stmt" count="1"/>
        <line num="269" type="stmt" count="1"/>
        <line num="271" type="stmt" count="1"/>
        <line num="272" type="stmt" count="1"/>
        <line num="273" type="stmt" count="1"/>
        <line num="274" type="stmt" count="1"/>
        <line num="276" type="stmt" count="1"/>
        <line num="277" type="stmt" count="1"/>
        <line num="278" type="stmt" count="1"/>
        <line num="279" type="stmt" count="1"/>
        <line num="280" type="stmt" count="1"/>
        <line num="281" type="stmt" count="1"/>
        <line num="284" type="stmt" count="1"/>
        <line num="287" type="stmt" count="1"/>
        <line num="289" type="stmt" count="1"/>
        <line num="290" type="stmt" count="1"/>
        <line num="291" type="stmt" count="1"/>
        <line num="292" type="stmt" count="1"/>
        <line num="293" type="stmt" count="1"/>
        <line num="295" type="stmt" count="1"/>
        <line num="296" type="stmt" count="1"/>
        <line num="297" type="stmt" count="1"/>
        <line num="298" type="stmt" count="1"/>
        <line num="299" type="stmt" count="1"/>
        <line num="300" type="stmt" count="1"/>
        <line num="301" type="stmt" count="1"/>
        <line num="302" type="stmt" count="1"/>
        <line num="303" type="stmt" count="1"/>
        <line num="304" type="stmt" count="0"/>
        <line num="305" type="stmt" count="0"/>
        <line num="307" type="stmt" count="0"/>
        <line num="308" type="stmt" count="0"/>
        <line num="309" type="stmt" count="0"/>
        <line num="310" type="stmt" count="0"/>
        <line num="312" type="stmt" count="0"/>
        <line num="313" type="stmt" count="0"/>
        <line num="314" type="stmt" count="0"/>
        <line num="315" type="stmt" count="0"/>
        <line num="324" type="method" name="bulkUncurate" visibility="public" complexity="3" crap="3.15" count="1"/>
        <line num="326" type="stmt" count="1"/>
        <line num="327" type="stmt" count="1"/>
        <line num="328" type="stmt" count="1"/>
        <line num="331" type="stmt" count="1"/>
        <line num="333" type="stmt" count="1"/>
        <line num="334" type="stmt" count="1"/>
        <line num="335" type="stmt" count="1"/>
        <line num="337" type="stmt" count="1"/>
        <line num="338" type="stmt" count="1"/>
        <line num="339" type="stmt" count="1"/>
        <line num="340" type="stmt" count="1"/>
        <line num="341" type="stmt" count="1"/>
        <line num="342" type="stmt" count="1"/>
        <line num="345" type="stmt" count="1"/>
        <line num="348" type="stmt" count="1"/>
        <line num="350" type="stmt" count="1"/>
        <line num="351" type="stmt" count="1"/>
        <line num="352" type="stmt" count="1"/>
        <line num="353" type="stmt" count="1"/>
        <line num="354" type="stmt" count="1"/>
        <line num="356" type="stmt" count="1"/>
        <line num="357" type="stmt" count="1"/>
        <line num="358" type="stmt" count="1"/>
        <line num="359" type="stmt" count="1"/>
        <line num="360" type="stmt" count="1"/>
        <line num="361" type="stmt" count="1"/>
        <line num="362" type="stmt" count="1"/>
        <line num="363" type="stmt" count="1"/>
        <line num="364" type="stmt" count="1"/>
        <line num="365" type="stmt" count="0"/>
        <line num="366" type="stmt" count="0"/>
        <line num="368" type="stmt" count="0"/>
        <line num="369" type="stmt" count="0"/>
        <line num="370" type="stmt" count="0"/>
        <line num="371" type="stmt" count="0"/>
        <line num="373" type="stmt" count="0"/>
        <line num="374" type="stmt" count="0"/>
        <line num="375" type="stmt" count="0"/>
        <line num="376" type="stmt" count="0"/>
        <line num="385" type="method" name="curated" visibility="public" complexity="1" crap="1" count="1"/>
        <line num="387" type="stmt" count="1"/>
        <line num="388" type="stmt" count="1"/>
        <line num="389" type="stmt" count="1"/>
        <line num="390" type="stmt" count="1"/>
        <line num="392" type="stmt" count="1"/>
        <line num="393" type="stmt" count="1"/>
        <line num="394" type="stmt" count="1"/>
        <line num="395" type="stmt" count="1"/>
        <line num="396" type="stmt" count="1"/>
        <line num="397" type="stmt" count="1"/>
        <line num="398" type="stmt" count="1"/>
        <line num="399" type="stmt" count="1"/>
        <line num="400" type="stmt" count="1"/>
        <line num="401" type="stmt" count="1"/>
        <metrics loc="405" ncloc="360" classes="1" methods="7" coveredmethods="1" conditionals="0" coveredconditionals="0" statements="248" coveredstatements="154" elements="255" coveredelements="155"/>
      </file>
      <file name="C:\Users\Nadali\Documents\GitHub\negarify-backend\app\Http\Controllers\Api\V1\AdminModelsController.php">
        <class name="App\Http\Controllers\Api\V1\AdminModelsController" namespace="App\Http\Controllers\Api\V1">
          <metrics complexity="20" methods="2" coveredmethods="0" conditionals="0" coveredconditionals="0" statements="132" coveredstatements="101" elements="134" coveredelements="101"/>
        </class>
        <line num="21" type="method" name="usage" visibility="public" complexity="12" crap="14.13" count="11"/>
        <line num="23" type="stmt" count="11"/>
        <line num="26" type="stmt" count="11"/>
        <line num="27" type="stmt" count="11"/>
        <line num="28" type="stmt" count="11"/>
        <line num="31" type="stmt" count="11"/>
        <line num="32" type="stmt" count="11"/>
        <line num="35" type="stmt" count="11"/>
        <line num="36" type="stmt" count="11"/>
        <line num="37" type="stmt" count="1"/>
        <line num="38" type="stmt" count="1"/>
        <line num="39" type="stmt" count="1"/>
        <line num="40" type="stmt" count="1"/>
        <line num="45" type="stmt" count="11"/>
        <line num="47" type="stmt" count="11"/>
        <line num="48" type="stmt" count="11"/>
        <line num="49" type="stmt" count="11"/>
        <line num="50" type="stmt" count="11"/>
        <line num="52" type="stmt" count="11"/>
        <line num="53" type="stmt" count="11"/>
        <line num="54" type="stmt" count="11"/>
        <line num="55" type="stmt" count="11"/>
        <line num="58" type="stmt" count="11"/>
        <line num="60" type="stmt" count="0"/>
        <line num="61" type="stmt" count="0"/>
        <line num="62" type="stmt" count="0"/>
        <line num="63" type="stmt" count="0"/>
        <line num="64" type="stmt" count="0"/>
        <line num="65" type="stmt" count="0"/>
        <line num="66" type="stmt" count="0"/>
        <line num="67" type="stmt" count="0"/>
        <line num="68" type="stmt" count="0"/>
        <line num="69" type="stmt" count="0"/>
        <line num="70" type="stmt" count="0"/>
        <line num="71" type="stmt" count="0"/>
        <line num="72" type="stmt" count="0"/>
        <line num="73" type="stmt" count="0"/>
        <line num="74" type="stmt" count="0"/>
        <line num="75" type="stmt" count="0"/>
        <line num="76" type="stmt" count="0"/>
        <line num="77" type="stmt" count="0"/>
        <line num="78" type="stmt" count="0"/>
        <line num="79" type="stmt" count="0"/>
        <line num="80" type="stmt" count="0"/>
        <line num="81" type="stmt" count="0"/>
        <line num="82" type="stmt" count="0"/>
        <line num="83" type="stmt" count="0"/>
        <line num="84" type="stmt" count="0"/>
        <line num="85" type="stmt" count="0"/>
        <line num="89" type="stmt" count="11"/>
        <line num="90" type="stmt" count="11"/>
        <line num="92" type="stmt" count="11"/>
        <line num="93" type="stmt" count="0"/>
        <line num="95" type="stmt" count="0"/>
        <line num="97" type="stmt" count="11"/>
        <line num="98" type="stmt" count="11"/>
        <line num="99" type="stmt" count="11"/>
        <line num="100" type="stmt" count="11"/>
        <line num="108" type="stmt" count="11"/>
        <line num="109" type="stmt" count="11"/>
        <line num="110" type="stmt" count="11"/>
        <line num="111" type="stmt" count="11"/>
        <line num="112" type="stmt" count="11"/>
        <line num="113" type="stmt" count="11"/>
        <line num="114" type="stmt" count="10"/>
        <line num="115" type="stmt" count="10"/>
        <line num="116" type="stmt" count="10"/>
        <line num="117" type="stmt" count="10"/>
        <line num="118" type="stmt" count="10"/>
        <line num="119" type="stmt" count="10"/>
        <line num="120" type="stmt" count="10"/>
        <line num="121" type="stmt" count="10"/>
        <line num="122" type="stmt" count="10"/>
        <line num="123" type="stmt" count="10"/>
        <line num="124" type="stmt" count="10"/>
        <line num="125" type="stmt" count="10"/>
        <line num="126" type="stmt" count="10"/>
        <line num="127" type="stmt" count="10"/>
        <line num="128" type="stmt" count="10"/>
        <line num="129" type="stmt" count="10"/>
        <line num="130" type="stmt" count="10"/>
        <line num="131" type="stmt" count="10"/>
        <line num="132" type="stmt" count="10"/>
        <line num="133" type="stmt" count="10"/>
        <line num="134" type="stmt" count="10"/>
        <line num="135" type="stmt" count="10"/>
        <line num="136" type="stmt" count="10"/>
        <line num="137" type="stmt" count="10"/>
        <line num="138" type="stmt" count="10"/>
        <line num="139" type="stmt" count="10"/>
        <line num="140" type="stmt" count="11"/>
        <line num="141" type="stmt" count="11"/>
        <line num="145" type="stmt" count="11"/>
        <line num="146" type="stmt" count="11"/>
        <line num="147" type="stmt" count="11"/>
        <line num="148" type="stmt" count="11"/>
        <line num="149" type="stmt" count="11"/>
        <line num="150" type="stmt" count="11"/>
        <line num="151" type="stmt" count="11"/>
        <line num="152" type="stmt" count="11"/>
        <line num="153" type="stmt" count="11"/>
        <line num="154" type="stmt" count="11"/>
        <line num="155" type="stmt" count="10"/>
        <line num="156" type="stmt" count="11"/>
        <line num="157" type="stmt" count="11"/>
        <line num="158" type="stmt" count="11"/>
        <line num="159" type="stmt" count="11"/>
        <line num="160" type="stmt" count="11"/>
        <line num="161" type="stmt" count="11"/>
        <line num="162" type="stmt" count="11"/>
        <line num="165" type="stmt" count="11"/>
        <line num="167" type="stmt" count="11"/>
        <line num="168" type="stmt" count="11"/>
        <line num="169" type="stmt" count="11"/>
        <line num="170" type="stmt" count="11"/>
        <line num="176" type="method" name="buildDateRange" visibility="protected" complexity="8" crap="8.30" count="11"/>
        <line num="179" type="stmt" count="11"/>
        <line num="180" type="stmt" count="1"/>
        <line num="181" type="stmt" count="1"/>
        <line num="182" type="stmt" count="1"/>
        <line num="183" type="stmt" count="1"/>
        <line num="187" type="stmt" count="10"/>
        <line num="188" type="stmt" count="10"/>
        <line num="190" type="stmt" count="10"/>
        <line num="191" type="stmt" count="0"/>
        <line num="192" type="stmt" count="1"/>
        <line num="193" type="stmt" count="9"/>
        <line num="194" type="stmt" count="0"/>
        <line num="195" type="stmt" count="0"/>
        <line num="196" type="stmt" count="10"/>
        <line num="198" type="stmt" count="10"/>
        <line num="199" type="stmt" count="10"/>
        <line num="200" type="stmt" count="10"/>
        <line num="201" type="stmt" count="10"/>
        <metrics loc="207" ncloc="185" classes="1" methods="2" coveredmethods="0" conditionals="0" coveredconditionals="0" statements="132" coveredstatements="101" elements="134" coveredelements="101"/>
      </file>
      <file name="C:\Users\Nadali\Documents\GitHub\negarify-backend\app\Http\Controllers\Api\V1\AdminModerationController.php">
        <class name="App\Http\Controllers\Api\V1\AdminModerationController" namespace="App\Http\Controllers\Api\V1">
          <metrics complexity="12" methods="6" coveredmethods="2" conditionals="0" coveredconditionals="0" statements="147" coveredstatements="102" elements="153" coveredelements="104"/>
        </class>
        <line num="20" type="method" name="queue" visibility="public" complexity="1" crap="1" count="1"/>
        <line num="22" type="stmt" count="1"/>
        <line num="23" type="stmt" count="1"/>
        <line num="24" type="stmt" count="1"/>
        <line num="25" type="stmt" count="1"/>
        <line num="27" type="stmt" count="1"/>
        <line num="28" type="stmt" count="1"/>
        <line num="29" type="stmt" count="1"/>
        <line num="30" type="stmt" count="1"/>
        <line num="31" type="stmt" count="1"/>
        <line num="32" type="stmt" count="1"/>
        <line num="33" type="stmt" count="1"/>
        <line num="34" type="stmt" count="1"/>
        <line num="35" type="stmt" count="1"/>
        <line num="36" type="stmt" count="1"/>
        <line num="37" type="stmt" count="1"/>
        <line num="38" type="stmt" count="1"/>
        <line num="39" type="stmt" count="1"/>
        <line num="40" type="stmt" count="1"/>
        <line num="41" type="stmt" count="1"/>
        <line num="42" type="stmt" count="1"/>
        <line num="43" type="stmt" count="1"/>
        <line num="44" type="stmt" count="1"/>
        <line num="45" type="stmt" count="1"/>
        <line num="46" type="stmt" count="1"/>
        <line num="47" type="stmt" count="1"/>
        <line num="48" type="stmt" count="1"/>
        <line num="49" type="stmt" count="1"/>
        <line num="50" type="stmt" count="1"/>
        <line num="51" type="stmt" count="1"/>
        <line num="52" type="stmt" count="1"/>
        <line num="53" type="stmt" count="1"/>
        <line num="54" type="stmt" count="1"/>
        <line num="62" type="method" name="reports" visibility="public" complexity="1" crap="1" count="1"/>
        <line num="64" type="stmt" count="1"/>
        <line num="65" type="stmt" count="1"/>
        <line num="66" type="stmt" count="1"/>
        <line num="68" type="stmt" count="1"/>
        <line num="69" type="stmt" count="1"/>
        <line num="70" type="stmt" count="1"/>
        <line num="71" type="stmt" count="1"/>
        <line num="72" type="stmt" count="1"/>
        <line num="73" type="stmt" count="1"/>
        <line num="74" type="stmt" count="1"/>
        <line num="75" type="stmt" count="1"/>
        <line num="76" type="stmt" count="1"/>
        <line num="77" type="stmt" count="1"/>
        <line num="78" type="stmt" count="1"/>
        <line num="79" type="stmt" count="1"/>
        <line num="80" type="stmt" count="1"/>
        <line num="81" type="stmt" count="1"/>
        <line num="82" type="stmt" count="1"/>
        <line num="83" type="stmt" count="1"/>
        <line num="84" type="stmt" count="1"/>
        <line num="85" type="stmt" count="1"/>
        <line num="86" type="stmt" count="1"/>
        <line num="87" type="stmt" count="1"/>
        <line num="88" type="stmt" count="1"/>
        <line num="89" type="stmt" count="1"/>
        <line num="90" type="stmt" count="1"/>
        <line num="91" type="stmt" count="1"/>
        <line num="92" type="stmt" count="1"/>
        <line num="93" type="stmt" count="1"/>
        <line num="94" type="stmt" count="1"/>
        <line num="102" type="method" name="approve" visibility="public" complexity="2" crap="2.43" count="1"/>
        <line num="104" type="stmt" count="1"/>
        <line num="105" type="stmt" count="1"/>
        <line num="108" type="stmt" count="1"/>
        <line num="109" type="stmt" count="1"/>
        <line num="110" type="stmt" count="1"/>
        <line num="111" type="stmt" count="1"/>
        <line num="112" type="stmt" count="1"/>
        <line num="114" type="stmt" count="1"/>
        <line num="115" type="stmt" count="1"/>
        <line num="116" type="stmt" count="1"/>
        <line num="117" type="stmt" count="1"/>
        <line num="118" type="stmt" count="0"/>
        <line num="119" type="stmt" count="0"/>
        <line num="120" type="stmt" count="0"/>
        <line num="121" type="stmt" count="0"/>
        <line num="122" type="stmt" count="0"/>
        <line num="123" type="stmt" count="0"/>
        <line num="125" type="stmt" count="0"/>
        <line num="126" type="stmt" count="0"/>
        <line num="127" type="stmt" count="0"/>
        <line num="128" type="stmt" count="0"/>
        <line num="137" type="method" name="reject" visibility="public" complexity="2" crap="2.38" count="1"/>
        <line num="139" type="stmt" count="1"/>
        <line num="140" type="stmt" count="1"/>
        <line num="143" type="stmt" count="1"/>
        <line num="144" type="stmt" count="1"/>
        <line num="145" type="stmt" count="1"/>
        <line num="146" type="stmt" count="1"/>
        <line num="147" type="stmt" count="1"/>
        <line num="148" type="stmt" count="1"/>
        <line num="150" type="stmt" count="1"/>
        <line num="151" type="stmt" count="1"/>
        <line num="152" type="stmt" count="1"/>
        <line num="153" type="stmt" count="1"/>
        <line num="154" type="stmt" count="0"/>
        <line num="155" type="stmt" count="0"/>
        <line num="156" type="stmt" count="0"/>
        <line num="157" type="stmt" count="0"/>
        <line num="158" type="stmt" count="0"/>
        <line num="159" type="stmt" count="0"/>
        <line num="161" type="stmt" count="0"/>
        <line num="162" type="stmt" count="0"/>
        <line num="163" type="stmt" count="0"/>
        <line num="164" type="stmt" count="0"/>
        <line num="173" type="method" name="resolveReport" visibility="public" complexity="3" crap="3.06" count="1"/>
        <line num="175" type="stmt" count="1"/>
        <line num="176" type="stmt" count="1"/>
        <line num="178" type="stmt" count="1"/>
        <line num="179" type="stmt" count="0"/>
        <line num="180" type="stmt" count="0"/>
        <line num="181" type="stmt" count="0"/>
        <line num="182" type="stmt" count="0"/>
        <line num="185" type="stmt" count="1"/>
        <line num="186" type="stmt" count="1"/>
        <line num="190" type="stmt" count="1"/>
        <line num="191" type="stmt" count="1"/>
        <line num="192" type="stmt" count="1"/>
        <line num="193" type="stmt" count="1"/>
        <line num="195" type="stmt" count="1"/>
        <line num="196" type="stmt" count="1"/>
        <line num="197" type="stmt" count="1"/>
        <line num="198" type="stmt" count="1"/>
        <line num="199" type="stmt" count="1"/>
        <line num="200" type="stmt" count="1"/>
        <line num="201" type="stmt" count="1"/>
        <line num="202" type="stmt" count="1"/>
        <line num="210" type="method" name="dismissReport" visibility="public" complexity="3" crap="12" count="0"/>
        <line num="212" type="stmt" count="0"/>
        <line num="213" type="stmt" count="0"/>
        <line num="215" type="stmt" count="0"/>
        <line num="216" type="stmt" count="0"/>
        <line num="217" type="stmt" count="0"/>
        <line num="218" type="stmt" count="0"/>
        <line num="219" type="stmt" count="0"/>
        <line num="222" type="stmt" count="0"/>
        <line num="223" type="stmt" count="0"/>
        <line num="225" type="stmt" count="0"/>
        <line num="226" type="stmt" count="0"/>
        <line num="227" type="stmt" count="0"/>
        <line num="228" type="stmt" count="0"/>
        <line num="230" type="stmt" count="0"/>
        <line num="231" type="stmt" count="0"/>
        <line num="232" type="stmt" count="0"/>
        <line num="233" type="stmt" count="0"/>
        <line num="234" type="stmt" count="0"/>
        <line num="235" type="stmt" count="0"/>
        <line num="236" type="stmt" count="0"/>
        <line num="237" type="stmt" count="0"/>
        <metrics loc="241" ncloc="209" classes="1" methods="6" coveredmethods="2" conditionals="0" coveredconditionals="0" statements="147" coveredstatements="102" elements="153" coveredelements="104"/>
      </file>
      <file name="C:\Users\Nadali\Documents\GitHub\negarify-backend\app\Http\Controllers\Api\V1\AdminSalesController.php">
        <class name="App\Http\Controllers\Api\V1\AdminSalesController" namespace="App\Http\Controllers\Api\V1">
          <metrics complexity="12" methods="2" coveredmethods="0" conditionals="0" coveredconditionals="0" statements="110" coveredstatements="106" elements="112" coveredelements="106"/>
        </class>
        <line num="22" type="method" name="summary" visibility="public" complexity="4" crap="4" count="8"/>
        <line num="24" type="stmt" count="8"/>
        <line num="27" type="stmt" count="8"/>
        <line num="28" type="stmt" count="8"/>
        <line num="29" type="stmt" count="8"/>
        <line num="32" type="stmt" count="8"/>
        <line num="33" type="stmt" count="8"/>
        <line num="36" type="stmt" count="8"/>
        <line num="37" type="stmt" count="8"/>
        <line num="38" type="stmt" count="1"/>
        <line num="39" type="stmt" count="1"/>
        <line num="40" type="stmt" count="1"/>
        <line num="41" type="stmt" count="1"/>
        <line num="45" type="stmt" count="8"/>
        <line num="46" type="stmt" count="8"/>
        <line num="47" type="stmt" count="8"/>
        <line num="51" type="stmt" count="8"/>
        <line num="52" type="stmt" count="8"/>
        <line num="56" type="stmt" count="8"/>
        <line num="57" type="stmt" count="8"/>
        <line num="58" type="stmt" count="0"/>
        <line num="60" type="stmt" count="8"/>
        <line num="61" type="stmt" count="8"/>
        <line num="62" type="stmt" count="8"/>
        <line num="63" type="stmt" count="8"/>
        <line num="67" type="stmt" count="8"/>
        <line num="68" type="stmt" count="8"/>
        <line num="69" type="stmt" count="8"/>
        <line num="70" type="stmt" count="8"/>
        <line num="73" type="stmt" count="8"/>
        <line num="74" type="stmt" count="8"/>
        <line num="75" type="stmt" count="8"/>
        <line num="76" type="stmt" count="8"/>
        <line num="83" type="stmt" count="8"/>
        <line num="84" type="stmt" count="8"/>
        <line num="85" type="stmt" count="8"/>
        <line num="86" type="stmt" count="8"/>
        <line num="87" type="stmt" count="8"/>
        <line num="90" type="stmt" count="8"/>
        <line num="91" type="stmt" count="8"/>
        <line num="92" type="stmt" count="8"/>
        <line num="96" type="stmt" count="8"/>
        <line num="97" type="stmt" count="8"/>
        <line num="100" type="stmt" count="8"/>
        <line num="101" type="stmt" count="8"/>
        <line num="102" type="stmt" count="8"/>
        <line num="105" type="stmt" count="8"/>
        <line num="106" type="stmt" count="8"/>
        <line num="108" type="stmt" count="8"/>
        <line num="109" type="stmt" count="6"/>
        <line num="110" type="stmt" count="2"/>
        <line num="113" type="stmt" count="8"/>
        <line num="114" type="stmt" count="8"/>
        <line num="115" type="stmt" count="8"/>
        <line num="116" type="stmt" count="8"/>
        <line num="117" type="stmt" count="8"/>
        <line num="118" type="stmt" count="6"/>
        <line num="119" type="stmt" count="6"/>
        <line num="120" type="stmt" count="6"/>
        <line num="121" type="stmt" count="6"/>
        <line num="122" type="stmt" count="6"/>
        <line num="123" type="stmt" count="6"/>
        <line num="124" type="stmt" count="8"/>
        <line num="125" type="stmt" count="8"/>
        <line num="126" type="stmt" count="6"/>
        <line num="127" type="stmt" count="6"/>
        <line num="128" type="stmt" count="6"/>
        <line num="129" type="stmt" count="6"/>
        <line num="130" type="stmt" count="6"/>
        <line num="131" type="stmt" count="6"/>
        <line num="132" type="stmt" count="6"/>
        <line num="133" type="stmt" count="6"/>
        <line num="134" type="stmt" count="8"/>
        <line num="135" type="stmt" count="8"/>
        <line num="136" type="stmt" count="8"/>
        <line num="137" type="stmt" count="8"/>
        <line num="138" type="stmt" count="8"/>
        <line num="139" type="stmt" count="8"/>
        <line num="140" type="stmt" count="8"/>
        <line num="141" type="stmt" count="8"/>
        <line num="142" type="stmt" count="8"/>
        <line num="143" type="stmt" count="8"/>
        <line num="144" type="stmt" count="8"/>
        <line num="145" type="stmt" count="8"/>
        <line num="146" type="stmt" count="8"/>
        <line num="147" type="stmt" count="8"/>
        <line num="148" type="stmt" count="8"/>
        <line num="149" type="stmt" count="8"/>
        <line num="152" type="stmt" count="8"/>
        <line num="154" type="stmt" count="8"/>
        <line num="155" type="stmt" count="8"/>
        <line num="156" type="stmt" count="8"/>
        <line num="157" type="stmt" count="8"/>
        <line num="163" type="method" name="buildDateRange" visibility="protected" complexity="8" crap="8.30" count="8"/>
        <line num="166" type="stmt" count="8"/>
        <line num="167" type="stmt" count="1"/>
        <line num="168" type="stmt" count="1"/>
        <line num="169" type="stmt" count="1"/>
        <line num="170" type="stmt" count="1"/>
        <line num="174" type="stmt" count="7"/>
        <line num="175" type="stmt" count="7"/>
        <line num="177" type="stmt" count="7"/>
        <line num="178" type="stmt" count="0"/>
        <line num="179" type="stmt" count="1"/>
        <line num="180" type="stmt" count="6"/>
        <line num="181" type="stmt" count="0"/>
        <line num="182" type="stmt" count="0"/>
        <line num="183" type="stmt" count="7"/>
        <line num="185" type="stmt" count="7"/>
        <line num="186" type="stmt" count="7"/>
        <line num="187" type="stmt" count="7"/>
        <line num="188" type="stmt" count="7"/>
        <metrics loc="194" ncloc="173" classes="1" methods="2" coveredmethods="0" conditionals="0" coveredconditionals="0" statements="110" coveredstatements="106" elements="112" coveredelements="106"/>
      </file>
      <file name="C:\Users\Nadali\Documents\GitHub\negarify-backend\app\Http\Controllers\Api\V1\AdminSystemHealthController.php">
        <class name="App\Http\Controllers\Api\V1\AdminSystemHealthController" namespace="App\Http\Controllers\Api\V1">
          <metrics complexity="10" methods="1" coveredmethods="0" conditionals="0" coveredconditionals="0" statements="113" coveredstatements="106" elements="114" coveredelements="106"/>
        </class>
        <line num="19" type="method" name="index" visibility="public" complexity="10" crap="10.02" count="9"/>
        <line num="22" type="stmt" count="9"/>
        <line num="25" type="stmt" count="9"/>
        <line num="26" type="stmt" count="9"/>
        <line num="27" type="stmt" count="1"/>
        <line num="28" type="stmt" count="1"/>
        <line num="29" type="stmt" count="1"/>
        <line num="30" type="stmt" count="1"/>
        <line num="34" type="stmt" count="9"/>
        <line num="35" type="stmt" count="9"/>
        <line num="38" type="stmt" count="9"/>
        <line num="39" type="stmt" count="9"/>
        <line num="40" type="stmt" count="9"/>
        <line num="41" type="stmt" count="9"/>
        <line num="42" type="stmt" count="9"/>
        <line num="43" type="stmt" count="2"/>
        <line num="44" type="stmt" count="9"/>
        <line num="47" type="stmt" count="9"/>
        <line num="49" type="stmt" count="9"/>
        <line num="50" type="stmt" count="9"/>
        <line num="52" type="stmt" count="0"/>
        <line num="54" type="stmt" count="0"/>
        <line num="58" type="stmt" count="9"/>
        <line num="60" type="stmt" count="9"/>
        <line num="61" type="stmt" count="9"/>
        <line num="62" type="stmt" count="9"/>
        <line num="63" type="stmt" count="0"/>
        <line num="65" type="stmt" count="0"/>
        <line num="69" type="stmt" count="9"/>
        <line num="71" type="stmt" count="9"/>
        <line num="72" type="stmt" count="9"/>
        <line num="73" type="stmt" count="9"/>
        <line num="74" type="stmt" count="0"/>
        <line num="75" type="stmt" count="0"/>
        <line num="79" type="stmt" count="9"/>
        <line num="80" type="stmt" count="9"/>
        <line num="81" type="stmt" count="9"/>
        <line num="82" type="stmt" count="9"/>
        <line num="83" type="stmt" count="9"/>
        <line num="84" type="stmt" count="9"/>
        <line num="85" type="stmt" count="6"/>
        <line num="86" type="stmt" count="3"/>
        <line num="90" type="stmt" count="9"/>
        <line num="91" type="stmt" count="9"/>
        <line num="92" type="stmt" count="0"/>
        <line num="94" type="stmt" count="9"/>
        <line num="95" type="stmt" count="9"/>
        <line num="96" type="stmt" count="9"/>
        <line num="97" type="stmt" count="9"/>
        <line num="98" type="stmt" count="9"/>
        <line num="99" type="stmt" count="9"/>
        <line num="100" type="stmt" count="9"/>
        <line num="101" type="stmt" count="9"/>
        <line num="103" type="stmt" count="9"/>
        <line num="106" type="stmt" count="9"/>
        <line num="107" type="stmt" count="9"/>
        <line num="108" type="stmt" count="9"/>
        <line num="109" type="stmt" count="9"/>
        <line num="110" type="stmt" count="9"/>
        <line num="111" type="stmt" count="9"/>
        <line num="112" type="stmt" count="9"/>
        <line num="113" type="stmt" count="9"/>
        <line num="114" type="stmt" count="9"/>
        <line num="115" type="stmt" count="9"/>
        <line num="117" type="stmt" count="9"/>
        <line num="118" type="stmt" count="9"/>
        <line num="119" type="stmt" count="9"/>
        <line num="120" type="stmt" count="2"/>
        <line num="121" type="stmt" count="2"/>
        <line num="122" type="stmt" count="2"/>
        <line num="123" type="stmt" count="2"/>
        <line num="127" type="stmt" count="9"/>
        <line num="128" type="stmt" count="9"/>
        <line num="132" type="stmt" count="9"/>
        <line num="136" type="stmt" count="9"/>
        <line num="137" type="stmt" count="9"/>
        <line num="140" type="stmt" count="9"/>
        <line num="141" type="stmt" count="9"/>
        <line num="142" type="stmt" count="9"/>
        <line num="143" type="stmt" count="9"/>
        <line num="144" type="stmt" count="9"/>
        <line num="145" type="stmt" count="9"/>
        <line num="146" type="stmt" count="9"/>
        <line num="147" type="stmt" count="9"/>
        <line num="148" type="stmt" count="9"/>
        <line num="149" type="stmt" count="9"/>
        <line num="150" type="stmt" count="9"/>
        <line num="151" type="stmt" count="9"/>
        <line num="152" type="stmt" count="9"/>
        <line num="153" type="stmt" count="9"/>
        <line num="154" type="stmt" count="9"/>
        <line num="155" type="stmt" count="9"/>
        <line num="156" type="stmt" count="9"/>
        <line num="157" type="stmt" count="9"/>
        <line num="158" type="stmt" count="9"/>
        <line num="159" type="stmt" count="9"/>
        <line num="160" type="stmt" count="9"/>
        <line num="161" type="stmt" count="9"/>
        <line num="162" type="stmt" count="9"/>
        <line num="163" type="stmt" count="9"/>
        <line num="164" type="stmt" count="9"/>
        <line num="165" type="stmt" count="9"/>
        <line num="166" type="stmt" count="9"/>
        <line num="167" type="stmt" count="9"/>
        <line num="168" type="stmt" count="9"/>
        <line num="169" type="stmt" count="9"/>
        <line num="170" type="stmt" count="9"/>
        <line num="171" type="stmt" count="9"/>
        <line num="172" type="stmt" count="9"/>
        <line num="175" type="stmt" count="9"/>
        <line num="177" type="stmt" count="9"/>
        <line num="178" type="stmt" count="9"/>
        <line num="179" type="stmt" count="9"/>
        <line num="180" type="stmt" count="9"/>
        <metrics loc="184" ncloc="158" classes="1" methods="1" coveredmethods="0" conditionals="0" coveredconditionals="0" statements="113" coveredstatements="106" elements="114" coveredelements="106"/>
      </file>
      <file name="C:\Users\Nadali\Documents\GitHub\negarify-backend\app\Http\Controllers\Api\V1\AdminTokensController.php">
        <class name="App\Http\Controllers\Api\V1\AdminTokensController" namespace="App\Http\Controllers\Api\V1">
          <metrics complexity="11" methods="2" coveredmethods="0" conditionals="0" coveredconditionals="0" statements="97" coveredstatements="93" elements="99" coveredelements="93"/>
        </class>
        <line num="21" type="method" name="summary" visibility="public" complexity="3" crap="3" count="9"/>
        <line num="23" type="stmt" count="9"/>
        <line num="26" type="stmt" count="9"/>
        <line num="27" type="stmt" count="9"/>
        <line num="28" type="stmt" count="9"/>
        <line num="31" type="stmt" count="9"/>
        <line num="32" type="stmt" count="9"/>
        <line num="35" type="stmt" count="9"/>
        <line num="36" type="stmt" count="9"/>
        <line num="37" type="stmt" count="1"/>
        <line num="38" type="stmt" count="1"/>
        <line num="39" type="stmt" count="1"/>
        <line num="40" type="stmt" count="1"/>
        <line num="44" type="stmt" count="9"/>
        <line num="45" type="stmt" count="9"/>
        <line num="46" type="stmt" count="9"/>
        <line num="47" type="stmt" count="9"/>
        <line num="52" type="stmt" count="9"/>
        <line num="53" type="stmt" count="9"/>
        <line num="54" type="stmt" count="9"/>
        <line num="55" type="stmt" count="9"/>
        <line num="56" type="stmt" count="8"/>
        <line num="57" type="stmt" count="8"/>
        <line num="58" type="stmt" count="8"/>
        <line num="59" type="stmt" count="8"/>
        <line num="60" type="stmt" count="8"/>
        <line num="61" type="stmt" count="8"/>
        <line num="62" type="stmt" count="9"/>
        <line num="65" type="stmt" count="9"/>
        <line num="66" type="stmt" count="9"/>
        <line num="67" type="stmt" count="9"/>
        <line num="72" type="stmt" count="9"/>
        <line num="73" type="stmt" count="9"/>
        <line num="74" type="stmt" count="9"/>
        <line num="75" type="stmt" count="9"/>
        <line num="76" type="stmt" count="8"/>
        <line num="77" type="stmt" count="8"/>
        <line num="78" type="stmt" count="8"/>
        <line num="79" type="stmt" count="8"/>
        <line num="80" type="stmt" count="8"/>
        <line num="81" type="stmt" count="8"/>
        <line num="82" type="stmt" count="9"/>
        <line num="86" type="stmt" count="9"/>
        <line num="87" type="stmt" count="9"/>
        <line num="88" type="stmt" count="0"/>
        <line num="90" type="stmt" count="9"/>
        <line num="91" type="stmt" count="9"/>
        <line num="92" type="stmt" count="9"/>
        <line num="93" type="stmt" count="9"/>
        <line num="97" type="stmt" count="9"/>
        <line num="98" type="stmt" count="9"/>
        <line num="99" type="stmt" count="9"/>
        <line num="100" type="stmt" count="9"/>
        <line num="101" type="stmt" count="9"/>
        <line num="102" type="stmt" count="8"/>
        <line num="103" type="stmt" count="8"/>
        <line num="104" type="stmt" count="8"/>
        <line num="105" type="stmt" count="8"/>
        <line num="106" type="stmt" count="8"/>
        <line num="107" type="stmt" count="8"/>
        <line num="108" type="stmt" count="9"/>
        <line num="111" type="stmt" count="9"/>
        <line num="112" type="stmt" count="9"/>
        <line num="113" type="stmt" count="9"/>
        <line num="114" type="stmt" count="9"/>
        <line num="115" type="stmt" count="9"/>
        <line num="116" type="stmt" count="9"/>
        <line num="117" type="stmt" count="9"/>
        <line num="118" type="stmt" count="9"/>
        <line num="119" type="stmt" count="9"/>
        <line num="120" type="stmt" count="9"/>
        <line num="121" type="stmt" count="9"/>
        <line num="122" type="stmt" count="9"/>
        <line num="123" type="stmt" count="9"/>
        <line num="124" type="stmt" count="9"/>
        <line num="127" type="stmt" count="9"/>
        <line num="129" type="stmt" count="9"/>
        <line num="130" type="stmt" count="9"/>
        <line num="131" type="stmt" count="9"/>
        <line num="132" type="stmt" count="9"/>
        <line num="138" type="method" name="buildDateRange" visibility="protected" complexity="8" crap="8.30" count="9"/>
        <line num="141" type="stmt" count="9"/>
        <line num="142" type="stmt" count="1"/>
        <line num="143" type="stmt" count="1"/>
        <line num="144" type="stmt" count="1"/>
        <line num="145" type="stmt" count="1"/>
        <line num="149" type="stmt" count="8"/>
        <line num="150" type="stmt" count="8"/>
        <line num="152" type="stmt" count="8"/>
        <line num="153" type="stmt" count="0"/>
        <line num="154" type="stmt" count="1"/>
        <line num="155" type="stmt" count="7"/>
        <line num="156" type="stmt" count="0"/>
        <line num="157" type="stmt" count="0"/>
        <line num="158" type="stmt" count="8"/>
        <line num="160" type="stmt" count="8"/>
        <line num="161" type="stmt" count="8"/>
        <line num="162" type="stmt" count="8"/>
        <line num="163" type="stmt" count="8"/>
        <metrics loc="169" ncloc="150" classes="1" methods="2" coveredmethods="0" conditionals="0" coveredconditionals="0" statements="97" coveredstatements="93" elements="99" coveredelements="93"/>
      </file>
      <file name="C:\Users\Nadali\Documents\GitHub\negarify-backend\app\Http\Controllers\Api\V1\AdminUsersController.php">
        <class name="App\Http\Controllers\Api\V1\AdminUsersController" namespace="App\Http\Controllers\Api\V1">
          <metrics complexity="7" methods="2" coveredmethods="2" conditionals="0" coveredconditionals="0" statements="142" coveredstatements="142" elements="144" coveredelements="144"/>
        </class>
        <line num="23" type="method" name="summary" visibility="public" complexity="2" crap="2" count="7"/>
        <line num="25" type="stmt" count="7"/>
        <line num="26" type="stmt" count="7"/>
        <line num="29" type="stmt" count="7"/>
        <line num="32" type="stmt" count="7"/>
        <line num="33" type="stmt" count="7"/>
        <line num="34" type="stmt" count="1"/>
        <line num="35" type="stmt" count="1"/>
        <line num="36" type="stmt" count="1"/>
        <line num="37" type="stmt" count="1"/>
        <line num="41" type="stmt" count="7"/>
        <line num="42" type="stmt" count="7"/>
        <line num="43" type="stmt" count="7"/>
        <line num="44" type="stmt" count="7"/>
        <line num="47" type="stmt" count="7"/>
        <line num="48" type="stmt" count="7"/>
        <line num="49" type="stmt" count="7"/>
        <line num="52" type="stmt" count="7"/>
        <line num="53" type="stmt" count="7"/>
        <line num="54" type="stmt" count="7"/>
        <line num="57" type="stmt" count="7"/>
        <line num="58" type="stmt" count="7"/>
        <line num="59" type="stmt" count="7"/>
        <line num="62" type="stmt" count="7"/>
        <line num="63" type="stmt" count="7"/>
        <line num="64" type="stmt" count="7"/>
        <line num="65" type="stmt" count="7"/>
        <line num="66" type="stmt" count="7"/>
        <line num="67" type="stmt" count="7"/>
        <line num="68" type="stmt" count="7"/>
        <line num="69" type="stmt" count="7"/>
        <line num="70" type="stmt" count="7"/>
        <line num="71" type="stmt" count="3"/>
        <line num="72" type="stmt" count="3"/>
        <line num="73" type="stmt" count="3"/>
        <line num="74" type="stmt" count="3"/>
        <line num="75" type="stmt" count="3"/>
        <line num="76" type="stmt" count="3"/>
        <line num="77" type="stmt" count="7"/>
        <line num="80" type="stmt" count="7"/>
        <line num="81" type="stmt" count="7"/>
        <line num="82" type="stmt" count="7"/>
        <line num="83" type="stmt" count="7"/>
        <line num="84" type="stmt" count="7"/>
        <line num="85" type="stmt" count="7"/>
        <line num="86" type="stmt" count="7"/>
        <line num="87" type="stmt" count="7"/>
        <line num="88" type="stmt" count="7"/>
        <line num="89" type="stmt" count="7"/>
        <line num="90" type="stmt" count="1"/>
        <line num="91" type="stmt" count="1"/>
        <line num="92" type="stmt" count="1"/>
[...]
      </file>
    </package>
    <package name="App\Services\Segmind">
      <file name="C:\Users\Nadali\Documents\GitHub\negarify-backend\app\Services\Segmind\BaseSegmindService.php">
        <class name="App\Services\Segmind\BaseSegmindService" namespace="App\Services\Segmind">
          <metrics complexity="29" methods="7" coveredmethods="2" conditionals="0" coveredconditionals="0" statements="118" coveredstatements="65" elements="125" coveredelements="67"/>
        </class>
        <line num="15" type="method" name="__construct" visibility="public" complexity="3" crap="3.21" count="6"/>
        <line num="17" type="stmt" count="6"/>
        <line num="18" type="stmt" count="6"/>
        <line num="19" type="stmt" count="6"/>
        <line num="21" type="stmt" count="6"/>
        <line num="22" type="stmt" count="0"/>
        <line num="25" type="stmt" count="6"/>
        <line num="26" type="stmt" count="0"/>
        <line num="40" type="method" name="makeRequest" visibility="protected" complexity="14" crap="38.50" count="6"/>
        <line num="46" type="stmt" count="6"/>
        <line num="47" type="stmt" count="6"/>
        <line num="48" type="stmt" count="6"/>
        <line num="50" type="stmt" count="6"/>
        <line num="53" type="stmt" count="6"/>
        <line num="55" type="stmt" count="6"/>
        <line num="56" type="stmt" count="6"/>
        <line num="57" type="stmt" count="6"/>
        <line num="58" type="stmt" count="6"/>
        <line num="59" type="stmt" count="6"/>
        <line num="60" type="stmt" count="6"/>
        <line num="63" type="stmt" count="6"/>
        <line num="65" type="stmt" count="6"/>
        <line num="66" type="stmt" count="5"/>
        <line num="70" type="stmt" count="1"/>
        <line num="71" type="stmt" count="0"/>
        <line num="72" type="stmt" count="0"/>
        <line num="74" type="stmt" count="0"/>
        <line num="75" type="stmt" count="0"/>
        <line num="76" type="stmt" count="0"/>
        <line num="77" type="stmt" count="0"/>
        <line num="78" type="stmt" count="0"/>
        <line num="79" type="stmt" count="0"/>
        <line num="81" type="stmt" count="0"/>
        <line num="82" type="stmt" count="0"/>
        <line num="83" type="stmt" count="0"/>
        <line num="88" type="stmt" count="1"/>
        <line num="89" type="stmt" count="1"/>
        <line num="90" type="stmt" count="1"/>
        <line num="91" type="stmt" count="1"/>
        <line num="92" type="stmt" count="1"/>
        <line num="93" type="stmt" count="1"/>
        <line num="94" type="stmt" count="1"/>
        <line num="96" type="stmt" count="1"/>
        <line num="97" type="stmt" count="1"/>
        <line num="98" type="stmt" count="1"/>
        <line num="103" type="stmt" count="1"/>
        <line num="104" type="stmt" count="0"/>
        <line num="106" type="stmt" count="0"/>
        <line num="107" type="stmt" count="0"/>
        <line num="108" type="stmt" count="0"/>
        <line num="109" type="stmt" count="0"/>
        <line num="110" type="stmt" count="0"/>
        <line num="111" type="stmt" count="0"/>
        <line num="113" type="stmt" count="0"/>
        <line num="114" type="stmt" count="0"/>
        <line num="115" type="stmt" count="0"/>
        <line num="116" type="stmt" count="0"/>
        <line num="120" type="stmt" count="1"/>
        <line num="121" type="stmt" count="0"/>
        <line num="122" type="stmt" count="0"/>
        <line num="126" type="stmt" count="1"/>
        <line num="127" type="stmt" count="1"/>
        <line num="128" type="stmt" count="1"/>
        <line num="129" type="stmt" count="1"/>
        <line num="130" type="stmt" count="1"/>
        <line num="132" type="stmt" count="0"/>
        <line num="133" type="stmt" count="0"/>
        <line num="134" type="stmt" count="0"/>
        <line num="135" type="stmt" count="0"/>
        <line num="136" type="stmt" count="0"/>
        <line num="137" type="stmt" count="0"/>
        <line num="139" type="stmt" count="0"/>
        <line num="140" type="stmt" count="0"/>
        <line num="141" type="stmt" count="0"/>
        <line num="144" type="stmt" count="0"/>
        <line num="145" type="stmt" count="0"/>
        <line num="146" type="stmt" count="0"/>
        <line num="147" type="stmt" count="0"/>
        <line num="148" type="stmt" count="0"/>
        <line num="149" type="stmt" count="1"/>
        <line num="151" type="stmt" count="1"/>
        <line num="152" type="stmt" count="1"/>
        <line num="153" type="stmt" count="1"/>
        <line num="154" type="stmt" count="1"/>
        <line num="155" type="stmt" count="1"/>
        <line num="157" type="stmt" count="1"/>
        <line num="162" type="stmt" count="0"/>
        <line num="168" type="method" name="logRequest" visibility="protected" complexity="1" crap="1" count="6"/>
        <line num="170" type="stmt" count="6"/>
        <line num="171" type="stmt" count="6"/>
        <line num="172" type="stmt" count="6"/>
        <line num="173" type="stmt" count="6"/>
        <line num="174" type="stmt" count="6"/>
        <line num="175" type="stmt" count="6"/>
        <line num="176" type="stmt" count="6"/>
        <line num="182" type="method" name="logResponse" visibility="protected" complexity="1" crap="1" count="6"/>
        <line num="184" type="stmt" count="6"/>
        <line num="185" type="stmt" count="6"/>
        <line num="186" type="stmt" count="6"/>
        <line num="187" type="stmt" count="6"/>
        <line num="188" type="stmt" count="6"/>
        <line num="189" type="stmt" count="6"/>
        <line num="190" type="stmt" count="6"/>
        <line num="196" type="method" name="sanitizeLogData" visibility="protected" complexity="4" crap="4.18" count="6"/>
        <line num="198" type="stmt" count="6"/>
        <line num="200" type="stmt" count="6"/>
        <line num="201" type="stmt" count="6"/>
        <line num="202" type="stmt" count="6"/>
        <line num="203" type="stmt" count="0"/>
        <line num="204" type="stmt" count="6"/>
        <line num="205" type="stmt" count="0"/>
        <line num="207" type="stmt" count="6"/>
        <line num="211" type="stmt" count="6"/>
        <line num="217" type="method" name="extractErrorMessage" visibility="protected" complexity="5" crap="30" count="0"/>
        <line num="219" type="stmt" count="0"/>
        <line num="220" type="stmt" count="0"/>
        <line num="224" type="stmt" count="0"/>
        <line num="226" type="stmt" count="0"/>
        <line num="227" type="stmt" count="0"/>
        <line num="228" type="stmt" count="0"/>
        <line num="229" type="stmt" count="0"/>
        <line num="230" type="stmt" count="0"/>
        <line num="234" type="stmt" count="0"/>
        <line num="240" type="method" name="getProviderName" visibility="protected" complexity="1" crap="2" count="0"/>
        <line num="242" type="stmt" count="0"/>
        <metrics loc="251" ncloc="211" classes="1" methods="7" coveredmethods="2" conditionals="0" coveredconditionals="0" statements="118" coveredstatements="65" elements="125" coveredelements="67"/>
      </file>
      <file name="C:\Users\Nadali\Documents\GitHub\negarify-backend\app\Services\Segmind\SegmindAudioService.php">
        <class name="App\Services\Segmind\SegmindAudioService" namespace="App\Services\Segmind">
          <metrics complexity="17" methods="7" coveredmethods="1" conditionals="0" coveredconditionals="0" statements="39" coveredstatements="21" elements="46" coveredelements="22"/>
        </class>
        <line num="12" type="method" name="__construct" visibility="public" complexity="1" crap="1" count="1"/>
        <line num="14" type="stmt" count="1"/>
        <line num="15" type="stmt" count="1"/>
        <line num="18" type="method" name="generateAudio" visibility="public" complexity="4" crap="5.02" count="1"/>
        <line num="20" type="stmt" count="1"/>
        <line num="21" type="stmt" count="0"/>
        <line num="24" type="stmt" count="1"/>
        <line num="25" type="stmt" count="1"/>
        <line num="27" type="stmt" count="1"/>
        <line num="29" type="stmt" count="1"/>
        <line num="30" type="stmt" count="1"/>
        <line num="33" type="stmt" count="0"/>
        <line num="34" type="stmt" count="0"/>
        <line num="37" type="stmt" count="0"/>
        <line num="40" type="method" name="getJobStatus" visibility="public" complexity="1" crap="2" count="0"/>
        <line num="42" type="stmt" count="0"/>
        <line num="43" type="stmt" count="0"/>
        <line num="45" type="stmt" count="0"/>
        <line num="46" type="stmt" count="0"/>
        <line num="47" type="stmt" count="0"/>
        <line num="48" type="stmt" count="0"/>
        <line num="49" type="stmt" count="0"/>
        <line num="52" type="method" name="mapParameters" visibility="protected" complexity="5" crap="5.58" count="1"/>
        <line num="54" type="stmt" count="1"/>
        <line num="56" type="stmt" count="1"/>
        <line num="57" type="stmt" count="1"/>
        <line num="58" type="stmt" count="1"/>
        <line num="60" type="stmt" count="0"/>
        <line num="63" type="stmt" count="1"/>
        <line num="64" type="stmt" count="1"/>
        <line num="65" type="stmt" count="1"/>
        <line num="67" type="stmt" count="0"/>
        <line num="70" type="stmt" count="1"/>
        <line num="71" type="stmt" count="0"/>
        <line num="74" type="stmt" count="1"/>
        <line num="75" type="stmt" count="0"/>
        <line num="78" type="stmt" count="1"/>
        <line num="81" type="method" name="validateDuration" visibility="protected" complexity="3" crap="4.12" count="1"/>
        <line num="83" type="stmt" count="1"/>
        <line num="84" type="stmt" count="0"/>
        <line num="88" type="method" name="validateFormat" visibility="protected" complexity="2" crap="2.15" count="1"/>
        <line num="90" type="stmt" count="1"/>
        <line num="91" type="stmt" count="1"/>
        <line num="92" type="stmt" count="0"/>
        <line num="96" type="method" name="getModelName" visibility="protected" complexity="1" crap="2" count="0"/>
        <line num="98" type="stmt" count="0"/>
        <metrics loc="102" ncloc="100" classes="1" methods="7" coveredmethods="1" conditionals="0" coveredconditionals="0" statements="39" coveredstatements="21" elements="46" coveredelements="22"/>
      </file>
      <file name="C:\Users\Nadali\Documents\GitHub\negarify-backend\app\Services\Segmind\SegmindImageService.php">
        <class name="App\Services\Segmind\SegmindImageService" namespace="App\Services\Segmind">
          <metrics complexity="25" methods="10" coveredmethods="4" conditionals="0" coveredconditionals="0" statements="66" coveredstatements="36" elements="76" coveredelements="40"/>
        </class>
        <line num="12" type="method" name="__construct" visibility="public" complexity="1" crap="1" count="4"/>
        <line num="14" type="stmt" count="4"/>
        <line num="15" type="stmt" count="4"/>
        <line num="36" type="method" name="generateImage" visibility="public" complexity="5" crap="8.12" count="4"/>
        <line num="39" type="stmt" count="4"/>
        <line num="40" type="stmt" count="0"/>
        <line num="44" type="stmt" count="4"/>
        <line num="47" type="stmt" count="4"/>
        <line num="50" type="stmt" count="4"/>
        <line num="56" type="stmt" count="3"/>
        <line num="57" type="stmt" count="3"/>
        <line num="58" type="stmt" count="3"/>
        <line num="59" type="stmt" count="3"/>
        <line num="60" type="stmt" count="3"/>
        <line num="63" type="stmt" count="0"/>
        <line num="66" type="stmt" count="0"/>
        <line num="69" type="stmt" count="0"/>
        <line num="71" type="stmt" count="0"/>
        <line num="72" type="stmt" count="0"/>
        <line num="73" type="stmt" count="0"/>
        <line num="74" type="stmt" count="0"/>
        <line num="77" type="stmt" count="0"/>
        <line num="90" type="method" name="getJobStatus" visibility="public" complexity="1" crap="2" count="0"/>
        <line num="92" type="stmt" count="0"/>
        <line num="94" type="stmt" count="0"/>
        <line num="96" type="stmt" count="0"/>
        <line num="97" type="stmt" count="0"/>
        <line num="98" type="stmt" count="0"/>
        <line num="99" type="stmt" count="0"/>
        <line num="100" type="stmt" count="0"/>
        <line num="106" type="method" name="mapParameters" visibility="protected" complexity="9" crap="10.44" count="4"/>
        <line num="108" type="stmt" count="4"/>
        <line num="109" type="stmt" count="4"/>
        <line num="110" type="stmt" count="4"/>
        <line num="113" type="stmt" count="4"/>
        <line num="114" type="stmt" count="0"/>
        <line num="118" type="stmt" count="4"/>
        <line num="119" type="stmt" count="1"/>
        <line num="121" type="stmt" count="1"/>
        <line num="122" type="stmt" count="1"/>
        <line num="123" type="stmt" count="1"/>
        <line num="127" type="stmt" count="3"/>
        <line num="128" type="stmt" count="3"/>
        <line num="129" type="stmt" count="3"/>
        <line num="133" type="stmt" count="4"/>
        <line num="134" type="stmt" count="0"/>
        <line num="135" type="stmt" count="0"/>
        <line num="139" type="stmt" count="4"/>
        <line num="140" type="stmt" count="0"/>
        <line num="144" type="stmt" count="4"/>
        <line num="145" type="stmt" count="0"/>
        <line num="149" type="stmt" count="4"/>
        <line num="150" type="stmt" count="0"/>
        <line num="153" type="stmt" count="4"/>
        <line num="159" type="method" name="validateSize" visibility="protected" complexity="4" crap="8.74" count="1"/>
        <line num="161" type="stmt" count="1"/>
        <line num="162" type="stmt" count="1"/>
        <line num="163" type="stmt" count="1"/>
        <line num="166" type="stmt" count="0"/>
        <line num="167" type="stmt" count="0"/>
        <line num="169" type="stmt" count="0"/>
        <line num="170" type="stmt" count="0"/>
        <line num="171" type="stmt" count="0"/>
        <line num="172" type="stmt" count="0"/>
        <line num="179" type="method" name="validateStyle" visibility="protected" complexity="1" crap="2" count="0"/>
        <line num="183" type="stmt" count="0"/>
        <line num="188" type="method" name="extractWidth" visibility="protected" complexity="1" crap="1" count="4"/>
        <line num="190" type="stmt" count="4"/>
        <line num="191" type="stmt" count="4"/>
        <line num="197" type="method" name="extractHeight" visibility="protected" complexity="1" crap="1" count="4"/>
        <line num="199" type="stmt" count="4"/>
        <line num="200" type="stmt" count="4"/>
        <line num="206" type="method" name="getDefaultSize" visibility="protected" complexity="1" crap="1" count="3"/>
        <line num="209" type="stmt" count="3"/>
        <line num="215" type="method" name="getModelName" visibility="protected" complexity="1" crap="2" count="0"/>
        <line num="217" type="stmt" count="0"/>
        <metrics loc="221" ncloc="150" classes="1" methods="10" coveredmethods="4" conditionals="0" coveredconditionals="0" statements="66" coveredstatements="36" elements="76" coveredelements="40"/>
      </file>
      <file name="C:\Users\Nadali\Documents\GitHub\negarify-backend\app\Services\Segmind\SegmindVideoService.php">
        <class name="App\Services\Segmind\SegmindVideoService" namespace="App\Services\Segmind">
          <metrics complexity="21" methods="8" coveredmethods="1" conditionals="0" coveredconditionals="0" statements="57" coveredstatements="28" elements="65" coveredelements="29"/>
        </class>
        <line num="12" type="method" name="__construct" visibility="public" complexity="1" crap="1" count="1"/>
        <line num="14" type="stmt" count="1"/>
        <line num="15" type="stmt" count="1"/>
        <line num="21" type="method" name="generateVideo" visibility="public" complexity="4" crap="5.34" count="1"/>
        <line num="23" type="stmt" count="1"/>
        <line num="24" type="stmt" count="0"/>
        <line num="27" type="stmt" count="1"/>
        <line num="28" type="stmt" count="1"/>
        <line num="30" type="stmt" count="1"/>
        <line num="32" type="stmt" count="1"/>
        <line num="33" type="stmt" count="1"/>
        <line num="34" type="stmt" count="1"/>
        <line num="35" type="stmt" count="1"/>
        <line num="36" type="stmt" count="1"/>
        <line num="39" type="stmt" count="0"/>
        <line num="40" type="stmt" count="0"/>
        <line num="41" type="stmt" count="0"/>
        <line num="42" type="stmt" count="0"/>
        <line num="43" type="stmt" count="0"/>
        <line num="46" type="stmt" count="0"/>
        <line num="52" type="method" name="getJobStatus" visibility="public" complexity="1" crap="2" count="0"/>
        <line num="54" type="stmt" count="0"/>
        <line num="55" type="stmt" count="0"/>
        <line num="57" type="stmt" count="0"/>
        <line num="58" type="stmt" count="0"/>
        <line num="59" type="stmt" count="0"/>
        <line num="60" type="stmt" count="0"/>
        <line num="61" type="stmt" count="0"/>
        <line num="67" type="method" name="mapParameters" visibility="protected" complexity="6" crap="7.99" count="1"/>
        <line num="69" type="stmt" count="1"/>
        <line num="71" type="stmt" count="1"/>
        <line num="72" type="stmt" count="0"/>
        <line num="75" type="stmt" count="1"/>
        <line num="76" type="stmt" count="1"/>
        <line num="77" type="stmt" count="1"/>
        <line num="79" type="stmt" count="0"/>
        <line num="82" type="stmt" count="1"/>
        <line num="83" type="stmt" count="1"/>
        <line num="84" type="stmt" count="1"/>
        <line num="85" type="stmt" count="1"/>
        <line num="86" type="stmt" count="1"/>
        <line num="88" type="stmt" count="0"/>
        <line num="89" type="stmt" count="0"/>
        <line num="90" type="stmt" count="0"/>
        <line num="91" type="stmt" count="0"/>
        <line num="94" type="stmt" count="1"/>
        <line num="95" type="stmt" count="0"/>
        <line num="98" type="stmt" count="1"/>
        <line num="99" type="stmt" count="0"/>
        <line num="102" type="stmt" count="1"/>
        <line num="105" type="method" name="validateDuration" visibility="protected" complexity="3" crap="4.12" count="1"/>
        <line num="107" type="stmt" count="1"/>
        <line num="108" type="stmt" count="0"/>
        <line num="112" type="method" name="validateResolution" visibility="protected" complexity="4" crap="6.99" count="1"/>
        <line num="114" type="stmt" count="1"/>
        <line num="115" type="stmt" count="1"/>
        <line num="116" type="stmt" count="1"/>
        <line num="119" type="stmt" count="0"/>
        <line num="120" type="stmt" count="0"/>
        <line num="122" type="stmt" count="0"/>
        <line num="123" type="stmt" count="0"/>
        <line num="127" type="method" name="getDefaultResolution" visibility="protected" complexity="1" crap="2" count="0"/>
        <line num="129" type="stmt" count="0"/>
        <line num="132" type="method" name="getModelName" visibility="protected" complexity="1" crap="2" count="0"/>
        <line num="134" type="stmt" count="0"/>
        <metrics loc="138" ncloc="127" classes="1" methods="8" coveredmethods="1" conditionals="0" coveredconditionals="0" statements="57" coveredstatements="28" elements="65" coveredelements="29"/>
      </file>
    </package>
    <metrics files="103" loc="12262" ncloc="10539" classes="91" methods="463" coveredmethods="186" conditionals="0" coveredconditionals="0" statements="5597" coveredstatements="3940" elements="6060" coveredelements="4126"/>
  </project>
</coverage>
