<?xml version="1.0" encoding="UTF-8"?>
<testsuites>
  <testsuite name="CLI Arguments" tests="32" assertions="166" errors="0" failures="0" skipped="0" time="2.882139">
    <testsuite name="Test\BackendTest\Laravel\Feature\Gallery\GalleryPostManagementTest" file="Gallery Post Management (Test\BackendTest\Laravel\Feature\Gallery\GalleryPostManagement)" tests="8" assertions="28" errors="0" failures="0" skipped="0" time="2.091617">
      <testcase name="It returns gallery post details" file="Gallery Post Management (Test\BackendTest\Laravel\Feature\Gallery\GalleryPostManagement)::It returns gallery post details" class="Test\BackendTest\Laravel\Feature\Gallery\GalleryPostManagementTest" classname="Test.BackendTest.Laravel.Feature.Gallery.GalleryPostManagementTest" assertions="9" time="1.870025"/>
      <testcase name="It hides private posts from other users" file="Gallery Post Management (Test\BackendTest\Laravel\Feature\Gallery\GalleryPostManagement)::It hides private posts from other users" class="Test\BackendTest\Laravel\Feature\Gallery\GalleryPostManagementTest" classname="Test.BackendTest.Laravel.Feature.Gallery.GalleryPostManagementTest" assertions="1" time="0.028484"/>
      <testcase name="It allows owner to view private post" file="Gallery Post Management (Test\BackendTest\Laravel\Feature\Gallery\GalleryPostManagement)::It allows owner to view private post" class="Test\BackendTest\Laravel\Feature\Gallery\GalleryPostManagementTest" classname="Test.BackendTest.Laravel.Feature.Gallery.GalleryPostManagementTest" assertions="1" time="0.026711"/>
      <testcase name="It updates gallery post" file="Gallery Post Management (Test\BackendTest\Laravel\Feature\Gallery\GalleryPostManagement)::It updates gallery post" class="Test\BackendTest\Laravel\Feature\Gallery\GalleryPostManagementTest" classname="Test.BackendTest.Laravel.Feature.Gallery.GalleryPostManagementTest" assertions="5" time="0.050195"/>
      <testcase name="It rejects updating other user post" file="Gallery Post Management (Test\BackendTest\Laravel\Feature\Gallery\GalleryPostManagement)::It rejects updating other user post" class="Test\BackendTest\Laravel\Feature\Gallery\GalleryPostManagementTest" classname="Test.BackendTest.Laravel.Feature.Gallery.GalleryPostManagementTest" assertions="2" time="0.026694"/>
      <testcase name="It deletes gallery post" file="Gallery Post Management (Test\BackendTest\Laravel\Feature\Gallery\GalleryPostManagement)::It deletes gallery post" class="Test\BackendTest\Laravel\Feature\Gallery\GalleryPostManagementTest" classname="Test.BackendTest.Laravel.Feature.Gallery.GalleryPostManagementTest" assertions="3" time="0.026567"/>
      <testcase name="It rejects deleting other user post" file="Gallery Post Management (Test\BackendTest\Laravel\Feature\Gallery\GalleryPostManagement)::It rejects deleting other user post" class="Test\BackendTest\Laravel\Feature\Gallery\GalleryPostManagementTest" classname="Test.BackendTest.Laravel.Feature.Gallery.GalleryPostManagementTest" assertions="2" time="0.027911"/>
      <testcase name="It returns user own posts" file="Gallery Post Management (Test\BackendTest\Laravel\Feature\Gallery\GalleryPostManagement)::It returns user own posts" class="Test\BackendTest\Laravel\Feature\Gallery\GalleryPostManagementTest" classname="Test.BackendTest.Laravel.Feature.Gallery.GalleryPostManagementTest" assertions="5" time="0.035029"/>
    </testsuite>
    <testsuite name="Test\BackendTest\Laravel\Feature\Gallery\GalleryPostTest" file="Gallery Post (Test\BackendTest\Laravel\Feature\Gallery\GalleryPost)" tests="5" assertions="47" errors="0" failures="0" skipped="0" time="0.161951">
      <testcase name="It creates gallery post from completed job" file="Gallery Post (Test\BackendTest\Laravel\Feature\Gallery\GalleryPost)::It creates gallery post from completed job" class="Test\BackendTest\Laravel\Feature\Gallery\GalleryPostTest" classname="Test.BackendTest.Laravel.Feature.Gallery.GalleryPostTest" assertions="15" time="0.041113"/>
      <testcase name="It rejects post from incomplete job" file="Gallery Post (Test\BackendTest\Laravel\Feature\Gallery\GalleryPost)::It rejects post from incomplete job" class="Test\BackendTest\Laravel\Feature\Gallery\GalleryPostTest" classname="Test.BackendTest.Laravel.Feature.Gallery.GalleryPostTest" assertions="2" time="0.028212"/>
      <testcase name="It rejects post from other user job" file="Gallery Post (Test\BackendTest\Laravel\Feature\Gallery\GalleryPost)::It rejects post from other user job" class="Test\BackendTest\Laravel\Feature\Gallery\GalleryPostTest" classname="Test.BackendTest.Laravel.Feature.Gallery.GalleryPostTest" assertions="2" time="0.025295"/>
      <testcase name="It prevents duplicate posts for same job" file="Gallery Post (Test\BackendTest\Laravel\Feature\Gallery\GalleryPost)::It prevents duplicate posts for same job" class="Test\BackendTest\Laravel\Feature\Gallery\GalleryPostTest" classname="Test.BackendTest.Laravel.Feature.Gallery.GalleryPostTest" assertions="2" time="0.026442"/>
      <testcase name="It respects prompt and model visibility flags" file="Gallery Post (Test\BackendTest\Laravel\Feature\Gallery\GalleryPost)::It respects prompt and model visibility flags" class="Test\BackendTest\Laravel\Feature\Gallery\GalleryPostTest" classname="Test.BackendTest.Laravel.Feature.Gallery.GalleryPostTest" assertions="26" time="0.040889"/>
    </testsuite>
    <testsuite name="Test\BackendTest\Laravel\Feature\Social\CommentAccuracyTest" file="Comment Accuracy (Test\BackendTest\Laravel\Feature\Social\CommentAccuracy)" tests="4" assertions="21" errors="0" failures="0" skipped="0" time="0.145441">
      <testcase name="It maintains accurate comments count" file="Comment Accuracy (Test\BackendTest\Laravel\Feature\Social\CommentAccuracy)::It maintains accurate comments count" class="Test\BackendTest\Laravel\Feature\Social\CommentAccuracyTest" classname="Test.BackendTest.Laravel.Feature.Social.CommentAccuracyTest" assertions="6" time="0.048516"/>
      <testcase name="It decrements comments count when deleting comment" file="Comment Accuracy (Test\BackendTest\Laravel\Feature\Social\CommentAccuracy)::It decrements comments count when deleting comment" class="Test\BackendTest\Laravel\Feature\Social\CommentAccuracyTest" classname="Test.BackendTest.Laravel.Feature.Social.CommentAccuracyTest" assertions="5" time="0.030182"/>
      <testcase name="It decrements comments count when deleting comment with replies" file="Comment Accuracy (Test\BackendTest\Laravel\Feature\Social\CommentAccuracy)::It decrements comments count when deleting comment with replies" class="Test\BackendTest\Laravel\Feature\Social\CommentAccuracyTest" classname="Test.BackendTest.Laravel.Feature.Social.CommentAccuracyTest" assertions="4" time="0.029685"/>
      <testcase name="It handles nested replies correctly" file="Comment Accuracy (Test\BackendTest\Laravel\Feature\Social\CommentAccuracy)::It handles nested replies correctly" class="Test\BackendTest\Laravel\Feature\Social\CommentAccuracyTest" classname="Test.BackendTest.Laravel.Feature.Social.CommentAccuracyTest" assertions="6" time="0.037057"/>
    </testsuite>
    <testsuite name="Test\BackendTest\Laravel\Feature\Social\CommentDeleteTest" file="Comment Delete (Test\BackendTest\Laravel\Feature\Social\CommentDelete)" tests="4" assertions="14" errors="0" failures="0" skipped="0" time="0.120764">
      <testcase name="It deletes own comment" file="Comment Delete (Test\BackendTest\Laravel\Feature\Social\CommentDelete)::It deletes own comment" class="Test\BackendTest\Laravel\Feature\Social\CommentDeleteTest" classname="Test.BackendTest.Laravel.Feature.Social.CommentDeleteTest" assertions="5" time="0.032306"/>
      <testcase name="It deletes comment with replies" file="Comment Delete (Test\BackendTest\Laravel\Feature\Social\CommentDelete)::It deletes comment with replies" class="Test\BackendTest\Laravel\Feature\Social\CommentDeleteTest" classname="Test.BackendTest.Laravel.Feature.Social.CommentDeleteTest" assertions="4" time="0.033832"/>
      <testcase name="It rejects deleting other user comment" file="Comment Delete (Test\BackendTest\Laravel\Feature\Social\CommentDelete)::It rejects deleting other user comment" class="Test\BackendTest\Laravel\Feature\Social\CommentDeleteTest" classname="Test.BackendTest.Laravel.Feature.Social.CommentDeleteTest" assertions="2" time="0.027173"/>
      <testcase name="It allows admin to delete any comment" file="Comment Delete (Test\BackendTest\Laravel\Feature\Social\CommentDelete)::It allows admin to delete any comment" class="Test\BackendTest\Laravel\Feature\Social\CommentDeleteTest" classname="Test.BackendTest.Laravel.Feature.Social.CommentDeleteTest" assertions="3" time="0.027453"/>
    </testsuite>
    <testsuite name="Test\BackendTest\Laravel\Feature\Social\CommentTest" file="Comment (Test\BackendTest\Laravel\Feature\Social\Comment)" tests="5" assertions="22" errors="0" failures="0" skipped="0" time="0.150418">
      <testcase name="It creates comment on post" file="Comment (Test\BackendTest\Laravel\Feature\Social\Comment)::It creates comment on post" class="Test\BackendTest\Laravel\Feature\Social\CommentTest" classname="Test.BackendTest.Laravel.Feature.Social.CommentTest" assertions="12" time="0.035070"/>
      <testcase name="It creates nested reply comment" file="Comment (Test\BackendTest\Laravel\Feature\Social\Comment)::It creates nested reply comment" class="Test\BackendTest\Laravel\Feature\Social\CommentTest" classname="Test.BackendTest.Laravel.Feature.Social.CommentTest" assertions="3" time="0.032045"/>
      <testcase name="It rejects reply to invalid parent comment" file="Comment (Test\BackendTest\Laravel\Feature\Social\Comment)::It rejects reply to invalid parent comment" class="Test\BackendTest\Laravel\Feature\Social\CommentTest" classname="Test.BackendTest.Laravel.Feature.Social.CommentTest" assertions="3" time="0.028935"/>
      <testcase name="It validates comment body" file="Comment (Test\BackendTest\Laravel\Feature\Social\Comment)::It validates comment body" class="Test\BackendTest\Laravel\Feature\Social\CommentTest" classname="Test.BackendTest.Laravel.Feature.Social.CommentTest" assertions="3" time="0.028276"/>
      <testcase name="It rejects comment for unauthenticated user" file="Comment (Test\BackendTest\Laravel\Feature\Social\Comment)::It rejects comment for unauthenticated user" class="Test\BackendTest\Laravel\Feature\Social\CommentTest" classname="Test.BackendTest.Laravel.Feature.Social.CommentTest" assertions="1" time="0.026092"/>
    </testsuite>
    <testsuite name="Test\BackendTest\Laravel\Feature\Social\LikeTest" file="Like (Test\BackendTest\Laravel\Feature\Social\Like)" tests="6" assertions="34" errors="0" failures="0" skipped="0" time="0.211947">
      <testcase name="It likes a post" file="Like (Test\BackendTest\Laravel\Feature\Social\Like)::It likes a post" class="Test\BackendTest\Laravel\Feature\Social\LikeTest" classname="Test.BackendTest.Laravel.Feature.Social.LikeTest" assertions="10" time="0.034917"/>
      <testcase name="It is idempotent prevents duplicate likes" file="Like (Test\BackendTest\Laravel\Feature\Social\Like)::It is idempotent prevents duplicate likes" class="Test\BackendTest\Laravel\Feature\Social\LikeTest" classname="Test.BackendTest.Laravel.Feature.Social.LikeTest" assertions="5" time="0.032305"/>
      <testcase name="It unlikes a post" file="Like (Test\BackendTest\Laravel\Feature\Social\Like)::It unlikes a post" class="Test\BackendTest\Laravel\Feature\Social\LikeTest" classname="Test.BackendTest.Laravel.Feature.Social.LikeTest" assertions="4" time="0.032301"/>
      <testcase name="It rejects like for unauthenticated user" file="Like (Test\BackendTest\Laravel\Feature\Social\Like)::It rejects like for unauthenticated user" class="Test\BackendTest\Laravel\Feature\Social\LikeTest" classname="Test.BackendTest.Laravel.Feature.Social.LikeTest" assertions="1" time="0.035697"/>
      <testcase name="It allows liking own post" file="Like (Test\BackendTest\Laravel\Feature\Social\Like)::It allows liking own post" class="Test\BackendTest\Laravel\Feature\Social\LikeTest" classname="Test.BackendTest.Laravel.Feature.Social.LikeTest" assertions="4" time="0.033704"/>
      <testcase name="It maintains accurate likes count" file="Like (Test\BackendTest\Laravel\Feature\Social\Like)::It maintains accurate likes count" class="Test\BackendTest\Laravel\Feature\Social\LikeTest" classname="Test.BackendTest.Laravel.Feature.Social.LikeTest" assertions="10" time="0.043022"/>
    </testsuite>
  </testsuite>
</testsuites>
