<?xml version="1.0" encoding="UTF-8"?>
<testsuites>
  <testsuite name="C:\Users\Nadali\Documents\GitHub\negarify-backend\phpunit.xml" tests="318" assertions="1765" errors="0" failures="0" skipped="0" time="14.633387">
    <testsuite name="BackendTest" tests="318" assertions="1765" errors="0" failures="0" skipped="0" time="14.633387">
      <testsuite name="Test\BackendTest\Laravel\Feature\Admin\AdminCostProfitTest" file="Admin Cost Profit (Test\BackendTest\Laravel\Feature\Admin\AdminCostProfit)" tests="9" assertions="50" errors="0" failures="0" skipped="0" time="2.031341">
        <testcase name="It calculates revenue cost and profit" file="Admin Cost Profit (Test\BackendTest\Laravel\Feature\Admin\AdminCostProfit)::It calculates revenue cost and profit" class="Test\BackendTest\Laravel\Feature\Admin\AdminCostProfitTest" classname="Test.BackendTest.Laravel.Feature.Admin.AdminCostProfitTest" assertions="18" time="1.803362"/>
        <testcase name="It calculates profit margins correctly" file="Admin Cost Profit (Test\BackendTest\Laravel\Feature\Admin\AdminCostProfit)::It calculates profit margins correctly" class="Test\BackendTest\Laravel\Feature\Admin\AdminCostProfitTest" classname="Test.BackendTest.Laravel.Feature.Admin.AdminCostProfitTest" assertions="1" time="0.029604"/>
        <testcase name="It provides breakdown by model" file="Admin Cost Profit (Test\BackendTest\Laravel\Feature\Admin\AdminCostProfit)::It provides breakdown by model" class="Test\BackendTest\Laravel\Feature\Admin\AdminCostProfitTest" classname="Test.BackendTest.Laravel.Feature.Admin.AdminCostProfitTest" assertions="4" time="0.028252"/>
        <testcase name="It provides breakdown by provider" file="Admin Cost Profit (Test\BackendTest\Laravel\Feature\Admin\AdminCostProfit)::It provides breakdown by provider" class="Test\BackendTest\Laravel\Feature\Admin\AdminCostProfitTest" classname="Test.BackendTest.Laravel.Feature.Admin.AdminCostProfitTest" assertions="4" time="0.028606"/>
        <testcase name="It provides historical comparison" file="Admin Cost Profit (Test\BackendTest\Laravel\Feature\Admin\AdminCostProfit)::It provides historical comparison" class="Test\BackendTest\Laravel\Feature\Admin\AdminCostProfitTest" classname="Test.BackendTest.Laravel.Feature.Admin.AdminCostProfitTest" assertions="6" time="0.027954"/>
        <testcase name="It provides profit margins over time" file="Admin Cost Profit (Test\BackendTest\Laravel\Feature\Admin\AdminCostProfit)::It provides profit margins over time" class="Test\BackendTest\Laravel\Feature\Admin\AdminCostProfitTest" classname="Test.BackendTest.Laravel.Feature.Admin.AdminCostProfitTest" assertions="9" time="0.028427"/>
        <testcase name="It supports date range filtering" file="Admin Cost Profit (Test\BackendTest\Laravel\Feature\Admin\AdminCostProfit)::It supports date range filtering" class="Test\BackendTest\Laravel\Feature\Admin\AdminCostProfitTest" classname="Test.BackendTest.Laravel.Feature.Admin.AdminCostProfitTest" assertions="2" time="0.028271"/>
        <testcase name="It supports range parameter" file="Admin Cost Profit (Test\BackendTest\Laravel\Feature\Admin\AdminCostProfit)::It supports range parameter" class="Test\BackendTest\Laravel\Feature\Admin\AdminCostProfitTest" classname="Test.BackendTest.Laravel.Feature.Admin.AdminCostProfitTest" assertions="5" time="0.027459"/>
        <testcase name="It caches cost profit data" file="Admin Cost Profit (Test\BackendTest\Laravel\Feature\Admin\AdminCostProfit)::It caches cost profit data" class="Test\BackendTest\Laravel\Feature\Admin\AdminCostProfitTest" classname="Test.BackendTest.Laravel.Feature.Admin.AdminCostProfitTest" assertions="1" time="0.029405"/>
      </testsuite>
      <testsuite name="Test\BackendTest\Laravel\Feature\Admin\AdminModelsTest" file="Admin Models (Test\BackendTest\Laravel\Feature\Admin\AdminModels)" tests="9" assertions="58" errors="0" failures="0" skipped="0" time="0.268237">
        <testcase name="It returns usage statistics per model" file="Admin Models (Test\BackendTest\Laravel\Feature\Admin\AdminModels)::It returns usage statistics per model" class="Test\BackendTest\Laravel\Feature\Admin\AdminModelsTest" classname="Test.BackendTest.Laravel.Feature.Admin.AdminModelsTest" assertions="30" time="0.050430"/>
        <testcase name="It calculates success and failure rates" file="Admin Models (Test\BackendTest\Laravel\Feature\Admin\AdminModels)::It calculates success and failure rates" class="Test\BackendTest\Laravel\Feature\Admin\AdminModelsTest" classname="Test.BackendTest.Laravel.Feature.Admin.AdminModelsTest" assertions="6" time="0.030982"/>
        <testcase name="It calculates average latency" file="Admin Models (Test\BackendTest\Laravel\Feature\Admin\AdminModels)::It calculates average latency" class="Test\BackendTest\Laravel\Feature\Admin\AdminModelsTest" classname="Test.BackendTest.Laravel.Feature.Admin.AdminModelsTest" assertions="2" time="0.026634"/>
        <testcase name="It tracks tokens consumed per model" file="Admin Models (Test\BackendTest\Laravel\Feature\Admin\AdminModels)::It tracks tokens consumed per model" class="Test\BackendTest\Laravel\Feature\Admin\AdminModelsTest" classname="Test.BackendTest.Laravel.Feature.Admin.AdminModelsTest" assertions="2" time="0.025667"/>
        <testcase name="It tracks cost and revenue per model" file="Admin Models (Test\BackendTest\Laravel\Feature\Admin\AdminModels)::It tracks cost and revenue per model" class="Test\BackendTest\Laravel\Feature\Admin\AdminModelsTest" classname="Test.BackendTest.Laravel.Feature.Admin.AdminModelsTest" assertions="2" time="0.028626"/>
        <testcase name="It supports date range filtering" file="Admin Models (Test\BackendTest\Laravel\Feature\Admin\AdminModels)::It supports date range filtering" class="Test\BackendTest\Laravel\Feature\Admin\AdminModelsTest" classname="Test.BackendTest.Laravel.Feature.Admin.AdminModelsTest" assertions="6" time="0.025749"/>
        <testcase name="It supports range parameter" file="Admin Models (Test\BackendTest\Laravel\Feature\Admin\AdminModels)::It supports range parameter" class="Test\BackendTest\Laravel\Feature\Admin\AdminModelsTest" classname="Test.BackendTest.Laravel.Feature.Admin.AdminModelsTest" assertions="4" time="0.026482"/>
        <testcase name="It caches models usage data" file="Admin Models (Test\BackendTest\Laravel\Feature\Admin\AdminModels)::It caches models usage data" class="Test\BackendTest\Laravel\Feature\Admin\AdminModelsTest" classname="Test.BackendTest.Laravel.Feature.Admin.AdminModelsTest" assertions="1" time="0.028061"/>
        <testcase name="It handles breakdown by job type" file="Admin Models (Test\BackendTest\Laravel\Feature\Admin\AdminModels)::It handles breakdown by job type" class="Test\BackendTest\Laravel\Feature\Admin\AdminModelsTest" classname="Test.BackendTest.Laravel.Feature.Admin.AdminModelsTest" assertions="5" time="0.025605"/>
      </testsuite>
      <testsuite name="Test\BackendTest\Laravel\Feature\Admin\AdminRbacTest" file="Admin Rbac (Test\BackendTest\Laravel\Feature\Admin\AdminRbac)" tests="4" assertions="30" errors="0" failures="0" skipped="0" time="0.138261">
        <testcase name="It requires admin role for admin endpoints" file="Admin Rbac (Test\BackendTest\Laravel\Feature\Admin\AdminRbac)::It requires admin role for admin endpoints" class="Test\BackendTest\Laravel\Feature\Admin\AdminRbacTest" classname="Test.BackendTest.Laravel.Feature.Admin.AdminRbacTest" assertions="7" time="0.054739"/>
        <testcase name="It rejects non admin users with 403" file="Admin Rbac (Test\BackendTest\Laravel\Feature\Admin\AdminRbac)::It rejects non admin users with 403" class="Test\BackendTest\Laravel\Feature\Admin\AdminRbacTest" classname="Test.BackendTest.Laravel.Feature.Admin.AdminRbacTest" assertions="14" time="0.028052"/>
        <testcase name="It rejects unauthenticated users with 401" file="Admin Rbac (Test\BackendTest\Laravel\Feature\Admin\AdminRbac)::It rejects unauthenticated users with 401" class="Test\BackendTest\Laravel\Feature\Admin\AdminRbacTest" classname="Test.BackendTest.Laravel.Feature.Admin.AdminRbacTest" assertions="7" time="0.035036"/>
        <testcase name="It verifies admin middleware works" file="Admin Rbac (Test\BackendTest\Laravel\Feature\Admin\AdminRbac)::It verifies admin middleware works" class="Test\BackendTest\Laravel\Feature\Admin\AdminRbacTest" classname="Test.BackendTest.Laravel.Feature.Admin.AdminRbacTest" assertions="2" time="0.020434"/>
      </testsuite>
      <testsuite name="Test\BackendTest\Laravel\Feature\Admin\AdminSalesTest" file="Admin Sales (Test\BackendTest\Laravel\Feature\Admin\AdminSales)" tests="6" assertions="32" errors="0" failures="0" skipped="0" time="0.163590">
        <testcase name="It returns revenue by period" file="Admin Sales (Test\BackendTest\Laravel\Feature\Admin\AdminSales)::It returns revenue by period" class="Test\BackendTest\Laravel\Feature\Admin\AdminSalesTest" classname="Test.BackendTest.Laravel.Feature.Admin.AdminSalesTest" assertions="9" time="0.029453"/>
        <testcase name="It calculates total revenue correctly" file="Admin Sales (Test\BackendTest\Laravel\Feature\Admin\AdminSales)::It calculates total revenue correctly" class="Test\BackendTest\Laravel\Feature\Admin\AdminSalesTest" classname="Test.BackendTest.Laravel.Feature.Admin.AdminSalesTest" assertions="2" time="0.026862"/>
        <testcase name="It returns top selling bundles" file="Admin Sales (Test\BackendTest\Laravel\Feature\Admin\AdminSales)::It returns top selling bundles" class="Test\BackendTest\Laravel\Feature\Admin\AdminSalesTest" classname="Test.BackendTest.Laravel.Feature.Admin.AdminSalesTest" assertions="3" time="0.027806"/>
        <testcase name="It tracks refunds" file="Admin Sales (Test\BackendTest\Laravel\Feature\Admin\AdminSales)::It tracks refunds" class="Test\BackendTest\Laravel\Feature\Admin\AdminSalesTest" classname="Test.BackendTest.Laravel.Feature.Admin.AdminSalesTest" assertions="3" time="0.024403"/>
        <testcase name="It supports date range filtering" file="Admin Sales (Test\BackendTest\Laravel\Feature\Admin\AdminSales)::It supports date range filtering" class="Test\BackendTest\Laravel\Feature\Admin\AdminSalesTest" classname="Test.BackendTest.Laravel.Feature.Admin.AdminSalesTest" assertions="14" time="0.027898"/>
        <testcase name="It caches sales summary" file="Admin Sales (Test\BackendTest\Laravel\Feature\Admin\AdminSales)::It caches sales summary" class="Test\BackendTest\Laravel\Feature\Admin\AdminSalesTest" classname="Test.BackendTest.Laravel.Feature.Admin.AdminSalesTest" assertions="1" time="0.027168"/>
      </testsuite>
      <testsuite name="Test\BackendTest\Laravel\Feature\Admin\AdminTokensTest" file="Admin Tokens (Test\BackendTest\Laravel\Feature\Admin\AdminTokens)" tests="7" assertions="49" errors="0" failures="0" skipped="0" time="0.199470">
        <testcase name="It returns tokens consumption by provider" file="Admin Tokens (Test\BackendTest\Laravel\Feature\Admin\AdminTokens)::It returns tokens consumption by provider" class="Test\BackendTest\Laravel\Feature\Admin\AdminTokensTest" classname="Test.BackendTest.Laravel.Feature.Admin.AdminTokensTest" assertions="21" time="0.033168"/>
        <testcase name="It returns tokens consumption by type" file="Admin Tokens (Test\BackendTest\Laravel\Feature\Admin\AdminTokens)::It returns tokens consumption by type" class="Test\BackendTest\Laravel\Feature\Admin\AdminTokensTest" classname="Test.BackendTest.Laravel.Feature.Admin.AdminTokensTest" assertions="6" time="0.025836"/>
        <testcase name="It returns cost per provider" file="Admin Tokens (Test\BackendTest\Laravel\Feature\Admin\AdminTokens)::It returns cost per provider" class="Test\BackendTest\Laravel\Feature\Admin\AdminTokensTest" classname="Test.BackendTest.Laravel.Feature.Admin.AdminTokensTest" assertions="3" time="0.027940"/>
        <testcase name="It returns time series data" file="Admin Tokens (Test\BackendTest\Laravel\Feature\Admin\AdminTokens)::It returns time series data" class="Test\BackendTest\Laravel\Feature\Admin\AdminTokensTest" classname="Test.BackendTest.Laravel.Feature.Admin.AdminTokensTest" assertions="8" time="0.026531"/>
        <testcase name="It supports date range filtering" file="Admin Tokens (Test\BackendTest\Laravel\Feature\Admin\AdminTokens)::It supports date range filtering" class="Test\BackendTest\Laravel\Feature\Admin\AdminTokensTest" classname="Test.BackendTest.Laravel.Feature.Admin.AdminTokensTest" assertions="4" time="0.031493"/>
        <testcase name="It supports range parameter" file="Admin Tokens (Test\BackendTest\Laravel\Feature\Admin\AdminTokens)::It supports range parameter" class="Test\BackendTest\Laravel\Feature\Admin\AdminTokensTest" classname="Test.BackendTest.Laravel.Feature.Admin.AdminTokensTest" assertions="6" time="0.025738"/>
        <testcase name="It caches token analytics data" file="Admin Tokens (Test\BackendTest\Laravel\Feature\Admin\AdminTokens)::It caches token analytics data" class="Test\BackendTest\Laravel\Feature\Admin\AdminTokensTest" classname="Test.BackendTest.Laravel.Feature.Admin.AdminTokensTest" assertions="1" time="0.028765"/>
      </testsuite>
      <testsuite name="Test\BackendTest\Laravel\Feature\Admin\AdminUsersTest" file="Admin Users (Test\BackendTest\Laravel\Feature\Admin\AdminUsers)" tests="9" assertions="71" errors="0" failures="0" skipped="0" time="0.255645">
        <testcase name="It calculates dau wau mau correctly" file="Admin Users (Test\BackendTest\Laravel\Feature\Admin\AdminUsers)::It calculates dau wau mau correctly" class="Test\BackendTest\Laravel\Feature\Admin\AdminUsersTest" classname="Test.BackendTest.Laravel.Feature.Admin.AdminUsersTest" assertions="16" time="0.036979"/>
        <testcase name="It returns top users by generation" file="Admin Users (Test\BackendTest\Laravel\Feature\Admin\AdminUsers)::It returns top users by generation" class="Test\BackendTest\Laravel\Feature\Admin\AdminUsersTest" classname="Test.BackendTest.Laravel.Feature.Admin.AdminUsersTest" assertions="5" time="0.029592"/>
        <testcase name="It returns top users by spending" file="Admin Users (Test\BackendTest\Laravel\Feature\Admin\AdminUsers)::It returns top users by spending" class="Test\BackendTest\Laravel\Feature\Admin\AdminUsersTest" classname="Test.BackendTest.Laravel.Feature.Admin.AdminUsersTest" assertions="5" time="0.027371"/>
        <testcase name="It performs cohort analysis" file="Admin Users (Test\BackendTest\Laravel\Feature\Admin\AdminUsers)::It performs cohort analysis" class="Test\BackendTest\Laravel\Feature\Admin\AdminUsersTest" classname="Test.BackendTest.Laravel.Feature.Admin.AdminUsersTest" assertions="16" time="0.026035"/>
        <testcase name="It searches users by name phone or email" file="Admin Users (Test\BackendTest\Laravel\Feature\Admin\AdminUsers)::It searches users by name phone or email" class="Test\BackendTest\Laravel\Feature\Admin\AdminUsersTest" classname="Test.BackendTest.Laravel.Feature.Admin.AdminUsersTest" assertions="10" time="0.028468"/>
        <testcase name="It filters users by role" file="Admin Users (Test\BackendTest\Laravel\Feature\Admin\AdminUsers)::It filters users by role" class="Test\BackendTest\Laravel\Feature\Admin\AdminUsersTest" classname="Test.BackendTest.Laravel.Feature.Admin.AdminUsersTest" assertions="4" time="0.024117"/>
        <testcase name="It filters users by date range" file="Admin Users (Test\BackendTest\Laravel\Feature\Admin\AdminUsers)::It filters users by date range" class="Test\BackendTest\Laravel\Feature\Admin\AdminUsersTest" classname="Test.BackendTest.Laravel.Feature.Admin.AdminUsersTest" assertions="2" time="0.023678"/>
        <testcase name="It paginates users list" file="Admin Users (Test\BackendTest\Laravel\Feature\Admin\AdminUsers)::It paginates users list" class="Test\BackendTest\Laravel\Feature\Admin\AdminUsersTest" classname="Test.BackendTest.Laravel.Feature.Admin.AdminUsersTest" assertions="12" time="0.033842"/>
        <testcase name="It caches users summary" file="Admin Users (Test\BackendTest\Laravel\Feature\Admin\AdminUsers)::It caches users summary" class="Test\BackendTest\Laravel\Feature\Admin\AdminUsersTest" classname="Test.BackendTest.Laravel.Feature.Admin.AdminUsersTest" assertions="1" time="0.025564"/>
      </testsuite>
      <testsuite name="Test\BackendTest\Laravel\Feature\Admin\DashboardSummaryTest" file="Dashboard Summary (Test\BackendTest\Laravel\Feature\Admin\DashboardSummary)" tests="8" assertions="79" errors="0" failures="0" skipped="0" time="0.226372">
        <testcase name="It returns sales summary" file="Dashboard Summary (Test\BackendTest\Laravel\Feature\Admin\DashboardSummary)::It returns sales summary" class="Test\BackendTest\Laravel\Feature\Admin\DashboardSummaryTest" classname="Test.BackendTest.Laravel.Feature.Admin.DashboardSummaryTest" assertions="12" time="0.039416"/>
        <testcase name="It returns users summary" file="Dashboard Summary (Test\BackendTest\Laravel\Feature\Admin\DashboardSummary)::It returns users summary" class="Test\BackendTest\Laravel\Feature\Admin\DashboardSummaryTest" classname="Test.BackendTest.Laravel.Feature.Admin.DashboardSummaryTest" assertions="10" time="0.027347"/>
        <testcase name="It returns tokens summary" file="Dashboard Summary (Test\BackendTest\Laravel\Feature\Admin\DashboardSummary)::It returns tokens summary" class="Test\BackendTest\Laravel\Feature\Admin\DashboardSummaryTest" classname="Test.BackendTest.Laravel.Feature.Admin.DashboardSummaryTest" assertions="4" time="0.026961"/>
        <testcase name="It returns cost profit summary" file="Dashboard Summary (Test\BackendTest\Laravel\Feature\Admin\DashboardSummary)::It returns cost profit summary" class="Test\BackendTest\Laravel\Feature\Admin\DashboardSummaryTest" classname="Test.BackendTest.Laravel.Feature.Admin.DashboardSummaryTest" assertions="9" time="0.028039"/>
        <testcase name="It returns models usage summary" file="Dashboard Summary (Test\BackendTest\Laravel\Feature\Admin\DashboardSummary)::It returns models usage summary" class="Test\BackendTest\Laravel\Feature\Admin\DashboardSummaryTest" classname="Test.BackendTest.Laravel.Feature.Admin.DashboardSummaryTest" assertions="4" time="0.026204"/>
        <testcase name="It returns users list" file="Dashboard Summary (Test\BackendTest\Laravel\Feature\Admin\DashboardSummary)::It returns users list" class="Test\BackendTest\Laravel\Feature\Admin\DashboardSummaryTest" classname="Test.BackendTest.Laravel.Feature.Admin.DashboardSummaryTest" assertions="30" time="0.025192"/>
        <testcase name="It filters users list by role" file="Dashboard Summary (Test\BackendTest\Laravel\Feature\Admin\DashboardSummary)::It filters users list by role" class="Test\BackendTest\Laravel\Feature\Admin\DashboardSummaryTest" classname="Test.BackendTest.Laravel.Feature.Admin.DashboardSummaryTest" assertions="2" time="0.023134"/>
        <testcase name="It rejects admin endpoints for non admin" file="Dashboard Summary (Test\BackendTest\Laravel\Feature\Admin\DashboardSummary)::It rejects admin endpoints for non admin" class="Test\BackendTest\Laravel\Feature\Admin\DashboardSummaryTest" classname="Test.BackendTest.Laravel.Feature.Admin.DashboardSummaryTest" assertions="8" time="0.030079"/>
      </testsuite>
      <testsuite name="Test\BackendTest\Laravel\Feature\Admin\GalleryAdminTest" file="Gallery Admin (Test\BackendTest\Laravel\Feature\Admin\GalleryAdmin)" tests="6" assertions="49" errors="0" failures="0" skipped="0" time="0.191057">
        <testcase name="It curates post as admin" file="Gallery Admin (Test\BackendTest\Laravel\Feature\Admin\GalleryAdmin)::It curates post as admin" class="Test\BackendTest\Laravel\Feature\Admin\GalleryAdminTest" classname="Test.BackendTest.Laravel.Feature.Admin.GalleryAdminTest" assertions="5" time="0.038863"/>
        <testcase name="It rejects curating private post" file="Gallery Admin (Test\BackendTest\Laravel\Feature\Admin\GalleryAdmin)::It rejects curating private post" class="Test\BackendTest\Laravel\Feature\Admin\GalleryAdminTest" classname="Test.BackendTest.Laravel.Feature.Admin.GalleryAdminTest" assertions="2" time="0.024516"/>
        <testcase name="It uncurates post" file="Gallery Admin (Test\BackendTest\Laravel\Feature\Admin\GalleryAdmin)::It uncurates post" class="Test\BackendTest\Laravel\Feature\Admin\GalleryAdminTest" classname="Test.BackendTest.Laravel.Feature.Admin.GalleryAdminTest" assertions="4" time="0.026545"/>
        <testcase name="It features post" file="Gallery Admin (Test\BackendTest\Laravel\Feature\Admin\GalleryAdmin)::It features post" class="Test\BackendTest\Laravel\Feature\Admin\GalleryAdminTest" classname="Test.BackendTest.Laravel.Feature.Admin.GalleryAdminTest" assertions="2" time="0.031029"/>
        <testcase name="It performs bulk curation" file="Gallery Admin (Test\BackendTest\Laravel\Feature\Admin\GalleryAdmin)::It performs bulk curation" class="Test\BackendTest\Laravel\Feature\Admin\GalleryAdminTest" classname="Test.BackendTest.Laravel.Feature.Admin.GalleryAdminTest" assertions="5" time="0.031576"/>
        <testcase name="It lists curated posts" file="Gallery Admin (Test\BackendTest\Laravel\Feature\Admin\GalleryAdmin)::It lists curated posts" class="Test\BackendTest\Laravel\Feature\Admin\GalleryAdminTest" classname="Test.BackendTest.Laravel.Feature.Admin.GalleryAdminTest" assertions="31" time="0.038528"/>
      </testsuite>
      <testsuite name="Test\BackendTest\Laravel\Feature\Admin\ModerationAdminTest" file="Moderation Admin (Test\BackendTest\Laravel\Feature\Admin\ModerationAdmin)" tests="5" assertions="33" errors="0" failures="0" skipped="0" time="0.150436">
        <testcase name="It returns moderation queue" file="Moderation Admin (Test\BackendTest\Laravel\Feature\Admin\ModerationAdmin)::It returns moderation queue" class="Test\BackendTest\Laravel\Feature\Admin\ModerationAdminTest" classname="Test.BackendTest.Laravel.Feature.Admin.ModerationAdminTest" assertions="12" time="0.035019"/>
        <testcase name="It returns reports list" file="Moderation Admin (Test\BackendTest\Laravel\Feature\Admin\ModerationAdmin)::It returns reports list" class="Test\BackendTest\Laravel\Feature\Admin\ModerationAdminTest" classname="Test.BackendTest.Laravel.Feature.Admin.ModerationAdminTest" assertions="11" time="0.028871"/>
        <testcase name="It approves post in moderation" file="Moderation Admin (Test\BackendTest\Laravel\Feature\Admin\ModerationAdmin)::It approves post in moderation" class="Test\BackendTest\Laravel\Feature\Admin\ModerationAdminTest" classname="Test.BackendTest.Laravel.Feature.Admin.ModerationAdminTest" assertions="3" time="0.029051"/>
        <testcase name="It rejects post in moderation" file="Moderation Admin (Test\BackendTest\Laravel\Feature\Admin\ModerationAdmin)::It rejects post in moderation" class="Test\BackendTest\Laravel\Feature\Admin\ModerationAdminTest" classname="Test.BackendTest.Laravel.Feature.Admin.ModerationAdminTest" assertions="4" time="0.029423"/>
        <testcase name="It resolves report" file="Moderation Admin (Test\BackendTest\Laravel\Feature\Admin\ModerationAdmin)::It resolves report" class="Test\BackendTest\Laravel\Feature\Admin\ModerationAdminTest" classname="Test.BackendTest.Laravel.Feature.Admin.ModerationAdminTest" assertions="3" time="0.028072"/>
      </testsuite>
      <testsuite name="Test\BackendTest\Laravel\Feature\Admin\SystemHealthTest" file="System Health (Test\BackendTest\Laravel\Feature\Admin\SystemHealth)" tests="8" assertions="59" errors="0" failures="0" skipped="0" time="0.240344">
        <testcase name="It returns system health metrics" file="System Health (Test\BackendTest\Laravel\Feature\Admin\SystemHealth)::It returns system health metrics" class="Test\BackendTest\Laravel\Feature\Admin\SystemHealthTest" classname="Test.BackendTest.Laravel.Feature.Admin.SystemHealthTest" assertions="18" time="0.031372"/>
        <testcase name="It caches system health" file="System Health (Test\BackendTest\Laravel\Feature\Admin\SystemHealth)::It caches system health" class="Test\BackendTest\Laravel\Feature\Admin\SystemHealthTest" classname="Test.BackendTest.Laravel.Feature.Admin.SystemHealthTest" assertions="3" time="0.025094"/>
        <testcase name="It rejects system health access for non admin" file="System Health (Test\BackendTest\Laravel\Feature\Admin\SystemHealth)::It rejects system health access for non admin" class="Test\BackendTest\Laravel\Feature\Admin\SystemHealthTest" classname="Test.BackendTest.Laravel.Feature.Admin.SystemHealthTest" assertions="1" time="0.026918"/>
        <testcase name="It tracks failed jobs count" file="System Health (Test\BackendTest\Laravel\Feature\Admin\SystemHealth)::It tracks failed jobs count" class="Test\BackendTest\Laravel\Feature\Admin\SystemHealthTest" classname="Test.BackendTest.Laravel.Feature.Admin.SystemHealthTest" assertions="7" time="0.025361"/>
        <testcase name="It calculates error rate" file="System Health (Test\BackendTest\Laravel\Feature\Admin\SystemHealth)::It calculates error rate" class="Test\BackendTest\Laravel\Feature\Admin\SystemHealthTest" classname="Test.BackendTest.Laravel.Feature.Admin.SystemHealthTest" assertions="8" time="0.038253"/>
        <testcase name="It tracks api latency" file="System Health (Test\BackendTest\Laravel\Feature\Admin\SystemHealth)::It tracks api latency" class="Test\BackendTest\Laravel\Feature\Admin\SystemHealthTest" classname="Test.BackendTest.Laravel.Feature.Admin.SystemHealthTest" assertions="6" time="0.029744"/>
        <testcase name="It tracks storage usage" file="System Health (Test\BackendTest\Laravel\Feature\Admin\SystemHealth)::It tracks storage usage" class="Test\BackendTest\Laravel\Feature\Admin\SystemHealthTest" classname="Test.BackendTest.Laravel.Feature.Admin.SystemHealthTest" assertions="7" time="0.030166"/>
        <testcase name="It tracks queue length by type" file="System Health (Test\BackendTest\Laravel\Feature\Admin\SystemHealth)::It tracks queue length by type" class="Test\BackendTest\Laravel\Feature\Admin\SystemHealthTest" classname="Test.BackendTest.Laravel.Feature.Admin.SystemHealthTest" assertions="9" time="0.033435"/>
      </testsuite>
      <testsuite name="Test\BackendTest\Laravel\Feature\Admin\TokenBundleAdminTest" file="Token Bundle Admin (Test\BackendTest\Laravel\Feature\Admin\TokenBundleAdmin)" tests="6" assertions="28" errors="0" failures="0" skipped="0" time="0.163269">
        <testcase name="It creates token bundle as admin" file="Token Bundle Admin (Test\BackendTest\Laravel\Feature\Admin\TokenBundleAdmin)::It creates token bundle as admin" class="Test\BackendTest\Laravel\Feature\Admin\TokenBundleAdminTest" classname="Test.BackendTest.Laravel.Feature.Admin.TokenBundleAdminTest" assertions="13" time="0.037640"/>
        <testcase name="It rejects bundle creation for non admin" file="Token Bundle Admin (Test\BackendTest\Laravel\Feature\Admin\TokenBundleAdmin)::It rejects bundle creation for non admin" class="Test\BackendTest\Laravel\Feature\Admin\TokenBundleAdminTest" classname="Test.BackendTest.Laravel.Feature.Admin.TokenBundleAdminTest" assertions="1" time="0.025142"/>
        <testcase name="It updates token bundle" file="Token Bundle Admin (Test\BackendTest\Laravel\Feature\Admin\TokenBundleAdmin)::It updates token bundle" class="Test\BackendTest\Laravel\Feature\Admin\TokenBundleAdminTest" classname="Test.BackendTest.Laravel.Feature.Admin.TokenBundleAdminTest" assertions="5" time="0.026849"/>
        <testcase name="It deletes token bundle" file="Token Bundle Admin (Test\BackendTest\Laravel\Feature\Admin\TokenBundleAdmin)::It deletes token bundle" class="Test\BackendTest\Laravel\Feature\Admin\TokenBundleAdminTest" classname="Test.BackendTest.Laravel.Feature.Admin.TokenBundleAdminTest" assertions="3" time="0.024781"/>
        <testcase name="It activates token bundle" file="Token Bundle Admin (Test\BackendTest\Laravel\Feature\Admin\TokenBundleAdmin)::It activates token bundle" class="Test\BackendTest\Laravel\Feature\Admin\TokenBundleAdminTest" classname="Test.BackendTest.Laravel.Feature.Admin.TokenBundleAdminTest" assertions="3" time="0.024130"/>
        <testcase name="It deactivates token bundle" file="Token Bundle Admin (Test\BackendTest\Laravel\Feature\Admin\TokenBundleAdmin)::It deactivates token bundle" class="Test\BackendTest\Laravel\Feature\Admin\TokenBundleAdminTest" classname="Test.BackendTest.Laravel.Feature.Admin.TokenBundleAdminTest" assertions="3" time="0.024726"/>
      </testsuite>
      <testsuite name="Test\BackendTest\Laravel\Feature\Auth\LogoutTest" file="Logout (Test\BackendTest\Laravel\Feature\Auth\Logout)" tests="3" assertions="6" errors="0" failures="0" skipped="0" time="0.079369">
        <testcase name="It logs out authenticated user" file="Logout (Test\BackendTest\Laravel\Feature\Auth\Logout)::It logs out authenticated user" class="Test\BackendTest\Laravel\Feature\Auth\LogoutTest" classname="Test.BackendTest.Laravel.Feature.Auth.LogoutTest" assertions="4" time="0.036898"/>
        <testcase name="It rejects logout for unauthenticated user" file="Logout (Test\BackendTest\Laravel\Feature\Auth\Logout)::It rejects logout for unauthenticated user" class="Test\BackendTest\Laravel\Feature\Auth\LogoutTest" classname="Test.BackendTest.Laravel.Feature.Auth.LogoutTest" assertions="1" time="0.019800"/>
        <testcase name="It rejects logout with invalid token" file="Logout (Test\BackendTest\Laravel\Feature\Auth\Logout)::It rejects logout with invalid token" class="Test\BackendTest\Laravel\Feature\Auth\LogoutTest" classname="Test.BackendTest.Laravel.Feature.Auth.LogoutTest" assertions="1" time="0.022670"/>
      </testsuite>
      <testsuite name="Test\BackendTest\Laravel\Feature\Auth\OtpRequestTest" file="Otp Request (Test\BackendTest\Laravel\Feature\Auth\OtpRequest)" tests="12" assertions="76" errors="0" failures="0" skipped="0" time="0.341292">
        <testcase name="It can request otp with valid phone number" file="Otp Request (Test\BackendTest\Laravel\Feature\Auth\OtpRequest)::It can request otp with valid phone number" class="Test\BackendTest\Laravel\Feature\Auth\OtpRequestTest" classname="Test.BackendTest.Laravel.Feature.Auth.OtpRequestTest" assertions="18" time="0.057016"/>
        <testcase name="It rejects invalid phone format" file="Otp Request (Test\BackendTest\Laravel\Feature\Auth\OtpRequest)::It rejects invalid phone format" class="Test\BackendTest\Laravel\Feature\Auth\OtpRequestTest" classname="Test.BackendTest.Laravel.Feature.Auth.OtpRequestTest" assertions="4" time="0.022014"/>
        <testcase name="It enforces rate limiting on otp requests" file="Otp Request (Test\BackendTest\Laravel\Feature\Auth\OtpRequest)::It enforces rate limiting on otp requests" class="Test\BackendTest\Laravel\Feature\Auth\OtpRequestTest" classname="Test.BackendTest.Laravel.Feature.Auth.OtpRequestTest" assertions="7" time="0.030869"/>
        <testcase name="It prevents multiple active otps for same phone" file="Otp Request (Test\BackendTest\Laravel\Feature\Auth\OtpRequest)::It prevents multiple active otps for same phone" class="Test\BackendTest\Laravel\Feature\Auth\OtpRequestTest" classname="Test.BackendTest.Laravel.Feature.Auth.OtpRequestTest" assertions="8" time="0.023657"/>
        <testcase name="It allows new otp after previous one expires" file="Otp Request (Test\BackendTest\Laravel\Feature\Auth\OtpRequest)::It allows new otp after previous one expires" class="Test\BackendTest\Laravel\Feature\Auth\OtpRequestTest" classname="Test.BackendTest.Laravel.Feature.Auth.OtpRequestTest" assertions="5" time="0.027152"/>
        <testcase name="It handles melipayamak service failure gracefully" file="Otp Request (Test\BackendTest\Laravel\Feature\Auth\OtpRequest)::It handles melipayamak service failure gracefully" class="Test\BackendTest\Laravel\Feature\Auth\OtpRequestTest" classname="Test.BackendTest.Laravel.Feature.Auth.OtpRequestTest" assertions="3" time="0.022309"/>
        <testcase name="It normalizes phone number format" file="Otp Request (Test\BackendTest\Laravel\Feature\Auth\OtpRequest)::It normalizes phone number format" class="Test\BackendTest\Laravel\Feature\Auth\OtpRequestTest" classname="Test.BackendTest.Laravel.Feature.Auth.OtpRequestTest" assertions="10" time="0.037459"/>
        <testcase name="It sets otp expiration to 5 minutes" file="Otp Request (Test\BackendTest\Laravel\Feature\Auth\OtpRequest)::It sets otp expiration to 5 minutes" class="Test\BackendTest\Laravel\Feature\Auth\OtpRequestTest" classname="Test.BackendTest.Laravel.Feature.Auth.OtpRequestTest" assertions="3" time="0.024738"/>
        <testcase name="It generates unique request ids" file="Otp Request (Test\BackendTest\Laravel\Feature\Auth\OtpRequest)::It generates unique request ids" class="Test\BackendTest\Laravel\Feature\Auth\OtpRequestTest" classname="Test.BackendTest.Laravel.Feature.Auth.OtpRequestTest" assertions="9" time="0.029675"/>
        <testcase name="It requires phone parameter" file="Otp Request (Test\BackendTest\Laravel\Feature\Auth\OtpRequest)::It requires phone parameter" class="Test\BackendTest\Laravel\Feature\Auth\OtpRequestTest" classname="Test.BackendTest.Laravel.Feature.Auth.OtpRequestTest" assertions="3" time="0.021752"/>
        <testcase name="It validates phone minimum length" file="Otp Request (Test\BackendTest\Laravel\Feature\Auth\OtpRequest)::It validates phone minimum length" class="Test\BackendTest\Laravel\Feature\Auth\OtpRequestTest" classname="Test.BackendTest.Laravel.Feature.Auth.OtpRequestTest" assertions="3" time="0.023700"/>
        <testcase name="It validates phone maximum length" file="Otp Request (Test\BackendTest\Laravel\Feature\Auth\OtpRequest)::It validates phone maximum length" class="Test\BackendTest\Laravel\Feature\Auth\OtpRequestTest" classname="Test.BackendTest.Laravel.Feature.Auth.OtpRequestTest" assertions="3" time="0.020951"/>
      </testsuite>
      <testsuite name="Test\BackendTest\Laravel\Feature\Auth\OtpResendTest" file="Otp Resend (Test\BackendTest\Laravel\Feature\Auth\OtpResend)" tests="6" assertions="27" errors="0" failures="0" skipped="0" time="0.156113">
        <testcase name="It resends otp successfully" file="Otp Resend (Test\BackendTest\Laravel\Feature\Auth\OtpResend)::It resends otp successfully" class="Test\BackendTest\Laravel\Feature\Auth\OtpResendTest" classname="Test.BackendTest.Laravel.Feature.Auth.OtpResendTest" assertions="12" time="0.040245"/>
        <testcase name="It rejects resend for invalid request id" file="Otp Resend (Test\BackendTest\Laravel\Feature\Auth\OtpResend)::It rejects resend for invalid request id" class="Test\BackendTest\Laravel\Feature\Auth\OtpResendTest" classname="Test.BackendTest.Laravel.Feature.Auth.OtpResendTest" assertions="2" time="0.021587"/>
        <testcase name="It rejects resend for already verified otp" file="Otp Resend (Test\BackendTest\Laravel\Feature\Auth\OtpResend)::It rejects resend for already verified otp" class="Test\BackendTest\Laravel\Feature\Auth\OtpResendTest" classname="Test.BackendTest.Laravel.Feature.Auth.OtpResendTest" assertions="2" time="0.021172"/>
        <testcase name="It enforces resend rate limiting" file="Otp Resend (Test\BackendTest\Laravel\Feature\Auth\OtpResend)::It enforces resend rate limiting" class="Test\BackendTest\Laravel\Feature\Auth\OtpResendTest" classname="Test.BackendTest.Laravel.Feature.Auth.OtpResendTest" assertions="5" time="0.028024"/>
        <testcase name="It validates request id format" file="Otp Resend (Test\BackendTest\Laravel\Feature\Auth\OtpResend)::It validates request id format" class="Test\BackendTest\Laravel\Feature\Auth\OtpResendTest" classname="Test.BackendTest.Laravel.Feature.Auth.OtpResendTest" assertions="3" time="0.020991"/>
        <testcase name="It handles melipayamak failure on resend" file="Otp Resend (Test\BackendTest\Laravel\Feature\Auth\OtpResend)::It handles melipayamak failure on resend" class="Test\BackendTest\Laravel\Feature\Auth\OtpResendTest" classname="Test.BackendTest.Laravel.Feature.Auth.OtpResendTest" assertions="3" time="0.024095"/>
      </testsuite>
      <testsuite name="Test\BackendTest\Laravel\Feature\Auth\OtpVerifyTest" file="Otp Verify (Test\BackendTest\Laravel\Feature\Auth\OtpVerify)" tests="10" assertions="65" errors="0" failures="0" skipped="0" time="0.246355">
        <testcase name="It verifies valid otp code and creates user" file="Otp Verify (Test\BackendTest\Laravel\Feature\Auth\OtpVerify)::It verifies valid otp code and creates user" class="Test\BackendTest\Laravel\Feature\Auth\OtpVerifyTest" classname="Test.BackendTest.Laravel.Feature.Auth.OtpVerifyTest" assertions="22" time="0.030224"/>
        <testcase name="It verifies valid otp code and updates existing user" file="Otp Verify (Test\BackendTest\Laravel\Feature\Auth\OtpVerify)::It verifies valid otp code and updates existing user" class="Test\BackendTest\Laravel\Feature\Auth\OtpVerifyTest" classname="Test.BackendTest.Laravel.Feature.Auth.OtpVerifyTest" assertions="5" time="0.026626"/>
        <testcase name="It rejects invalid otp code" file="Otp Verify (Test\BackendTest\Laravel\Feature\Auth\OtpVerify)::It rejects invalid otp code" class="Test\BackendTest\Laravel\Feature\Auth\OtpVerifyTest" classname="Test.BackendTest.Laravel.Feature.Auth.OtpVerifyTest" assertions="5" time="0.023303"/>
        <testcase name="It enforces max attempts limit" file="Otp Verify (Test\BackendTest\Laravel\Feature\Auth\OtpVerify)::It enforces max attempts limit" class="Test\BackendTest\Laravel\Feature\Auth\OtpVerifyTest" classname="Test.BackendTest.Laravel.Feature.Auth.OtpVerifyTest" assertions="6" time="0.029415"/>
        <testcase name="It rejects expired otp" file="Otp Verify (Test\BackendTest\Laravel\Feature\Auth\OtpVerify)::It rejects expired otp" class="Test\BackendTest\Laravel\Feature\Auth\OtpVerifyTest" classname="Test.BackendTest.Laravel.Feature.Auth.OtpVerifyTest" assertions="2" time="0.021847"/>
        <testcase name="It rejects already verified otp" file="Otp Verify (Test\BackendTest\Laravel\Feature\Auth\OtpVerify)::It rejects already verified otp" class="Test\BackendTest\Laravel\Feature\Auth\OtpVerifyTest" classname="Test.BackendTest.Laravel.Feature.Auth.OtpVerifyTest" assertions="2" time="0.022180"/>
        <testcase name="It rejects invalid request id" file="Otp Verify (Test\BackendTest\Laravel\Feature\Auth\OtpVerify)::It rejects invalid request id" class="Test\BackendTest\Laravel\Feature\Auth\OtpVerifyTest" classname="Test.BackendTest.Laravel.Feature.Auth.OtpVerifyTest" assertions="2" time="0.022363"/>
        <testcase name="It validates request id format" file="Otp Verify (Test\BackendTest\Laravel\Feature\Auth\OtpVerify)::It validates request id format" class="Test\BackendTest\Laravel\Feature\Auth\OtpVerifyTest" classname="Test.BackendTest.Laravel.Feature.Auth.OtpVerifyTest" assertions="3" time="0.020344"/>
        <testcase name="It validates code format" file="Otp Verify (Test\BackendTest\Laravel\Feature\Auth\OtpVerify)::It validates code format" class="Test\BackendTest\Laravel\Feature\Auth\OtpVerifyTest" classname="Test.BackendTest.Laravel.Feature.Auth.OtpVerifyTest" assertions="12" time="0.027659"/>
        <testcase name="It requires both request id and code" file="Otp Verify (Test\BackendTest\Laravel\Feature\Auth\OtpVerify)::It requires both request id and code" class="Test\BackendTest\Laravel\Feature\Auth\OtpVerifyTest" classname="Test.BackendTest.Laravel.Feature.Auth.OtpVerifyTest" assertions="6" time="0.022395"/>
      </testsuite>
      <testsuite name="Test\BackendTest\Laravel\Feature\Currency\RateTest" file="Rate (Test\BackendTest\Laravel\Feature\Currency\Rate)" tests="4" assertions="17" errors="0" failures="0" skipped="0" time="0.096641">
        <testcase name="It returns current currency rate" file="Rate (Test\BackendTest\Laravel\Feature\Currency\Rate)::It returns current currency rate" class="Test\BackendTest\Laravel\Feature\Currency\RateTest" classname="Test.BackendTest.Laravel.Feature.Currency.RateTest" assertions="11" time="0.036286"/>
        <testcase name="It returns 503 when no rate available" file="Rate (Test\BackendTest\Laravel\Feature\Currency\Rate)::It returns 503 when no rate available" class="Test\BackendTest\Laravel\Feature\Currency\RateTest" classname="Test.BackendTest.Laravel.Feature.Currency.RateTest" assertions="2" time="0.019907"/>
        <testcase name="It uses cached rate from service" file="Rate (Test\BackendTest\Laravel\Feature\Currency\Rate)::It uses cached rate from service" class="Test\BackendTest\Laravel\Feature\Currency\RateTest" classname="Test.BackendTest.Laravel.Feature.Currency.RateTest" assertions="2" time="0.020238"/>
        <testcase name="It is public endpoint no auth required" file="Rate (Test\BackendTest\Laravel\Feature\Currency\Rate)::It is public endpoint no auth required" class="Test\BackendTest\Laravel\Feature\Currency\RateTest" classname="Test.BackendTest.Laravel.Feature.Currency.RateTest" assertions="2" time="0.020211"/>
      </testsuite>
      <testsuite name="Test\BackendTest\Laravel\Feature\Database\SqliteTransactionNestingTest" file="Sqlite Transaction Nesting (Test\BackendTest\Laravel\Feature\Database\SqliteTransactionNesting)" tests="7" assertions="15" errors="0" failures="0" skipped="0" time="0.133281">
        <testcase name="It handles single transaction" file="Sqlite Transaction Nesting (Test\BackendTest\Laravel\Feature\Database\SqliteTransactionNesting)::It handles single transaction" class="Test\BackendTest\Laravel\Feature\Database\SqliteTransactionNestingTest" classname="Test.BackendTest.Laravel.Feature.Database.SqliteTransactionNestingTest" assertions="1" time="0.021686"/>
        <testcase name="It prevents nested transactions in sqlite" file="Sqlite Transaction Nesting (Test\BackendTest\Laravel\Feature\Database\SqliteTransactionNesting)::It prevents nested transactions in sqlite" class="Test\BackendTest\Laravel\Feature\Database\SqliteTransactionNestingTest" classname="Test.BackendTest.Laravel.Feature.Database.SqliteTransactionNestingTest" assertions="2" time="0.018534"/>
        <testcase name="It tests transaction level tracking" file="Sqlite Transaction Nesting (Test\BackendTest\Laravel\Feature\Database\SqliteTransactionNesting)::It tests transaction level tracking" class="Test\BackendTest\Laravel\Feature\Database\SqliteTransactionNestingTest" classname="Test.BackendTest.Laravel.Feature.Database.SqliteTransactionNestingTest" assertions="4" time="0.017765"/>
        <testcase name="It tests transaction rollback in nested scenario" file="Sqlite Transaction Nesting (Test\BackendTest\Laravel\Feature\Database\SqliteTransactionNesting)::It tests transaction rollback in nested scenario" class="Test\BackendTest\Laravel\Feature\Database\SqliteTransactionNestingTest" classname="Test.BackendTest.Laravel.Feature.Database.SqliteTransactionNestingTest" assertions="2" time="0.019635"/>
        <testcase name="It tests transaction rollback propagates to outer" file="Sqlite Transaction Nesting (Test\BackendTest\Laravel\Feature\Database\SqliteTransactionNesting)::It tests transaction rollback propagates to outer" class="Test\BackendTest\Laravel\Feature\Database\SqliteTransactionNestingTest" classname="Test.BackendTest.Laravel.Feature.Database.SqliteTransactionNestingTest" assertions="2" time="0.018908"/>
        <testcase name="It tests begin transaction does not nest with laravel transaction" file="Sqlite Transaction Nesting (Test\BackendTest\Laravel\Feature\Database\SqliteTransactionNesting)::It tests begin transaction does not nest with laravel transaction" class="Test\BackendTest\Laravel\Feature\Database\SqliteTransactionNestingTest" classname="Test.BackendTest.Laravel.Feature.Database.SqliteTransactionNestingTest" assertions="1" time="0.018168"/>
        <testcase name="It tests pdo in transaction detection" file="Sqlite Transaction Nesting (Test\BackendTest\Laravel\Feature\Database\SqliteTransactionNesting)::It tests pdo in transaction detection" class="Test\BackendTest\Laravel\Feature\Database\SqliteTransactionNestingTest" classname="Test.BackendTest.Laravel.Feature.Database.SqliteTransactionNestingTest" assertions="3" time="0.018586"/>
      </testsuite>
      <testsuite name="Test\BackendTest\Laravel\Feature\Feed\FeedCacheTest" file="Feed Cache (Test\BackendTest\Laravel\Feature\Feed\FeedCache)" tests="3" assertions="21" errors="0" failures="0" skipped="0" time="0.137196">
        <testcase name="It caches feed posts" file="Feed Cache (Test\BackendTest\Laravel\Feature\Feed\FeedCache)::It caches feed posts" class="Test\BackendTest\Laravel\Feature\Feed\FeedCacheTest" classname="Test.BackendTest.Laravel.Feature.Feed.FeedCacheTest" assertions="6" time="0.041353"/>
        <testcase name="It invalidates cache when post is curated" file="Feed Cache (Test\BackendTest\Laravel\Feature\Feed\FeedCache)::It invalidates cache when post is curated" class="Test\BackendTest\Laravel\Feature\Feed\FeedCacheTest" classname="Test.BackendTest.Laravel.Feature.Feed.FeedCacheTest" assertions="8" time="0.036720"/>
        <testcase name="It caches different cursor pages separately" file="Feed Cache (Test\BackendTest\Laravel\Feature\Feed\FeedCache)::It caches different cursor pages separately" class="Test\BackendTest\Laravel\Feature\Feed\FeedCacheTest" classname="Test.BackendTest.Laravel.Feature.Feed.FeedCacheTest" assertions="7" time="0.059123"/>
      </testsuite>
      <testsuite name="Test\BackendTest\Laravel\Feature\Feed\FeedCopyTest" file="Feed Copy (Test\BackendTest\Laravel\Feature\Feed\FeedCopy)" tests="5" assertions="18" errors="0" failures="0" skipped="0" time="0.145176">
        <testcase name="It copies prompt from feed post" file="Feed Copy (Test\BackendTest\Laravel\Feature\Feed\FeedCopy)::It copies prompt from feed post" class="Test\BackendTest\Laravel\Feature\Feed\FeedCopyTest" classname="Test.BackendTest.Laravel.Feature.Feed.FeedCopyTest" assertions="7" time="0.037000"/>
        <testcase name="It rejects copying prompt when not visible" file="Feed Copy (Test\BackendTest\Laravel\Feature\Feed\FeedCopy)::It rejects copying prompt when not visible" class="Test\BackendTest\Laravel\Feature\Feed\FeedCopyTest" classname="Test.BackendTest.Laravel.Feature.Feed.FeedCopyTest" assertions="2" time="0.026950"/>
        <testcase name="It copies model from feed post" file="Feed Copy (Test\BackendTest\Laravel\Feature\Feed\FeedCopy)::It copies model from feed post" class="Test\BackendTest\Laravel\Feature\Feed\FeedCopyTest" classname="Test.BackendTest.Laravel.Feature.Feed.FeedCopyTest" assertions="6" time="0.027054"/>
        <testcase name="It rejects copying model when not visible" file="Feed Copy (Test\BackendTest\Laravel\Feature\Feed\FeedCopy)::It rejects copying model when not visible" class="Test\BackendTest\Laravel\Feature\Feed\FeedCopyTest" classname="Test.BackendTest.Laravel.Feature.Feed.FeedCopyTest" assertions="2" time="0.026636"/>
        <testcase name="It rejects copying from non curated post" file="Feed Copy (Test\BackendTest\Laravel\Feature\Feed\FeedCopy)::It rejects copying from non curated post" class="Test\BackendTest\Laravel\Feature\Feed\FeedCopyTest" classname="Test.BackendTest.Laravel.Feature.Feed.FeedCopyTest" assertions="1" time="0.027537"/>
      </testsuite>
      <testsuite name="Test\BackendTest\Laravel\Feature\Feed\FeedListTest" file="Feed List (Test\BackendTest\Laravel\Feature\Feed\FeedList)" tests="6" assertions="24" errors="0" failures="0" skipped="0" time="0.197863">
        <testcase name="It returns curated public feed" file="Feed List (Test\BackendTest\Laravel\Feature\Feed\FeedList)::It returns curated public feed" class="Test\BackendTest\Laravel\Feature\Feed\FeedListTest" classname="Test.BackendTest.Laravel.Feature.Feed.FeedListTest" assertions="14" time="0.034122"/>
        <testcase name="It decrements view limits when viewing feed" file="Feed List (Test\BackendTest\Laravel\Feature\Feed\FeedList)::It decrements view limits when viewing feed" class="Test\BackendTest\Laravel\Feature\Feed\FeedListTest" classname="Test.BackendTest.Laravel.Feature.Feed.FeedListTest" assertions="2" time="0.033761"/>
        <testcase name="It returns empty feed when view limit reached" file="Feed List (Test\BackendTest\Laravel\Feature\Feed\FeedList)::It returns empty feed when view limit reached" class="Test\BackendTest\Laravel\Feature\Feed\FeedListTest" classname="Test.BackendTest.Laravel.Feature.Feed.FeedListTest" assertions="2" time="0.024900"/>
        <testcase name="It excludes private posts from feed" file="Feed List (Test\BackendTest\Laravel\Feature\Feed\FeedList)::It excludes private posts from feed" class="Test\BackendTest\Laravel\Feature\Feed\FeedListTest" classname="Test.BackendTest.Laravel.Feature.Feed.FeedListTest" assertions="1" time="0.028104"/>
        <testcase name="It excludes non curated posts from feed" file="Feed List (Test\BackendTest\Laravel\Feature\Feed\FeedList)::It excludes non curated posts from feed" class="Test\BackendTest\Laravel\Feature\Feed\FeedListTest" classname="Test.BackendTest.Laravel.Feature.Feed.FeedListTest" assertions="1" time="0.027635"/>
        <testcase name="It supports cursor pagination" file="Feed List (Test\BackendTest\Laravel\Feature\Feed\FeedList)::It supports cursor pagination" class="Test\BackendTest\Laravel\Feature\Feed\FeedListTest" classname="Test.BackendTest.Laravel.Feature.Feed.FeedListTest" assertions="4" time="0.049341"/>
      </testsuite>
      <testsuite name="Test\BackendTest\Laravel\Feature\Feed\FeedVisibilityTest" file="Feed Visibility (Test\BackendTest\Laravel\Feature\Feed\FeedVisibility)" tests="5" assertions="15" errors="0" failures="0" skipped="0" time="0.220728">
        <testcase name="It respects prompt visibility in feed" file="Feed Visibility (Test\BackendTest\Laravel\Feature\Feed\FeedVisibility)::It respects prompt visibility in feed" class="Test\BackendTest\Laravel\Feature\Feed\FeedVisibilityTest" classname="Test.BackendTest.Laravel.Feature.Feed.FeedVisibilityTest" assertions="4" time="0.041401"/>
        <testcase name="It respects model visibility in feed" file="Feed Visibility (Test\BackendTest\Laravel\Feature\Feed\FeedVisibility)::It respects model visibility in feed" class="Test\BackendTest\Laravel\Feature\Feed\FeedVisibilityTest" classname="Test.BackendTest.Laravel.Feature.Feed.FeedVisibilityTest" assertions="3" time="0.029835"/>
        <testcase name="It excludes audio posts from feed" file="Feed Visibility (Test\BackendTest\Laravel\Feature\Feed\FeedVisibility)::It excludes audio posts from feed" class="Test\BackendTest\Laravel\Feature\Feed\FeedVisibilityTest" classname="Test.BackendTest.Laravel.Feature.Feed.FeedVisibilityTest" assertions="2" time="0.031113"/>
        <testcase name="It allows admin unlimited views" file="Feed Visibility (Test\BackendTest\Laravel\Feature\Feed\FeedVisibility)::It allows admin unlimited views" class="Test\BackendTest\Laravel\Feature\Feed\FeedVisibilityTest" classname="Test.BackendTest.Laravel.Feature.Feed.FeedVisibilityTest" assertions="4" time="0.057013"/>
        <testcase name="It resets daily view limits" file="Feed Visibility (Test\BackendTest\Laravel\Feature\Feed\FeedVisibility)::It resets daily view limits" class="Test\BackendTest\Laravel\Feature\Feed\FeedVisibilityTest" classname="Test.BackendTest.Laravel.Feature.Feed.FeedVisibilityTest" assertions="2" time="0.061366"/>
      </testsuite>
      <testsuite name="Test\BackendTest\Laravel\Feature\Gallery\GalleryPostManagementTest" file="Gallery Post Management (Test\BackendTest\Laravel\Feature\Gallery\GalleryPostManagement)" tests="8" assertions="28" errors="0" failures="0" skipped="0" time="0.255369">
        <testcase name="It returns gallery post details" file="Gallery Post Management (Test\BackendTest\Laravel\Feature\Gallery\GalleryPostManagement)::It returns gallery post details" class="Test\BackendTest\Laravel\Feature\Gallery\GalleryPostManagementTest" classname="Test.BackendTest.Laravel.Feature.Gallery.GalleryPostManagementTest" assertions="9" time="0.049758"/>
        <testcase name="It hides private posts from other users" file="Gallery Post Management (Test\BackendTest\Laravel\Feature\Gallery\GalleryPostManagement)::It hides private posts from other users" class="Test\BackendTest\Laravel\Feature\Gallery\GalleryPostManagementTest" classname="Test.BackendTest.Laravel.Feature.Gallery.GalleryPostManagementTest" assertions="1" time="0.035657"/>
        <testcase name="It allows owner to view private post" file="Gallery Post Management (Test\BackendTest\Laravel\Feature\Gallery\GalleryPostManagement)::It allows owner to view private post" class="Test\BackendTest\Laravel\Feature\Gallery\GalleryPostManagementTest" classname="Test.BackendTest.Laravel.Feature.Gallery.GalleryPostManagementTest" assertions="1" time="0.027502"/>
        <testcase name="It updates gallery post" file="Gallery Post Management (Test\BackendTest\Laravel\Feature\Gallery\GalleryPostManagement)::It updates gallery post" class="Test\BackendTest\Laravel\Feature\Gallery\GalleryPostManagementTest" classname="Test.BackendTest.Laravel.Feature.Gallery.GalleryPostManagementTest" assertions="5" time="0.028377"/>
        <testcase name="It rejects updating other user post" file="Gallery Post Management (Test\BackendTest\Laravel\Feature\Gallery\GalleryPostManagement)::It rejects updating other user post" class="Test\BackendTest\Laravel\Feature\Gallery\GalleryPostManagementTest" classname="Test.BackendTest.Laravel.Feature.Gallery.GalleryPostManagementTest" assertions="2" time="0.026768"/>
        <testcase name="It deletes gallery post" file="Gallery Post Management (Test\BackendTest\Laravel\Feature\Gallery\GalleryPostManagement)::It deletes gallery post" class="Test\BackendTest\Laravel\Feature\Gallery\GalleryPostManagementTest" classname="Test.BackendTest.Laravel.Feature.Gallery.GalleryPostManagementTest" assertions="3" time="0.024621"/>
        <testcase name="It rejects deleting other user post" file="Gallery Post Management (Test\BackendTest\Laravel\Feature\Gallery\GalleryPostManagement)::It rejects deleting other user post" class="Test\BackendTest\Laravel\Feature\Gallery\GalleryPostManagementTest" classname="Test.BackendTest.Laravel.Feature.Gallery.GalleryPostManagementTest" assertions="2" time="0.025515"/>
        <testcase name="It returns user own posts" file="Gallery Post Management (Test\BackendTest\Laravel\Feature\Gallery\GalleryPostManagement)::It returns user own posts" class="Test\BackendTest\Laravel\Feature\Gallery\GalleryPostManagementTest" classname="Test.BackendTest.Laravel.Feature.Gallery.GalleryPostManagementTest" assertions="5" time="0.037171"/>
      </testsuite>
      <testsuite name="Test\BackendTest\Laravel\Feature\Gallery\GalleryPostTest" file="Gallery Post (Test\BackendTest\Laravel\Feature\Gallery\GalleryPost)" tests="5" assertions="47" errors="0" failures="0" skipped="0" time="0.153704">
        <testcase name="It creates gallery post from completed job" file="Gallery Post (Test\BackendTest\Laravel\Feature\Gallery\GalleryPost)::It creates gallery post from completed job" class="Test\BackendTest\Laravel\Feature\Gallery\GalleryPostTest" classname="Test.BackendTest.Laravel.Feature.Gallery.GalleryPostTest" assertions="15" time="0.036625"/>
        <testcase name="It rejects post from incomplete job" file="Gallery Post (Test\BackendTest\Laravel\Feature\Gallery\GalleryPost)::It rejects post from incomplete job" class="Test\BackendTest\Laravel\Feature\Gallery\GalleryPostTest" classname="Test.BackendTest.Laravel.Feature.Gallery.GalleryPostTest" assertions="2" time="0.024873"/>
        <testcase name="It rejects post from other user job" file="Gallery Post (Test\BackendTest\Laravel\Feature\Gallery\GalleryPost)::It rejects post from other user job" class="Test\BackendTest\Laravel\Feature\Gallery\GalleryPostTest" classname="Test.BackendTest.Laravel.Feature.Gallery.GalleryPostTest" assertions="2" time="0.026330"/>
        <testcase name="It prevents duplicate posts for same job" file="Gallery Post (Test\BackendTest\Laravel\Feature\Gallery\GalleryPost)::It prevents duplicate posts for same job" class="Test\BackendTest\Laravel\Feature\Gallery\GalleryPostTest" classname="Test.BackendTest.Laravel.Feature.Gallery.GalleryPostTest" assertions="2" time="0.025253"/>
        <testcase name="It respects prompt and model visibility flags" file="Gallery Post (Test\BackendTest\Laravel\Feature\Gallery\GalleryPost)::It respects prompt and model visibility flags" class="Test\BackendTest\Laravel\Feature\Gallery\GalleryPostTest" classname="Test.BackendTest.Laravel.Feature.Gallery.GalleryPostTest" assertions="26" time="0.040624"/>
      </testsuite>
      <testsuite name="Test\BackendTest\Laravel\Feature\Generation\ImageGenerationTest" file="Image Generation (Test\BackendTest\Laravel\Feature\Generation\ImageGeneration)" tests="6" assertions="34" errors="0" failures="0" skipped="0" time="0.169576">
        <testcase name="It creates image generation job" file="Image Generation (Test\BackendTest\Laravel\Feature\Generation\ImageGeneration)::It creates image generation job" class="Test\BackendTest\Laravel\Feature\Generation\ImageGenerationTest" classname="Test.BackendTest.Laravel.Feature.Generation.ImageGenerationTest" assertions="15" time="0.036233"/>
        <testcase name="It rejects generation with insufficient tokens" file="Image Generation (Test\BackendTest\Laravel\Feature\Generation\ImageGeneration)::It rejects generation with insufficient tokens" class="Test\BackendTest\Laravel\Feature\Generation\ImageGenerationTest" classname="Test.BackendTest.Laravel.Feature.Generation.ImageGenerationTest" assertions="4" time="0.024906"/>
        <testcase name="It rejects unavailable model" file="Image Generation (Test\BackendTest\Laravel\Feature\Generation\ImageGeneration)::It rejects unavailable model" class="Test\BackendTest\Laravel\Feature\Generation\ImageGenerationTest" classname="Test.BackendTest.Laravel.Feature.Generation.ImageGenerationTest" assertions="2" time="0.024918"/>
        <testcase name="It rejects wrong model type" file="Image Generation (Test\BackendTest\Laravel\Feature\Generation\ImageGeneration)::It rejects wrong model type" class="Test\BackendTest\Laravel\Feature\Generation\ImageGenerationTest" classname="Test.BackendTest.Laravel.Feature.Generation.ImageGenerationTest" assertions="2" time="0.024460"/>
        <testcase name="It validates required prompt" file="Image Generation (Test\BackendTest\Laravel\Feature\Generation\ImageGeneration)::It validates required prompt" class="Test\BackendTest\Laravel\Feature\Generation\ImageGenerationTest" classname="Test.BackendTest.Laravel.Feature.Generation.ImageGenerationTest" assertions="3" time="0.023648"/>
        <testcase name="It stores generation parameters" file="Image Generation (Test\BackendTest\Laravel\Feature\Generation\ImageGeneration)::It stores generation parameters" class="Test\BackendTest\Laravel\Feature\Generation\ImageGenerationTest" classname="Test.BackendTest.Laravel.Feature.Generation.ImageGenerationTest" assertions="8" time="0.035411"/>
      </testsuite>
      <testsuite name="Test\BackendTest\Laravel\Feature\Generation\JobStatusTest" file="Job Status (Test\BackendTest\Laravel\Feature\Generation\JobStatus)" tests="15" assertions="116" errors="0" failures="0" skipped="0" time="0.464920">
        <testcase name="It returns user generation jobs" file="Job Status (Test\BackendTest\Laravel\Feature\Generation\JobStatus)::It returns user generation jobs" class="Test\BackendTest\Laravel\Feature\Generation\JobStatusTest" classname="Test.BackendTest.Laravel.Feature.Generation.JobStatusTest" assertions="25" time="0.031883"/>
        <testcase name="It filters jobs by type" file="Job Status (Test\BackendTest\Laravel\Feature\Generation\JobStatus)::It filters jobs by type" class="Test\BackendTest\Laravel\Feature\Generation\JobStatusTest" classname="Test.BackendTest.Laravel.Feature.Generation.JobStatusTest" assertions="2" time="0.024900"/>
        <testcase name="It filters jobs by status" file="Job Status (Test\BackendTest\Laravel\Feature\Generation\JobStatus)::It filters jobs by status" class="Test\BackendTest\Laravel\Feature\Generation\JobStatusTest" classname="Test.BackendTest.Laravel.Feature.Generation.JobStatusTest" assertions="2" time="0.025646"/>
        <testcase name="It returns single job details" file="Job Status (Test\BackendTest\Laravel\Feature\Generation\JobStatus)::It returns single job details" class="Test\BackendTest\Laravel\Feature\Generation\JobStatusTest" classname="Test.BackendTest.Laravel.Feature.Generation.JobStatusTest" assertions="16" time="0.039820"/>
        <testcase name="It rejects access to other user job" file="Job Status (Test\BackendTest\Laravel\Feature\Generation\JobStatus)::It rejects access to other user job" class="Test\BackendTest\Laravel\Feature\Generation\JobStatusTest" classname="Test.BackendTest.Laravel.Feature.Generation.JobStatusTest" assertions="1" time="0.043310"/>
        <testcase name="It cancels pending job and refunds tokens" file="Job Status (Test\BackendTest\Laravel\Feature\Generation\JobStatus)::It cancels pending job and refunds tokens" class="Test\BackendTest\Laravel\Feature\Generation\JobStatusTest" classname="Test.BackendTest.Laravel.Feature.Generation.JobStatusTest" assertions="4" time="0.036540"/>
        <testcase name="It rejects cancelling completed job" file="Job Status (Test\BackendTest\Laravel\Feature\Generation\JobStatus)::It rejects cancelling completed job" class="Test\BackendTest\Laravel\Feature\Generation\JobStatusTest" classname="Test.BackendTest.Laravel.Feature.Generation.JobStatusTest" assertions="2" time="0.031554"/>
        <testcase name="It retries failed job" file="Job Status (Test\BackendTest\Laravel\Feature\Generation\JobStatus)::It retries failed job" class="Test\BackendTest\Laravel\Feature\Generation\JobStatusTest" classname="Test.BackendTest.Laravel.Feature.Generation.JobStatusTest" assertions="6" time="0.026382"/>
        <testcase name="It rejects retrying non failed job" file="Job Status (Test\BackendTest\Laravel\Feature\Generation\JobStatus)::It rejects retrying non failed job" class="Test\BackendTest\Laravel\Feature\Generation\JobStatusTest" classname="Test.BackendTest.Laravel.Feature.Generation.JobStatusTest" assertions="2" time="0.023655"/>
        <testcase name="It shows status transitions" file="Job Status (Test\BackendTest\Laravel\Feature\Generation\JobStatus)::It shows status transitions" class="Test\BackendTest\Laravel\Feature\Generation\JobStatusTest" classname="Test.BackendTest.Laravel.Feature.Generation.JobStatusTest" assertions="14" time="0.033711"/>
        <testcase name="It tracks progress with timestamps" file="Job Status (Test\BackendTest\Laravel\Feature\Generation\JobStatus)::It tracks progress with timestamps" class="Test\BackendTest\Laravel\Feature\Generation\JobStatusTest" classname="Test.BackendTest.Laravel.Feature.Generation.JobStatusTest" assertions="12" time="0.024651"/>
        <testcase name="It includes result urls when available" file="Job Status (Test\BackendTest\Laravel\Feature\Generation\JobStatus)::It includes result urls when available" class="Test\BackendTest\Laravel\Feature\Generation\JobStatusTest" classname="Test.BackendTest.Laravel.Feature.Generation.JobStatusTest" assertions="5" time="0.032651"/>
        <testcase name="It includes error message when job failed" file="Job Status (Test\BackendTest\Laravel\Feature\Generation\JobStatus)::It includes error message when job failed" class="Test\BackendTest\Laravel\Feature\Generation\JobStatusTest" classname="Test.BackendTest.Laravel.Feature.Generation.JobStatusTest" assertions="5" time="0.025562"/>
        <testcase name="It paginates job listing" file="Job Status (Test\BackendTest\Laravel\Feature\Generation\JobStatus)::It paginates job listing" class="Test\BackendTest\Laravel\Feature\Generation\JobStatusTest" classname="Test.BackendTest.Laravel.Feature.Generation.JobStatusTest" assertions="14" time="0.037231"/>
        <testcase name="It handles cancelling processing job" file="Job Status (Test\BackendTest\Laravel\Feature\Generation\JobStatus)::It handles cancelling processing job" class="Test\BackendTest\Laravel\Feature\Generation\JobStatusTest" classname="Test.BackendTest.Laravel.Feature.Generation.JobStatusTest" assertions="6" time="0.027425"/>
      </testsuite>
      <testsuite name="Test\BackendTest\Laravel\Feature\Generation\QueueJobProcessingTest" file="Queue Job Processing (Test\BackendTest\Laravel\Feature\Generation\QueueJobProcessing)" tests="8" assertions="67" errors="0" failures="0" skipped="0" time="3.410455">
        <testcase name="It processes image generation job successfully" file="Queue Job Processing (Test\BackendTest\Laravel\Feature\Generation\QueueJobProcessing)::It processes image generation job successfully" class="Test\BackendTest\Laravel\Feature\Generation\QueueJobProcessingTest" classname="Test.BackendTest.Laravel.Feature.Generation.QueueJobProcessingTest" assertions="14" time="0.080818"/>
        <testcase name="It handles image generation failure and refunds tokens" file="Queue Job Processing (Test\BackendTest\Laravel\Feature\Generation\QueueJobProcessing)::It handles image generation failure and refunds tokens" class="Test\BackendTest\Laravel\Feature\Generation\QueueJobProcessingTest" classname="Test.BackendTest.Laravel.Feature.Generation.QueueJobProcessingTest" assertions="5" time="3.060503"/>
        <testcase name="It processes video generation job successfully" file="Queue Job Processing (Test\BackendTest\Laravel\Feature\Generation\QueueJobProcessing)::It processes video generation job successfully" class="Test\BackendTest\Laravel\Feature\Generation\QueueJobProcessingTest" classname="Test.BackendTest.Laravel.Feature.Generation.QueueJobProcessingTest" assertions="9" time="0.052046"/>
        <testcase name="It processes audio generation job successfully" file="Queue Job Processing (Test\BackendTest\Laravel\Feature\Generation\QueueJobProcessing)::It processes audio generation job successfully" class="Test\BackendTest\Laravel\Feature\Generation\QueueJobProcessingTest" classname="Test.BackendTest.Laravel.Feature.Generation.QueueJobProcessingTest" assertions="9" time="0.037383"/>
        <testcase name="It is idempotent and skips already completed jobs" file="Queue Job Processing (Test\BackendTest\Laravel\Feature\Generation\QueueJobProcessing)::It is idempotent and skips already completed jobs" class="Test\BackendTest\Laravel\Feature\Generation\QueueJobProcessingTest" classname="Test.BackendTest.Laravel.Feature.Generation.QueueJobProcessingTest" assertions="3" time="0.029709"/>
        <testcase name="It is idempotent and skips already failed jobs" file="Queue Job Processing (Test\BackendTest\Laravel\Feature\Generation\QueueJobProcessing)::It is idempotent and skips already failed jobs" class="Test\BackendTest\Laravel\Feature\Generation\QueueJobProcessingTest" classname="Test.BackendTest.Laravel.Feature.Generation.QueueJobProcessingTest" assertions="3" time="0.027492"/>
        <testcase name="It updates job status to processing when handling" file="Queue Job Processing (Test\BackendTest\Laravel\Feature\Generation\QueueJobProcessing)::It updates job status to processing when handling" class="Test\BackendTest\Laravel\Feature\Generation\QueueJobProcessingTest" classname="Test.BackendTest.Laravel.Feature.Generation.QueueJobProcessingTest" assertions="2" time="0.053949"/>
        <testcase name="It handles retries safely without duplicate operations" file="Queue Job Processing (Test\BackendTest\Laravel\Feature\Generation\QueueJobProcessing)::It handles retries safely without duplicate operations" class="Test\BackendTest\Laravel\Feature\Generation\QueueJobProcessingTest" classname="Test.BackendTest.Laravel.Feature.Generation.QueueJobProcessingTest" assertions="22" time="0.068555"/>
      </testsuite>
      <testsuite name="Test\BackendTest\Laravel\Feature\Generation\VideoAudioGenerationTest" file="Video Audio Generation (Test\BackendTest\Laravel\Feature\Generation\VideoAudioGeneration)" tests="6" assertions="35" errors="0" failures="0" skipped="0" time="0.184075">
        <testcase name="It creates video generation job" file="Video Audio Generation (Test\BackendTest\Laravel\Feature\Generation\VideoAudioGeneration)::It creates video generation job" class="Test\BackendTest\Laravel\Feature\Generation\VideoAudioGenerationTest" classname="Test.BackendTest.Laravel.Feature.Generation.VideoAudioGenerationTest" assertions="14" time="0.040149"/>
        <testcase name="It rejects video generation with wrong model type" file="Video Audio Generation (Test\BackendTest\Laravel\Feature\Generation\VideoAudioGeneration)::It rejects video generation with wrong model type" class="Test\BackendTest\Laravel\Feature\Generation\VideoAudioGenerationTest" classname="Test.BackendTest.Laravel.Feature.Generation.VideoAudioGenerationTest" assertions="2" time="0.034569"/>
        <testcase name="It creates audio generation job" file="Video Audio Generation (Test\BackendTest\Laravel\Feature\Generation\VideoAudioGeneration)::It creates audio generation job" class="Test\BackendTest\Laravel\Feature\Generation\VideoAudioGenerationTest" classname="Test.BackendTest.Laravel.Feature.Generation.VideoAudioGenerationTest" assertions="7" time="0.028801"/>
        <testcase name="It rejects audio generation with wrong model type" file="Video Audio Generation (Test\BackendTest\Laravel\Feature\Generation\VideoAudioGeneration)::It rejects audio generation with wrong model type" class="Test\BackendTest\Laravel\Feature\Generation\VideoAudioGenerationTest" classname="Test.BackendTest.Laravel.Feature.Generation.VideoAudioGenerationTest" assertions="2" time="0.025081"/>
        <testcase name="It stores video generation parameters" file="Video Audio Generation (Test\BackendTest\Laravel\Feature\Generation\VideoAudioGeneration)::It stores video generation parameters" class="Test\BackendTest\Laravel\Feature\Generation\VideoAudioGenerationTest" classname="Test.BackendTest.Laravel.Feature.Generation.VideoAudioGenerationTest" assertions="5" time="0.028039"/>
        <testcase name="It stores audio generation parameters" file="Video Audio Generation (Test\BackendTest\Laravel\Feature\Generation\VideoAudioGeneration)::It stores audio generation parameters" class="Test\BackendTest\Laravel\Feature\Generation\VideoAudioGenerationTest" classname="Test.BackendTest.Laravel.Feature.Generation.VideoAudioGenerationTest" assertions="5" time="0.027436"/>
      </testsuite>
      <testsuite name="Test\BackendTest\Laravel\Feature\Notifications\NotificationTest" file="Notification (Test\BackendTest\Laravel\Feature\Notifications\Notification)" tests="9" assertions="38" errors="0" failures="0" skipped="0" time="0.241923">
        <testcase name="It returns user notifications" file="Notification (Test\BackendTest\Laravel\Feature\Notifications\Notification)::It returns user notifications" class="Test\BackendTest\Laravel\Feature\Notifications\NotificationTest" classname="Test.BackendTest.Laravel.Feature.Notifications.NotificationTest" assertions="21" time="0.031478"/>
        <testcase name="It filters notifications by read status" file="Notification (Test\BackendTest\Laravel\Feature\Notifications\Notification)::It filters notifications by read status" class="Test\BackendTest\Laravel\Feature\Notifications\NotificationTest" classname="Test.BackendTest.Laravel.Feature.Notifications.NotificationTest" assertions="2" time="0.024956"/>
        <testcase name="It filters notifications by type" file="Notification (Test\BackendTest\Laravel\Feature\Notifications\Notification)::It filters notifications by type" class="Test\BackendTest\Laravel\Feature\Notifications\NotificationTest" classname="Test.BackendTest.Laravel.Feature.Notifications.NotificationTest" assertions="2" time="0.024763"/>
        <testcase name="It returns single notification" file="Notification (Test\BackendTest\Laravel\Feature\Notifications\Notification)::It returns single notification" class="Test\BackendTest\Laravel\Feature\Notifications\NotificationTest" classname="Test.BackendTest.Laravel.Feature.Notifications.NotificationTest" assertions="2" time="0.025323"/>
        <testcase name="It rejects access to other user notification" file="Notification (Test\BackendTest\Laravel\Feature\Notifications\Notification)::It rejects access to other user notification" class="Test\BackendTest\Laravel\Feature\Notifications\NotificationTest" classname="Test.BackendTest.Laravel.Feature.Notifications.NotificationTest" assertions="1" time="0.024209"/>
        <testcase name="It marks notification as read" file="Notification (Test\BackendTest\Laravel\Feature\Notifications\Notification)::It marks notification as read" class="Test\BackendTest\Laravel\Feature\Notifications\NotificationTest" classname="Test.BackendTest.Laravel.Feature.Notifications.NotificationTest" assertions="3" time="0.031081"/>
        <testcase name="It marks notification as unread" file="Notification (Test\BackendTest\Laravel\Feature\Notifications\Notification)::It marks notification as unread" class="Test\BackendTest\Laravel\Feature\Notifications\NotificationTest" classname="Test.BackendTest.Laravel.Feature.Notifications.NotificationTest" assertions="3" time="0.025309"/>
        <testcase name="It marks all notifications as read" file="Notification (Test\BackendTest\Laravel\Feature\Notifications\Notification)::It marks all notifications as read" class="Test\BackendTest\Laravel\Feature\Notifications\NotificationTest" classname="Test.BackendTest.Laravel.Feature.Notifications.NotificationTest" assertions="3" time="0.034122"/>
        <testcase name="It rejects notification access for unauthenticated user" file="Notification (Test\BackendTest\Laravel\Feature\Notifications\Notification)::It rejects notification access for unauthenticated user" class="Test\BackendTest\Laravel\Feature\Notifications\NotificationTest" classname="Test.BackendTest.Laravel.Feature.Notifications.NotificationTest" assertions="1" time="0.020683"/>
      </testsuite>
      <testsuite name="Test\BackendTest\Laravel\Feature\Observability\ErrorHandlingTest" file="Error Handling (Test\BackendTest\Laravel\Feature\Observability\ErrorHandling)" tests="6" assertions="24" errors="0" failures="0" skipped="0" time="0.159132">
        <testcase name="It returns proper status codes" file="Error Handling (Test\BackendTest\Laravel\Feature\Observability\ErrorHandling)::It returns proper status codes" class="Test\BackendTest\Laravel\Feature\Observability\ErrorHandlingTest" classname="Test.BackendTest.Laravel.Feature.Observability.ErrorHandlingTest" assertions="4" time="0.042771"/>
        <testcase name="It does not expose sensitive data in errors" file="Error Handling (Test\BackendTest\Laravel\Feature\Observability\ErrorHandling)::It does not expose sensitive data in errors" class="Test\BackendTest\Laravel\Feature\Observability\ErrorHandlingTest" classname="Test.BackendTest.Laravel.Feature.Observability.ErrorHandlingTest" assertions="5" time="0.022953"/>
        <testcase name="It returns validation error details" file="Error Handling (Test\BackendTest\Laravel\Feature\Observability\ErrorHandling)::It returns validation error details" class="Test\BackendTest\Laravel\Feature\Observability\ErrorHandlingTest" classname="Test.BackendTest.Laravel.Feature.Observability.ErrorHandlingTest" assertions="4" time="0.021945"/>
        <testcase name="It handles database errors gracefully" file="Error Handling (Test\BackendTest\Laravel\Feature\Observability\ErrorHandling)::It handles database errors gracefully" class="Test\BackendTest\Laravel\Feature\Observability\ErrorHandlingTest" classname="Test.BackendTest.Laravel.Feature.Observability.ErrorHandlingTest" assertions="1" time="0.025541"/>
        <testcase name="It logs errors without exposing them" file="Error Handling (Test\BackendTest\Laravel\Feature\Observability\ErrorHandling)::It logs errors without exposing them" class="Test\BackendTest\Laravel\Feature\Observability\ErrorHandlingTest" classname="Test.BackendTest.Laravel.Feature.Observability.ErrorHandlingTest" assertions="1" time="0.017789"/>
        <testcase name="It returns consistent error format" file="Error Handling (Test\BackendTest\Laravel\Feature\Observability\ErrorHandling)::It returns consistent error format" class="Test\BackendTest\Laravel\Feature\Observability\ErrorHandlingTest" classname="Test.BackendTest.Laravel.Feature.Observability.ErrorHandlingTest" assertions="9" time="0.028133"/>
      </testsuite>
      <testsuite name="Test\BackendTest\Laravel\Feature\Observability\RouteRegistrationTest" file="Route Registration (Test\BackendTest\Laravel\Feature\Observability\RouteRegistration)" tests="7" assertions="33" errors="0" failures="0" skipped="0" time="0.175752">
        <testcase name="It registers all public routes" file="Route Registration (Test\BackendTest\Laravel\Feature\Observability\RouteRegistration)::It registers all public routes" class="Test\BackendTest\Laravel\Feature\Observability\RouteRegistrationTest" classname="Test.BackendTest.Laravel.Feature.Observability.RouteRegistrationTest" assertions="5" time="0.023674"/>
        <testcase name="It registers all protected routes" file="Route Registration (Test\BackendTest\Laravel\Feature\Observability\RouteRegistration)::It registers all protected routes" class="Test\BackendTest\Laravel\Feature\Observability\RouteRegistrationTest" classname="Test.BackendTest.Laravel.Feature.Observability.RouteRegistrationTest" assertions="11" time="0.017642"/>
        <testcase name="It registers all admin routes" file="Route Registration (Test\BackendTest\Laravel\Feature\Observability\RouteRegistration)::It registers all admin routes" class="Test\BackendTest\Laravel\Feature\Observability\RouteRegistrationTest" classname="Test.BackendTest.Laravel.Feature.Observability.RouteRegistrationTest" assertions="6" time="0.017479"/>
        <testcase name="It returns 404 for non existent endpoints" file="Route Registration (Test\BackendTest\Laravel\Feature\Observability\RouteRegistration)::It returns 404 for non existent endpoints" class="Test\BackendTest\Laravel\Feature\Observability\RouteRegistrationTest" classname="Test.BackendTest.Laravel.Feature.Observability.RouteRegistrationTest" assertions="3" time="0.022300"/>
        <testcase name="It returns 401 for unauthenticated protected routes" file="Route Registration (Test\BackendTest\Laravel\Feature\Observability\RouteRegistration)::It returns 401 for unauthenticated protected routes" class="Test\BackendTest\Laravel\Feature\Observability\RouteRegistrationTest" classname="Test.BackendTest.Laravel.Feature.Observability.RouteRegistrationTest" assertions="3" time="0.024057"/>
        <testcase name="It returns 403 for non admin on admin routes" file="Route Registration (Test\BackendTest\Laravel\Feature\Observability\RouteRegistration)::It returns 403 for non admin on admin routes" class="Test\BackendTest\Laravel\Feature\Observability\RouteRegistrationTest" classname="Test.BackendTest.Laravel.Feature.Observability.RouteRegistrationTest" assertions="3" time="0.035738"/>
        <testcase name="It validates route parameters" file="Route Registration (Test\BackendTest\Laravel\Feature\Observability\RouteRegistration)::It validates route parameters" class="Test\BackendTest\Laravel\Feature\Observability\RouteRegistrationTest" classname="Test.BackendTest.Laravel.Feature.Observability.RouteRegistrationTest" assertions="2" time="0.034862"/>
      </testsuite>
      <testsuite name="Test\BackendTest\Laravel\Feature\Observability\SmokeTest" file="Smoke (Test\BackendTest\Laravel\Feature\Observability\Smoke)" tests="11" assertions="26" errors="0" failures="0" skipped="0" time="0.249819">
[...]
        <testcase name="It rejects deleting other user comment" file="Comment Delete (Test\BackendTest\Laravel\Feature\Social\CommentDelete)::It rejects deleting other user comment" class="Test\BackendTest\Laravel\Feature\Social\CommentDeleteTest" classname="Test.BackendTest.Laravel.Feature.Social.CommentDeleteTest" assertions="2" time="0.025097"/>
        <testcase name="It allows admin to delete any comment" file="Comment Delete (Test\BackendTest\Laravel\Feature\Social\CommentDelete)::It allows admin to delete any comment" class="Test\BackendTest\Laravel\Feature\Social\CommentDeleteTest" classname="Test.BackendTest.Laravel.Feature.Social.CommentDeleteTest" assertions="3" time="0.027044"/>
      </testsuite>
      <testsuite name="Test\BackendTest\Laravel\Feature\Social\CommentTest" file="Comment (Test\BackendTest\Laravel\Feature\Social\Comment)" tests="5" assertions="22" errors="0" failures="0" skipped="0" time="0.146496">
        <testcase name="It creates comment on post" file="Comment (Test\BackendTest\Laravel\Feature\Social\Comment)::It creates comment on post" class="Test\BackendTest\Laravel\Feature\Social\CommentTest" classname="Test.BackendTest.Laravel.Feature.Social.CommentTest" assertions="12" time="0.041404"/>
        <testcase name="It creates nested reply comment" file="Comment (Test\BackendTest\Laravel\Feature\Social\Comment)::It creates nested reply comment" class="Test\BackendTest\Laravel\Feature\Social\CommentTest" classname="Test.BackendTest.Laravel.Feature.Social.CommentTest" assertions="3" time="0.029896"/>
        <testcase name="It rejects reply to invalid parent comment" file="Comment (Test\BackendTest\Laravel\Feature\Social\Comment)::It rejects reply to invalid parent comment" class="Test\BackendTest\Laravel\Feature\Social\CommentTest" classname="Test.BackendTest.Laravel.Feature.Social.CommentTest" assertions="3" time="0.025524"/>
        <testcase name="It validates comment body" file="Comment (Test\BackendTest\Laravel\Feature\Social\Comment)::It validates comment body" class="Test\BackendTest\Laravel\Feature\Social\CommentTest" classname="Test.BackendTest.Laravel.Feature.Social.CommentTest" assertions="3" time="0.026229"/>
        <testcase name="It rejects comment for unauthenticated user" file="Comment (Test\BackendTest\Laravel\Feature\Social\Comment)::It rejects comment for unauthenticated user" class="Test\BackendTest\Laravel\Feature\Social\CommentTest" classname="Test.BackendTest.Laravel.Feature.Social.CommentTest" assertions="1" time="0.023444"/>
      </testsuite>
      <testsuite name="Test\BackendTest\Laravel\Feature\Social\LikeTest" file="Like (Test\BackendTest\Laravel\Feature\Social\Like)" tests="6" assertions="34" errors="0" failures="0" skipped="0" time="0.177441">
        <testcase name="It likes a post" file="Like (Test\BackendTest\Laravel\Feature\Social\Like)::It likes a post" class="Test\BackendTest\Laravel\Feature\Social\LikeTest" classname="Test.BackendTest.Laravel.Feature.Social.LikeTest" assertions="10" time="0.033543"/>
        <testcase name="It is idempotent prevents duplicate likes" file="Like (Test\BackendTest\Laravel\Feature\Social\Like)::It is idempotent prevents duplicate likes" class="Test\BackendTest\Laravel\Feature\Social\LikeTest" classname="Test.BackendTest.Laravel.Feature.Social.LikeTest" assertions="5" time="0.029705"/>
        <testcase name="It unlikes a post" file="Like (Test\BackendTest\Laravel\Feature\Social\Like)::It unlikes a post" class="Test\BackendTest\Laravel\Feature\Social\LikeTest" classname="Test.BackendTest.Laravel.Feature.Social.LikeTest" assertions="4" time="0.025898"/>
        <testcase name="It rejects like for unauthenticated user" file="Like (Test\BackendTest\Laravel\Feature\Social\Like)::It rejects like for unauthenticated user" class="Test\BackendTest\Laravel\Feature\Social\LikeTest" classname="Test.BackendTest.Laravel.Feature.Social.LikeTest" assertions="1" time="0.023943"/>
        <testcase name="It allows liking own post" file="Like (Test\BackendTest\Laravel\Feature\Social\Like)::It allows liking own post" class="Test\BackendTest\Laravel\Feature\Social\LikeTest" classname="Test.BackendTest.Laravel.Feature.Social.LikeTest" assertions="4" time="0.025351"/>
        <testcase name="It maintains accurate likes count" file="Like (Test\BackendTest\Laravel\Feature\Social\Like)::It maintains accurate likes count" class="Test\BackendTest\Laravel\Feature\Social\LikeTest" classname="Test.BackendTest.Laravel.Feature.Social.LikeTest" assertions="10" time="0.039001"/>
      </testsuite>
      <testsuite name="Test\BackendTest\Laravel\Feature\Tokens\TokenBundlesTest" file="Token Bundles (Test\BackendTest\Laravel\Feature\Tokens\TokenBundles)" tests="5" assertions="39" errors="0" failures="0" skipped="0" time="0.133704">
        <testcase name="It returns active token bundles with toman prices" file="Token Bundles (Test\BackendTest\Laravel\Feature\Tokens\TokenBundles)::It returns active token bundles with toman prices" class="Test\BackendTest\Laravel\Feature\Tokens\TokenBundlesTest" classname="Test.BackendTest.Laravel.Feature.Tokens.TokenBundlesTest" assertions="31" time="0.044690"/>
        <testcase name="It returns bundles ordered by display order" file="Token Bundles (Test\BackendTest\Laravel\Feature\Tokens\TokenBundles)::It returns bundles ordered by display order" class="Test\BackendTest\Laravel\Feature\Tokens\TokenBundlesTest" classname="Test.BackendTest.Laravel.Feature.Tokens.TokenBundlesTest" assertions="3" time="0.023272"/>
        <testcase name="It uses cached currency rate" file="Token Bundles (Test\BackendTest\Laravel\Feature\Tokens\TokenBundles)::It uses cached currency rate" class="Test\BackendTest\Laravel\Feature\Tokens\TokenBundlesTest" classname="Test.BackendTest.Laravel.Feature.Tokens.TokenBundlesTest" assertions="1" time="0.021279"/>
        <testcase name="It falls back to database rate if cache missing" file="Token Bundles (Test\BackendTest\Laravel\Feature\Tokens\TokenBundles)::It falls back to database rate if cache missing" class="Test\BackendTest\Laravel\Feature\Tokens\TokenBundlesTest" classname="Test.BackendTest.Laravel.Feature.Tokens.TokenBundlesTest" assertions="2" time="0.022887"/>
        <testcase name="It is public endpoint no auth required" file="Token Bundles (Test\BackendTest\Laravel\Feature\Tokens\TokenBundles)::It is public endpoint no auth required" class="Test\BackendTest\Laravel\Feature\Tokens\TokenBundlesTest" classname="Test.BackendTest.Laravel.Feature.Tokens.TokenBundlesTest" assertions="2" time="0.021576"/>
      </testsuite>
      <testsuite name="Test\BackendTest\Laravel\Feature\Tokens\TransactionTypesTest" file="Transaction Types (Test\BackendTest\Laravel\Feature\Tokens\TransactionTypes)" tests="6" assertions="39" errors="0" failures="0" skipped="0" time="0.130319">
        <testcase name="It creates purchase transaction correctly" file="Transaction Types (Test\BackendTest\Laravel\Feature\Tokens\TransactionTypes)::It creates purchase transaction correctly" class="Test\BackendTest\Laravel\Feature\Tokens\TransactionTypesTest" classname="Test.BackendTest.Laravel.Feature.Tokens.TransactionTypesTest" assertions="7" time="0.025815"/>
        <testcase name="It creates consume transaction correctly" file="Transaction Types (Test\BackendTest\Laravel\Feature\Tokens\TransactionTypes)::It creates consume transaction correctly" class="Test\BackendTest\Laravel\Feature\Tokens\TransactionTypesTest" classname="Test.BackendTest.Laravel.Feature.Tokens.TransactionTypesTest" assertions="7" time="0.020135"/>
        <testcase name="It creates refund transaction correctly" file="Transaction Types (Test\BackendTest\Laravel\Feature\Tokens\TransactionTypes)::It creates refund transaction correctly" class="Test\BackendTest\Laravel\Feature\Tokens\TransactionTypesTest" classname="Test.BackendTest.Laravel.Feature.Tokens.TransactionTypesTest" assertions="7" time="0.020975"/>
        <testcase name="It creates bonus transaction correctly" file="Transaction Types (Test\BackendTest\Laravel\Feature\Tokens\TransactionTypes)::It creates bonus transaction correctly" class="Test\BackendTest\Laravel\Feature\Tokens\TransactionTypesTest" classname="Test.BackendTest.Laravel.Feature.Tokens.TransactionTypesTest" assertions="7" time="0.020265"/>
        <testcase name="It creates adjustment transaction correctly" file="Transaction Types (Test\BackendTest\Laravel\Feature\Tokens\TransactionTypes)::It creates adjustment transaction correctly" class="Test\BackendTest\Laravel\Feature\Tokens\TransactionTypesTest" classname="Test.BackendTest.Laravel.Feature.Tokens.TransactionTypesTest" assertions="9" time="0.020244"/>
        <testcase name="It reconciles balance across all transaction types" file="Transaction Types (Test\BackendTest\Laravel\Feature\Tokens\TransactionTypes)::It reconciles balance across all transaction types" class="Test\BackendTest\Laravel\Feature\Tokens\TransactionTypesTest" classname="Test.BackendTest.Laravel.Feature.Tokens.TransactionTypesTest" assertions="2" time="0.022885"/>
      </testsuite>
      <testsuite name="Test\BackendTest\Laravel\Feature\Transactions\BalanceTest" file="Balance (Test\BackendTest\Laravel\Feature\Transactions\Balance)" tests="4" assertions="15" errors="0" failures="0" skipped="0" time="0.095370">
        <testcase name="It returns user token balance" file="Balance (Test\BackendTest\Laravel\Feature\Transactions\Balance)::It returns user token balance" class="Test\BackendTest\Laravel\Feature\Transactions\BalanceTest" classname="Test.BackendTest.Laravel.Feature.Transactions.BalanceTest" assertions="8" time="0.030030"/>
        <testcase name="It detects balance mismatch" file="Balance (Test\BackendTest\Laravel\Feature\Transactions\Balance)::It detects balance mismatch" class="Test\BackendTest\Laravel\Feature\Transactions\BalanceTest" classname="Test.BackendTest.Laravel.Feature.Transactions.BalanceTest" assertions="4" time="0.022753"/>
        <testcase name="It handles user with no transactions" file="Balance (Test\BackendTest\Laravel\Feature\Transactions\Balance)::It handles user with no transactions" class="Test\BackendTest\Laravel\Feature\Transactions\BalanceTest" classname="Test.BackendTest.Laravel.Feature.Transactions.BalanceTest" assertions="2" time="0.022311"/>
        <testcase name="It rejects balance access for unauthenticated user" file="Balance (Test\BackendTest\Laravel\Feature\Transactions\Balance)::It rejects balance access for unauthenticated user" class="Test\BackendTest\Laravel\Feature\Transactions\BalanceTest" classname="Test.BackendTest.Laravel.Feature.Transactions.BalanceTest" assertions="1" time="0.020276"/>
      </testsuite>
      <testsuite name="Test\BackendTest\Laravel\Feature\Transactions\HistoryTest" file="History (Test\BackendTest\Laravel\Feature\Transactions\History)" tests="7" assertions="40" errors="0" failures="0" skipped="0" time="0.189635">
        <testcase name="It returns user transaction history" file="History (Test\BackendTest\Laravel\Feature\Transactions\History)::It returns user transaction history" class="Test\BackendTest\Laravel\Feature\Transactions\HistoryTest" classname="Test.BackendTest.Laravel.Feature.Transactions.HistoryTest" assertions="26" time="0.038400"/>
        <testcase name="It filters transactions by type" file="History (Test\BackendTest\Laravel\Feature\Transactions\History)::It filters transactions by type" class="Test\BackendTest\Laravel\Feature\Transactions\HistoryTest" classname="Test.BackendTest.Laravel.Feature.Transactions.HistoryTest" assertions="2" time="0.025179"/>
        <testcase name="It filters transactions by date range" file="History (Test\BackendTest\Laravel\Feature\Transactions\History)::It filters transactions by date range" class="Test\BackendTest\Laravel\Feature\Transactions\HistoryTest" classname="Test.BackendTest.Laravel.Feature.Transactions.HistoryTest" assertions="2" time="0.024379"/>
        <testcase name="It paginates transaction history" file="History (Test\BackendTest\Laravel\Feature\Transactions\History)::It paginates transaction history" class="Test\BackendTest\Laravel\Feature\Transactions\HistoryTest" classname="Test.BackendTest.Laravel.Feature.Transactions.HistoryTest" assertions="4" time="0.032121"/>
        <testcase name="It orders transactions by created at desc" file="History (Test\BackendTest\Laravel\Feature\Transactions\History)::It orders transactions by created at desc" class="Test\BackendTest\Laravel\Feature\Transactions\HistoryTest" classname="Test.BackendTest.Laravel.Feature.Transactions.HistoryTest" assertions="3" time="0.025189"/>
        <testcase name="It rejects history access for unauthenticated user" file="History (Test\BackendTest\Laravel\Feature\Transactions\History)::It rejects history access for unauthenticated user" class="Test\BackendTest\Laravel\Feature\Transactions\HistoryTest" classname="Test.BackendTest.Laravel.Feature.Transactions.HistoryTest" assertions="1" time="0.019200"/>
        <testcase name="It only returns current user transactions" file="History (Test\BackendTest\Laravel\Feature\Transactions\History)::It only returns current user transactions" class="Test\BackendTest\Laravel\Feature\Transactions\HistoryTest" classname="Test.BackendTest.Laravel.Feature.Transactions.HistoryTest" assertions="2" time="0.025166"/>
      </testsuite>
      <testsuite name="Test\BackendTest\Laravel\Feature\User\AvatarTest" file="Avatar (Test\BackendTest\Laravel\Feature\User\Avatar)" tests="5" assertions="21" errors="0" failures="0" skipped="0" time="0.155773">
        <testcase name="It uploads avatar successfully" file="Avatar (Test\BackendTest\Laravel\Feature\User\Avatar)::It uploads avatar successfully" class="Test\BackendTest\Laravel\Feature\User\AvatarTest" classname="Test.BackendTest.Laravel.Feature.User.AvatarTest" assertions="12" time="0.035359"/>
        <testcase name="It deletes old avatar on new upload" file="Avatar (Test\BackendTest\Laravel\Feature\User\Avatar)::It deletes old avatar on new upload" class="Test\BackendTest\Laravel\Feature\User\AvatarTest" classname="Test.BackendTest.Laravel.Feature.User.AvatarTest" assertions="1" time="0.033182"/>
        <testcase name="It rejects invalid file type" file="Avatar (Test\BackendTest\Laravel\Feature\User\Avatar)::It rejects invalid file type" class="Test\BackendTest\Laravel\Feature\User\AvatarTest" classname="Test.BackendTest.Laravel.Feature.User.AvatarTest" assertions="3" time="0.030448"/>
        <testcase name="It rejects avatar upload for unauthenticated user" file="Avatar (Test\BackendTest\Laravel\Feature\User\Avatar)::It rejects avatar upload for unauthenticated user" class="Test\BackendTest\Laravel\Feature\User\AvatarTest" classname="Test.BackendTest.Laravel.Feature.User.AvatarTest" assertions="1" time="0.023778"/>
        <testcase name="It handles storage failure gracefully" file="Avatar (Test\BackendTest\Laravel\Feature\User\Avatar)::It handles storage failure gracefully" class="Test\BackendTest\Laravel\Feature\User\AvatarTest" classname="Test.BackendTest.Laravel.Feature.User.AvatarTest" assertions="4" time="0.033005"/>
      </testsuite>
      <testsuite name="Test\BackendTest\Laravel\Feature\User\ProfileTest" file="Profile (Test\BackendTest\Laravel\Feature\User\Profile)" tests="6" assertions="32" errors="0" failures="0" skipped="0" time="0.154808">
        <testcase name="It returns authenticated user profile" file="Profile (Test\BackendTest\Laravel\Feature\User\Profile)::It returns authenticated user profile" class="Test\BackendTest\Laravel\Feature\User\ProfileTest" classname="Test.BackendTest.Laravel.Feature.User.ProfileTest" assertions="17" time="0.038802"/>
        <testcase name="It rejects profile access for unauthenticated user" file="Profile (Test\BackendTest\Laravel\Feature\User\Profile)::It rejects profile access for unauthenticated user" class="Test\BackendTest\Laravel\Feature\User\ProfileTest" classname="Test.BackendTest.Laravel.Feature.User.ProfileTest" assertions="1" time="0.019427"/>
        <testcase name="It updates user profile" file="Profile (Test\BackendTest\Laravel\Feature\User\Profile)::It updates user profile" class="Test\BackendTest\Laravel\Feature\User\ProfileTest" classname="Test.BackendTest.Laravel.Feature.User.ProfileTest" assertions="5" time="0.025164"/>
        <testcase name="It resets email verification when email changes" file="Profile (Test\BackendTest\Laravel\Feature\User\Profile)::It resets email verification when email changes" class="Test\BackendTest\Laravel\Feature\User\ProfileTest" classname="Test.BackendTest.Laravel.Feature.User.ProfileTest" assertions="3" time="0.023628"/>
        <testcase name="It validates email format" file="Profile (Test\BackendTest\Laravel\Feature\User\Profile)::It validates email format" class="Test\BackendTest\Laravel\Feature\User\ProfileTest" classname="Test.BackendTest.Laravel.Feature.User.ProfileTest" assertions="3" time="0.024662"/>
        <testcase name="It rejects updating forbidden fields" file="Profile (Test\BackendTest\Laravel\Feature\User\Profile)::It rejects updating forbidden fields" class="Test\BackendTest\Laravel\Feature\User\ProfileTest" classname="Test.BackendTest.Laravel.Feature.User.ProfileTest" assertions="3" time="0.023124"/>
      </testsuite>
      <testsuite name="Test\BackendTest\Laravel\Unit\Services\TgjuScraperServiceTest" file="Tgju Scraper Service (Test\BackendTest\Laravel\Unit\Services\TgjuScraperService)" tests="6" assertions="14" errors="0" failures="0" skipped="0" time="0.119854">
        <testcase name="It fetches and stores usd rate from tgju" file="Tgju Scraper Service (Test\BackendTest\Laravel\Unit\Services\TgjuScraperService)::It fetches and stores usd rate from tgju" class="Test\BackendTest\Laravel\Unit\Services\TgjuScraperServiceTest" classname="Test.BackendTest.Laravel.Unit.Services.TgjuScraperServiceTest" assertions="7" time="0.025562"/>
        <testcase name="It caches rate after fetching" file="Tgju Scraper Service (Test\BackendTest\Laravel\Unit\Services\TgjuScraperService)::It caches rate after fetching" class="Test\BackendTest\Laravel\Unit\Services\TgjuScraperServiceTest" classname="Test.BackendTest.Laravel.Unit.Services.TgjuScraperServiceTest" assertions="1" time="0.018781"/>
        <testcase name="It handles http failure gracefully" file="Tgju Scraper Service (Test\BackendTest\Laravel\Unit\Services\TgjuScraperService)::It handles http failure gracefully" class="Test\BackendTest\Laravel\Unit\Services\TgjuScraperServiceTest" classname="Test.BackendTest.Laravel.Unit.Services.TgjuScraperServiceTest" assertions="2" time="0.019301"/>
        <testcase name="It handles html parsing failure gracefully" file="Tgju Scraper Service (Test\BackendTest\Laravel\Unit\Services\TgjuScraperService)::It handles html parsing failure gracefully" class="Test\BackendTest\Laravel\Unit\Services\TgjuScraperServiceTest" classname="Test.BackendTest.Laravel.Unit.Services.TgjuScraperServiceTest" assertions="1" time="0.018892"/>
        <testcase name="It validates rate is reasonable" file="Tgju Scraper Service (Test\BackendTest\Laravel\Unit\Services\TgjuScraperService)::It validates rate is reasonable" class="Test\BackendTest\Laravel\Unit\Services\TgjuScraperServiceTest" classname="Test.BackendTest.Laravel.Unit.Services.TgjuScraperServiceTest" assertions="1" time="0.018205"/>
        <testcase name="It converts rials to toman correctly" file="Tgju Scraper Service (Test\BackendTest\Laravel\Unit\Services\TgjuScraperService)::It converts rials to toman correctly" class="Test\BackendTest\Laravel\Unit\Services\TgjuScraperServiceTest" classname="Test.BackendTest.Laravel.Unit.Services.TgjuScraperServiceTest" assertions="2" time="0.019112"/>
      </testsuite>
    </testsuite>
  </testsuite>
</testsuites>
